################################################################################
# Statistics for individual neurons gathered during RMSE calculation.
################################################################################
# Col  Name    Description
################################################################################
# 1    element Element index.
# 2    neuron  Neuron number.
# 3    count   Number of neuron value computations.
# 4    min     Minimum neuron value encounterd.
# 5    max     Maximum neuron value encounterd.
# 6    mean    Mean neuron value.
# 7    sigma   Standard deviation of neuron value.
####################################################################################################
#        1          2          3                4                5                6                7
#  element     neuron      count              min              max             mean            sigma
####################################################################################################
         1          1      19806  -5.21996304E-01   4.78003696E-01   5.90700758E-16   1.25906831E-01
         1          2      19806  -5.22949991E-01   4.77050009E-01  -1.54828353E-15   1.25846730E-01
         1          3      19806  -5.14432994E-01   4.85567006E-01  -1.78803868E-15   1.26340594E-01
         1          4      19806  -5.23779654E-01   4.76220346E-01   6.18761272E-15   1.25706706E-01
         1          5      19806  -5.00693512E-01   4.99306488E-01   8.40699933E-16   1.27090134E-01
         1          6      19806  -5.25669333E-01   4.74330667E-01   2.10987779E-15   1.25461376E-01
         1          7      19806  -4.83358286E-01   5.16641714E-01  -5.86018493E-15   1.28697397E-01
         1          8      19806  -5.28614269E-01   4.71385731E-01   1.44809944E-15   1.25239266E-01
         1          9      19806  -4.65315160E-01   5.34684840E-01  -7.92627265E-16   1.31600714E-01
         1         10      19806  -5.32724131E-01   4.67275869E-01   4.81615712E-15   1.25158178E-01
         1         11      19806  -4.88712621E-01   5.11287379E-01   2.14489808E-15   1.27608834E-01
         1         12      19806  -5.88380588E-01   4.11619412E-01  -1.06601814E-15   1.26582653E-01
         1         13      19806  -4.62116096E-01   5.37883904E-01   1.73867955E-15   1.30672692E-01
         1         14      19806  -6.30371280E-01   3.69628720E-01  -7.28298681E-16   1.29083033E-01
         1         15      19806  -4.33378611E-01   5.66621389E-01   8.27305619E-16   1.35991869E-01
         1         16      19806  -6.24499946E-01   3.75500054E-01   6.09197188E-15   1.34311698E-01
         1         17      19806  -4.23741505E-01   5.76258495E-01  -1.28737608E-15   1.41161296E-01
         1         18      19806  -5.69780427E-01   4.30219573E-01  -3.63011426E-16   1.40145972E-01
         1         19      19806  -2.25618273E-01   7.74381727E-01  -6.70724710E-16   1.14055583E-01
         1         20      19806  -3.62373084E-01   6.37626916E-01   2.42445920E-15   1.32266952E-01
         1         21      19806  -1.94727755E-01   8.05272245E-01  -1.19698197E-16   1.07869308E-01
         1         22      19806  -3.74336308E-01   6.25663692E-01   1.41737576E-15   1.34220536E-01
         1         23      19806  -2.14146371E-01   7.85853629E-01   3.26198783E-16   1.11420936E-01
         1         24      19806  -3.61344198E-01   6.38655802E-01   1.27226368E-16   1.33152132E-01
         1         25      19806  -1.83272012E-01   8.16727988E-01  -4.36778252E-16   1.04658815E-01
         1         26      19806  -3.73749534E-01   6.26250466E-01   1.33665953E-15   1.35092553E-01
         1         27      19806  -2.58041586E-01   7.41958414E-01  -4.10673492E-15   1.21977250E-01
         1         28      19806  -2.58041586E-01   7.41958414E-01  -4.10673492E-15   1.21977250E-01
         1         29      19806  -3.31238467E-01   6.68761533E-01   2.12430071E-15   1.28174482E-01
         1         30      19806  -3.31238467E-01   6.68761533E-01   2.12430071E-15   1.28174482E-01
         1         31      19806  -2.21366799E-01   7.78633201E-01   1.48910919E-15   1.12301908E-01
         1         32      19806  -3.46095305E-01   6.53904695E-01  -4.14932262E-16   1.32408648E-01
         1         33      19806  -1.90912532E-01   8.09087468E-01   6.78039872E-17   1.05819366E-01
         1         34      19806  -3.59824099E-01   6.40175901E-01  -1.21101531E-15   1.35886117E-01
         1         35      19806  -2.22885348E-01   7.77114652E-01  -1.24005174E-15   1.12426146E-01
         1         36      19806  -3.25090399E-01   6.74909601E-01   2.56054925E-15   1.33201784E-01
         1         37      19806  -1.79766741E-01   8.20233259E-01  -9.36971393E-17   1.02258801E-01
         1         38      19806  -3.44323494E-01   6.55676506E-01   2.99454998E-16   1.40318118E-01
         1         39      19806  -1.53923098E-01   8.46076902E-01   3.84790851E-16   8.93380576E-02
         1         40      19806  -2.91171461E-01   7.08828539E-01  -7.48849102E-16   1.29473179E-01
         1         41      19806  -9.52116575E-02   9.04788342E-01  -4.36749524E-16   7.35233977E-02
         1         42      19806  -2.95773334E-01   7.04226666E-01  -1.93802963E-15   1.29744348E-01
         1         43      19806  -2.43283248E-01   5.58958648E-01   4.63620133E-16   1.07469142E-01
         1         44      19806  -3.59823284E-01   2.98106109E-01  -1.29490425E-15   8.68959923E-02
         1         45      19806  -3.73044337E-01   3.68382585E-01   1.59378889E-15   1.04404754E-01
         1         46      19806  -8.77163611E-01   5.34159290E-01  -2.47223057E-15   1.96064349E-01
         1         47      19806  -3.05455712E-01   5.56432282E-01  -4.75010485E-15   1.02860450E-01
         1         48      19806  -5.51103830E-01   8.44048630E-01  -4.92251005E-15   1.77403671E-01
         1         49      19806  -6.92704439E-01   3.91977371E-01  -6.54878274E-15   1.44754622E-01
         1         50      19806  -2.11861983E-01   1.55896459E-01   3.07180762E-16   4.61667992E-02
         1         51      19806  -1.60828005E-01   3.66895742E-01   9.84710535E-16   5.96358440E-02
         1         52      19806  -4.82402433E-01   6.54057660E-01  -2.69977837E-15   1.22896803E-01
         1         53      19806  -1.85955910E-01   5.18806125E-01  -1.09745232E-15   8.44805683E-02
         1         54      19806  -2.02937403E-01   1.98552653E-01  -6.46709396E-16   6.14971621E-02
         1         55      19806  -2.74764880E-01   5.63085192E-01  -3.44959932E-15   1.05999828E-01
         1         56      19806  -3.46028617E-01   7.52195458E-01   1.85543066E-16   1.32918795E-01
         1         57      19806  -2.85086153E-01   2.65592622E-01   4.03679525E-15   7.20003444E-02
         1         58      19806  -7.77047248E-01   7.91574347E-01   1.75224203E-15   1.96764786E-01
         1         59      19806  -1.23492231E+00   6.89549963E-01   6.99340728E-17   2.59053026E-01
         1         60      19806  -4.49736330E-01   6.98842876E-01   2.47250384E-15   1.52728971E-01
         1         61      19806  -2.64004128E-01   6.22067982E-01  -1.85293061E-15   1.10636279E-01
         1         62      19806  -3.97633874E-01   5.39567721E-01   1.84322471E-15   1.15152491E-01
         1         63      19806  -3.95302312E-01   2.73105283E-01  -1.37854234E-15   8.45976441E-02
         1         64      19806  -2.37265014E-01   2.48115041E-01  -1.38661126E-16   6.74519240E-02
         1         65      19806  -8.58207829E-01   1.58520237E-01   2.29716066E-15   8.49949107E-02
         1         66      19806  -3.99011807E-01   3.45399768E-01   7.73284126E-16   1.00183698E-01
         1         67      19806  -4.99452085E-01   4.04221089E-01  -2.07753412E-16   1.19078412E-01
         1         68      19806  -1.38706366E+00   7.77465058E-01  -2.86916922E-15   2.76996304E-01
         1         69      19806  -1.04053941E+00   4.83598332E-01  -2.52361889E-16   2.01611296E-01
         1         70      19806  -3.76721443E-01   3.62399786E-01   2.81455705E-15   8.75490456E-02
         1         71      19806  -3.45353755E-01   2.34577186E-01   1.73757176E-15   7.73455375E-02
         1         72      19806  -9.29565826E-01   9.18559731E-01   1.46824557E-16   2.19942263E-01
         1         73      19806  -5.03079637E-01   4.95948402E-01   1.36832774E-16   1.16629283E-01
         1         74      19806  -2.25235621E-01   2.53460532E-01   2.42232911E-15   6.50216886E-02
         1         75      19806  -2.23102556E-01   1.04537937E-01   3.47546987E-15   3.30657001E-02
         1         76      19806  -3.89293263E-01   1.56909509E-01   1.22061086E-15   3.95185515E-02
         1         77      19806  -9.01481046E-01   8.10171146E-01   2.60381100E-15   2.23125098E-01
         1         78      19806  -2.29876732E-01   5.36976299E-01  -6.62271914E-15   7.68818305E-02
         1         79      19806  -1.14993435E+00   7.85422057E-01  -5.04366147E-15   2.50215404E-01
         1         80      19806  -1.41847753E-01   1.80278701E-01  -3.44063649E-16   3.68965350E-02
         1         81      19806  -1.38203616E+00   7.00100860E-01   2.04254467E-15   2.75627693E-01
         1         82      19806  -7.01932008E-01   4.67798634E-01  -1.56084683E-15   1.67294789E-01
         1         83      19806  -7.23278361E-01   1.66703968E-01   1.59831602E-15   7.78712960E-02
         1         84      19806  -6.17892042E-01   9.68166874E-01  -9.22621343E-16   2.08325268E-01
         1         85      19806  -1.70960983E-01   7.95660557E-02  -1.73611959E-15   2.88112038E-02
         1         86      19806  -2.62369880E-01   2.77378692E-01  -4.29317207E-15   5.76077896E-02
         1         87      19806  -3.29814216E-01   4.00814853E-01   3.30705876E-15   9.02921957E-02
         1         88      19806  -3.50671138E-01   1.67304247E-01  -2.43734622E-15   6.34309046E-02
         1         89      19806  -3.86768596E-01   1.34532075E-01   5.72745117E-15   4.91305492E-02
         1         90      19806  -2.38351226E-01   1.33791733E-01  -3.03073130E-15   4.24145159E-02
         1         91      19806  -6.84494685E-01   1.31442423E+00  -1.76793179E-15   2.62309752E-01
         1         92      19806  -5.30747730E-01   8.78121102E-01  -6.80102692E-16   1.81565035E-01
         1         93      19806  -2.22296397E-01   3.48625357E-01  -1.22527157E-05   6.72442480E-02
         1         94      19806  -3.61416923E-01   6.82833362E-01  -1.93906487E-03   1.39445862E-01
         1         95      19806  -1.28577043E-01   2.84277013E-01  -1.38749710E-03   5.28273681E-02
         1         96      19806  -4.23745869E-01   6.63872392E-01   8.39451420E-05   1.36785313E-01
         1         97      19806  -9.19148510E-01   5.39107774E-01   1.21195862E-04   2.14616797E-01
         1         98      19806  -4.42502835E-01   5.70598911E-01   4.72352159E-05   1.24557233E-01
         1         99      19806  -1.10399255E+00   7.42262173E-01  -1.27940717E-05   2.59595022E-01
         1        100      19806  -5.11980535E-01   3.87040528E-01   1.74650753E-03   1.36565554E-01
         1        101      19806  -1.47838198E-01   1.69565370E-01   7.63502711E-04   4.81487118E-02
         1        102      19806  -2.32184958E-01   2.24297014E-01  -1.07026555E-03   6.16729476E-02
         1        103      19806  -3.17894441E-01   4.24227179E-01  -7.73121413E-04   9.75492133E-02
         1        104      19806  -3.09343243E-01   4.08621806E-01   8.83536207E-04   1.09591848E-01
         1        105      19806  -9.36702508E-02   2.42931054E-01   2.23210922E-04   3.75884700E-02
         1        106      19806  -4.55328983E-01   6.41515807E-01   8.38923801E-04   1.51008742E-01
         1        107      19806  -2.47200176E-01   9.57333288E-01  -9.55457878E-05   1.28341869E-01
         1        108      19806  -2.22856595E-01   2.37409337E-01  -1.45644452E-04   5.01044760E-02
         1        109      19806  -2.09043069E-01   2.51289207E-01  -8.32038837E-05   6.36610566E-02
         1        110      19806  -1.85642669E-01   1.97345669E-01   5.11158206E-04   5.08836592E-02
         1        111      19806  -1.48750397E-01   1.74119850E-01   3.31970883E-04   3.38956718E-02
         1        112      19806  -2.20733404E-01   1.66988007E-01   2.27379805E-04   4.91389081E-02
         1        113      19806  -1.61123860E-01   2.86820393E-01  -5.57809921E-04   5.25809249E-02
         1        114      19806  -7.06998038E-01   3.03033120E-01   2.53832274E-05   1.32300130E-01
         1        115      19806  -3.49695256E-01   4.84243760E-01  -1.38510461E-03   9.80933923E-02
         1        116      19806  -1.00198125E+00   1.14719858E+00  -5.89271244E-07   3.18506126E-01
         1        117      19806  -2.25845848E-01   3.49835519E-01  -7.99360939E-04   9.47237290E-02
         1        118      19806  -2.41098925E-01   4.21776323E-01  -1.59286866E-03   9.48222606E-02
         1        119      19806  -5.60541243E-01   1.20220532E+00  -7.83860330E-04   2.33849369E-01
         1        120      19806  -2.81557949E-01   6.64285674E-01  -1.48086767E-03   1.34764726E-01
         1        121      19806  -4.58451769E-01   5.19176223E-01  -6.81282745E-04   1.27556659E-01
         1        122      19806  -4.86006060E-01   1.85952537E-01  -6.07818552E-05   7.70761121E-02
         1        123      19806  -4.27629807E-01   5.10582790E-01  -4.42542214E-04   1.43852562E-01
         1        124      19806  -2.89660817E-01   5.68398719E-01   8.37730554E-04   9.08039203E-02
         1        125      19806  -3.30187632E-01   2.89532277E-01  -6.56976124E-04   9.48573439E-02
         1        126      19806  -8.62180240E-01   7.69254731E-01  -3.64835689E-04   2.40107392E-01
         1        127      19806  -2.14470572E-01   2.00966829E-01  -3.06664622E-04   5.65169305E-02
         1        128      19806  -2.38516559E-01   3.96798197E-01   1.31427730E-03   7.70947940E-02
         1        129      19806  -2.90492911E-01   2.33415621E-01   9.71212601E-04   8.76327057E-02
         1        130      19806  -2.64321209E-01   1.92896486E-01   3.54529160E-04   6.16079859E-02
         1        131      19806  -2.10130046E-01   2.15027906E-01  -4.91272929E-04   5.12394327E-02
         1        132      19806  -5.44474386E-01   3.89254252E-01   3.89200256E-05   1.40620650E-01
         1        133      19806  -3.50300216E-01   3.55317730E-01  -5.22123658E-04   9.45808202E-02
         1        134      19806  -6.86864651E-01   7.86894502E-01  -9.49454160E-04   2.12497559E-01
         1        135      19806  -2.78877332E-01   5.25882041E-01  -1.30908979E-03   1.23717159E-01
         1        136      19806  -5.58397388E-01   3.75342261E-01   8.54585378E-04   1.31997978E-01
         1        137      19806  -4.95461361E-01   3.48253826E-01   2.52053594E-04   1.25217414E-01
         1        138      19806  -5.25218351E-01   1.33770971E-01   4.34150609E-04   7.02079030E-02
         1        139      19806  -3.41568128E-01   4.72613707E-01  -8.59068945E-04   9.98591877E-02
         1        140      19806  -3.09156735E-01   2.02822199E-01   1.97533934E-04   5.59437403E-02
         1        141      19806  -2.46319170E-01   3.90320304E-01  -1.38965506E-03   8.35513068E-02
         1        142      19806  -5.57580830E-01   2.83954952E-01   3.09564873E-04   9.35794642E-02
         1        143      19806  -1.20085253E+00   8.61200381E-01   3.59000870E-04   3.54380601E-01
         2          1       9903  -4.59724743E-01   5.40275257E-01  -1.12942519E-14   1.66402621E-01
         2          2       9903  -4.59643422E-01   5.40356578E-01  -9.64390639E-16   1.66400456E-01
         2          3       9903  -4.59780512E-01   5.40219488E-01  -5.88447352E-16   1.66126504E-01
         2          4       9903  -4.58915229E-01   5.41084771E-01  -2.40183965E-15   1.65950347E-01
         2          5       9903  -4.62652968E-01   5.37347032E-01   3.81531399E-15   1.65719803E-01
         2          6       9903  -4.57307260E-01   5.42692740E-01   7.41708130E-15   1.65047833E-01
         2          7       9903  -4.70475176E-01   5.29524824E-01  -5.63900918E-15   1.66103792E-01
         2          8       9903  -4.58003452E-01   5.41996548E-01   2.60076162E-15   1.63018900E-01
         2          9       9903  -4.76743696E-01   5.23256304E-01  -1.72876064E-15   1.68505539E-01
         2         10       9903  -4.61588983E-01   5.38411017E-01   2.76479502E-16   1.60035358E-01
         2         11       9903  -4.58086952E-01   5.41913048E-01  -5.82967426E-15   1.60575677E-01
         2         12       9903  -5.09566015E-01   4.90433985E-01  -1.42901836E-15   1.54946522E-01
         2         13       9903  -4.60087322E-01   5.39912678E-01   1.90751966E-16   1.58421795E-01
         2         14       9903  -5.17931590E-01   4.82068410E-01  -3.74384402E-15   1.54175150E-01
         2         15       9903  -4.60353349E-01   5.39646651E-01   1.10733900E-15   1.61379183E-01
         2         16       9903  -5.63650680E-01   4.36349320E-01   1.76937240E-15   1.58111192E-01
         2         17       9903  -4.46771109E-01   5.53228891E-01   1.16425993E-15   1.81751748E-01
         2         18       9903  -5.98390349E-01   4.01609651E-01  -2.86428123E-15   1.44516858E-01
         2         19       9903  -4.87507659E-01   5.12492341E-01  -2.39331931E-16   1.91939554E-01
         2         20       9903  -3.62655896E-01   6.37344104E-01  -1.02145434E-15   1.59966550E-01
         2         21       9903  -5.94529075E-01   4.05470925E-01   3.52341379E-15   2.28137984E-01
         2         22       9903  -3.68511256E-01   6.31488744E-01  -3.41978933E-16   1.60866474E-01
         2         23       9903  -4.86575064E-01   5.13424936E-01   1.63596178E-15   1.91855381E-01
         2         24       9903  -3.56972773E-01   6.43027227E-01  -2.39972673E-15   1.60444388E-01
         2         25       9903  -5.98086053E-01   4.01913947E-01   4.25174610E-15   2.30604820E-01
         2         26       9903  -3.65826983E-01   6.34173017E-01  -1.12886478E-15   1.62885485E-01
         2         27       9903  -3.64742642E-01   6.35257358E-01  -1.68145032E-15   1.88616427E-01
         2         28       9903  -3.64742642E-01   6.35257358E-01  -1.68145032E-15   1.88616427E-01
         2         29       9903  -3.27450649E-01   6.72549351E-01  -1.05862310E-15   1.72099687E-01
         2         30       9903  -3.27450649E-01   6.72549351E-01  -1.05862310E-15   1.72099687E-01
         2         31       9903  -4.05148017E-01   5.94851983E-01   1.87570291E-15   1.89988389E-01
         2         32       9903  -3.42507199E-01   6.57492801E-01   1.64414273E-16   1.65648771E-01
         2         33       9903  -4.80241421E-01   5.19758579E-01  -1.83108883E-16   1.90177520E-01
         2         34       9903  -3.45163464E-01   6.54836536E-01   3.18981016E-16   1.61970883E-01
         2         35       9903  -3.58729949E-01   6.41270051E-01   2.56826660E-16   1.93821499E-01
         2         36       9903  -3.14000485E-01   6.85999515E-01   8.97813904E-16   1.78791030E-01
         2         37       9903  -3.87822120E-01   6.12177880E-01   9.50477817E-16   1.86946603E-01
         2         38       9903  -3.24501319E-01   6.75498681E-01   6.13624052E-17   1.71067418E-01
         2         39       9903  -3.16665881E-01   6.83334119E-01   4.11731528E-16   1.86205583E-01
         2         40       9903  -2.79305579E-01   7.20694421E-01  -1.40914971E-17   2.00129275E-01
         2         41       9903  -3.58829184E-01   6.41170816E-01  -5.11052374E-17   1.74614406E-01
         2         42       9903  -2.62407501E-01   7.37592499E-01   8.09097329E-16   1.76772683E-01
         2         43       9903  -3.09208391E-01   6.44303325E-01  -4.67313589E-15   1.77830503E-01
         2         44       9903  -5.50034701E-01   5.88682335E-01  -8.81283669E-16   1.86531408E-01
         2         45       9903  -8.09467689E-01   5.02172728E-01   2.35152479E-15   2.11425560E-01
         2         46       9903  -3.75100291E-01   3.37460403E-01  -2.57060970E-15   1.20331832E-01
         2         47       9903  -4.45212060E-01   4.82786647E-01   1.49041527E-15   1.45960880E-01
         2         48       9903  -3.97259479E-01   2.79336097E-01  -3.93457636E-15   1.08789335E-01
         2         49       9903  -2.17467720E-01   3.43354589E-01  -3.00946338E-15   8.98811236E-02
         2         50       9903  -5.85496728E-01   4.96432436E-01   2.26771153E-15   1.94456912E-01
         2         51       9903  -7.74425597E-01   5.49582570E-01   1.00935787E-15   2.19050164E-01
         2         52       9903  -3.99303703E-01   4.72367407E-01  -7.80379273E-16   1.56461179E-01
         2         53       9903  -5.00595368E-01   3.88523860E-01   2.95362711E-15   1.40177004E-01
         2         54       9903  -1.69574625E-01   1.09489634E-01  -3.49201605E-15   3.71125642E-02
         2         55       9903  -4.47862945E-01   3.54533607E-01   1.65521383E-15   1.40036187E-01
         2         56       9903  -2.79442330E-01   2.36469289E-01  -4.58922225E-15   8.05695111E-02
         2         57       9903  -2.34925963E-01   2.92997670E-01   1.20840315E-15   8.31655677E-02
         2         58       9903  -4.58370580E-01   6.43072924E-01  -2.93093049E-15   1.99545785E-01
         2         59       9903  -2.41853131E-01   2.13679481E-01   2.64721991E-15   7.43636645E-02
         2         60       9903  -1.83929805E-01   1.45307956E-01  -2.04721404E-15   5.08180104E-02
         2         61       9903  -1.30890940E+00   9.37703868E-01   2.85711742E-16   3.58764822E-01
         2         62       9903  -4.49592069E-01   3.07334908E-01   7.13556807E-15   1.47510079E-01
         2         63       9903  -5.80700695E-01   9.93495103E-01  -2.11746762E-15   2.75513476E-01
         2         64       9903  -4.41587009E-01   4.29506575E-01  -1.75960274E-15   1.15726291E-01
         2         65       9903  -3.66500979E-01   5.23824029E-01   2.15110616E-16   1.80699920E-01
         2         66       9903  -9.27698319E-01   8.02165132E-01  -7.59266762E-15   2.79600522E-01
         2         67       9903  -1.43540496E-01   1.00261263E-01   2.61122566E-15   5.73178036E-02
         2         68       9903  -3.46641521E-01   3.30792853E-01  -3.17850249E-15   1.20339930E-01
         2         69       9903  -3.95993834E-01   6.41712914E-01  -2.18366844E-15   1.59986321E-01
         2         70       9903  -3.53580447E-01   3.86845224E-01   4.64362439E-15   9.56482511E-02
         2         71       9903  -3.44835885E-01   2.84004990E-01  -2.71017515E-15   9.01591975E-02
         2         72       9903  -4.58667117E-01   5.87879541E-01  -2.27128783E-16   1.68858877E-01
         2         73       9903  -2.60738515E-01   1.53120326E-01  -1.96000105E-15   8.76796520E-02
         2         74       9903  -6.82999856E-01   8.06506953E-01   1.72613166E-15   2.50561989E-01
         2         75       9903  -9.07807182E-01   6.24342723E-01  -3.44328334E-16   2.35825730E-01
         2         76       9903  -6.01132743E-01   8.20315558E-01  -2.73158251E-15   2.30442663E-01
         2         77       9903  -2.81919942E-01   1.51375369E-01  -4.30074858E-15   8.09583231E-02
         2         78       9903  -1.19143765E+00   7.76763920E-01  -2.53919654E-15   3.29493511E-01
         2         79       9903  -5.63751082E-01   4.41789290E-01   9.20272643E-16   1.65937321E-01
         2         80       9903  -2.81677441E-01   4.36390931E-01  -2.09483827E-15   1.38644854E-01
         2         81       9903  -1.10321452E+00   6.72060582E-01   2.12975485E-15   2.75449365E-01
         2         82       9903  -4.45201882E-01   3.93972558E-01   1.37882121E-15   1.38974115E-01
         2         83       9903  -2.45125095E-01   1.50752242E-01  -4.43992585E-15   7.32442613E-02
         2         84       9903  -5.53433588E-01   7.52006993E-01  -7.38778141E-16   2.03837160E-01
         2         85       9903  -7.17142840E-01   5.05373543E-01   2.30033547E-15   1.78354880E-01
         2         86       9903  -4.83805743E-01   3.73400142E-01  -1.57856718E-15   1.49400714E-01
         2         87       9903  -5.30162165E-01   4.22093328E-01  -2.79413976E-16   1.20547274E-01
         2         88       9903  -3.17781412E-01   3.34804657E-01  -3.46262227E-15   1.11904435E-01
         2         89       9903  -4.58352754E-01   6.11210492E-01  -1.53685114E-15   1.85285344E-01
         2         90       9903  -3.19022157E-01   2.62373498E-01   1.08325782E-15   8.26974601E-02
         2         91       9903  -6.76964834E-01   8.88868761E-01  -1.79625632E-15   2.89357591E-01
         2         92       9903  -3.42066541E-01   3.55760489E-01   3.95248590E-16   1.07101594E-01
         2         93       9903  -4.81036646E-01   6.02393561E-01  -3.47782387E-03   2.45286681E-01
         2         94       9903  -8.50791931E-01   6.50159326E-01   1.09725008E-03   2.46435562E-01
         2         95       9903  -2.71416471E-01   2.64520493E-01  -8.40861233E-04   7.75303230E-02
         2         96       9903  -8.20997021E-01   5.91070173E-01   4.32418588E-03   2.44289455E-01
         2         97       9903  -1.83693034E-01   3.00564554E-01   2.01639962E-04   1.08283734E-01
         2         98       9903  -6.61671179E-01   7.27068635E-01  -2.57227156E-03   2.36805180E-01
         2         99       9903  -6.49583574E-01   4.83240198E-01   2.53035163E-04   2.27599783E-01
         2        100       9903  -2.31903820E-01   4.43535812E-01   1.15748869E-03   1.17127297E-01
         2        101       9903  -1.65186196E-01   2.02751355E-01   6.46674609E-04   5.36317247E-02
         2        102       9903  -2.96222701E-01   3.28487258E-01  -1.73358498E-03   9.14871311E-02
         2        103       9903  -3.21160374E-01   4.27465403E-01  -2.28052667E-03   1.30459506E-01
         2        104       9903  -9.32605987E-01   7.27986304E-01   1.43920521E-03   2.75789131E-01
         2        105       9903  -3.29870377E-01   3.04880414E-01  -1.20463963E-03   9.75515885E-02
         2        106       9903  -2.38301457E-01   3.83692423E-01  -2.68648904E-03   9.75713050E-02
         2        107       9903  -2.66949038E-01   2.29802967E-01   1.03586422E-03   9.41005200E-02
         2        108       9903  -4.54110724E-01   2.40336262E-01   1.40034132E-03   1.55092571E-01
         2        109       9903  -2.60011514E-01   2.12391390E-01   2.89268048E-05   7.08413291E-02
         2        110       9903  -5.36258190E-01   3.80138963E-01   1.95446699E-03   1.51621802E-01
         2        111       9903  -1.88569751E-01   1.93956910E-01  -7.90344061E-04   5.47869905E-02
         2        112       9903  -3.20642948E-01   3.14986146E-01  -1.20053594E-03   1.12555274E-01
         2        113       9903  -1.74586681E-01   2.70663664E-01  -9.62442375E-04   7.28514537E-02
         2        114       9903  -2.10289039E-01   2.05577941E-01  -1.97403514E-03   6.67595349E-02
         2        115       9903  -7.53757767E-01   6.09830773E-01   2.18889911E-03   2.39296557E-01
         2        116       9903  -2.63569685E-01   3.63786019E-01   3.90730741E-04   1.13812401E-01
         2        117       9903  -4.19421958E-01   3.29436847E-01   5.72331100E-04   1.49561649E-01
         2        118       9903  -6.61222148E-01   5.58602843E-01  -1.01276443E-04   2.08425061E-01
         2        119       9903  -4.75751735E-01   5.81685334E-01  -8.04589244E-04   1.53918555E-01
         2        120       9903  -7.83229900E-01   5.94746523E-01   2.77331477E-03   2.46032690E-01
         2        121       9903  -5.16369560E-01   4.36681975E-01   2.91708245E-03   1.48188481E-01
         2        122       9903  -3.11793522E-01   1.87795432E-01   8.20232132E-04   1.26253558E-01
         2        123       9903  -4.13420692E-01   5.67422415E-01  -8.67985378E-05   1.56688165E-01
         2        124       9903  -4.14285063E-01   6.15362172E-01  -2.04899095E-03   1.91978345E-01
         2        125       9903  -2.16594918E-01   2.77499024E-01  -9.94455433E-04   8.95382413E-02
         2        126       9903  -8.85860249E-01   7.18580812E-01   2.06779068E-03   2.74613762E-01
         2        127       9903  -2.66397978E-01   4.02325272E-01  -1.73408053E-03   1.20919911E-01
         2        128       9903  -4.43492380E-01   4.76346299E-01   1.74702240E-03   1.64547659E-01
         2        129       9903  -2.89193681E-01   1.97337798E-01   3.37768463E-03   1.04852070E-01
         2        130       9903  -5.30442778E-01   4.16812606E-01   3.00473630E-03   1.60719259E-01
         2        131       9903  -4.73252887E-01   5.40786431E-01   8.66428374E-05   1.86272290E-01
         2        132       9903  -2.38983373E-01   1.27933639E-01   2.96493884E-03   6.26537025E-02
         2        133       9903  -1.77690361E-01   2.22662539E-01  -5.00235636E-05   7.05075876E-02
         2        134       9903  -2.55275911E-01   3.64391515E-01  -1.44343039E-03   1.17928393E-01
         2        135       9903  -4.75572072E-01   4.43098893E-01  -1.45289168E-03   1.71385792E-01
         2        136       9903  -5.66406781E-01   3.88435203E-01   2.71658764E-03   1.90009903E-01
         2        137       9903  -8.24111227E-02   1.50003272E-01   4.65611595E-04   5.21917545E-02
         2        138       9903  -1.70367725E-01   1.41181077E-01  -8.01221050E-04   5.20301004E-02
         2        139       9903  -5.08256117E-01   3.33790430E-01   2.81186239E-03   1.59595837E-01
         2        140       9903  -7.11830734E-01   5.52757928E-01   2.78602764E-03   2.25899251E-01
         2        141       9903  -5.10686750E-01   3.06552600E-01  -9.35961416E-04   1.32401028E-01
         2        142       9903  -4.42176753E-01   3.33541167E-01   6.66821976E-04   1.17802144E-01
         2        143       9903  -1.07315138E+00   1.18194373E+00   9.31835537E-04   4.21939305E-01
         3          1      19806  -4.63131085E-01   5.36868915E-01   2.14245829E-15   1.24816856E-01
         3          2      19806  -4.63318370E-01   5.36681630E-01   1.14294086E-15   1.25072821E-01
         3          3      19806  -4.60369041E-01   5.39630959E-01  -1.36676240E-15   1.23348676E-01
         3          4      19806  -4.62123495E-01   5.37876505E-01  -2.93264997E-15   1.25712842E-01
         3          5      19806  -4.55222548E-01   5.44777452E-01   3.15206420E-15   1.21221898E-01
         3          6      19806  -4.59708680E-01   5.40291320E-01   2.37903933E-16   1.27177172E-01
         3          7      19806  -4.49970177E-01   5.50029823E-01  -9.22153744E-16   1.20270927E-01
         3          8      19806  -4.56675553E-01   5.43324447E-01  -3.16400249E-15   1.29468808E-01
         3          9      19806  -4.47310434E-01   5.52689566E-01  -2.57104412E-15   1.21798959E-01
         3         10      19806  -4.53644493E-01   5.46355507E-01  -5.29407545E-15   1.32672143E-01
         3         11      19806  -4.34426827E-01   5.65573173E-01   1.87119329E-15   1.24484203E-01
         3         12      19806  -5.21607229E-01   4.78392771E-01   3.17007183E-15   1.37607437E-01
         3         13      19806  -4.09573600E-01   5.90426400E-01   4.77144775E-16   1.27274528E-01
         3         14      19806  -6.28823497E-01   3.71176503E-01   4.02034594E-15   1.32165367E-01
         3         15      19806  -3.70741546E-01   6.29258454E-01   9.68202372E-16   1.35171813E-01
         3         16      19806  -6.66358257E-01   3.33641743E-01  -2.22410083E-15   1.30602846E-01
         3         17      19806  -3.03215497E-01   6.96784503E-01   7.63306357E-16   1.56083240E-01
         3         18      19806  -6.41593975E-01   3.58406025E-01  -1.65465608E-15   1.37642742E-01
         3         19      19806  -1.47234866E-01   8.52765134E-01  -1.43716874E-15   1.18277916E-01
         3         20      19806  -2.54654356E-01   7.45345644E-01   2.35275099E-15   1.34867198E-01
         3         21      19806  -1.38003019E-01   8.61996981E-01  -9.08495512E-16   1.14180252E-01
         3         22      19806  -2.58989283E-01   7.41010717E-01   8.95862143E-16   1.37360312E-01
         3         23      19806  -1.39976716E-01   8.60023284E-01  -5.60576863E-17   1.17354254E-01
         3         24      19806  -2.46922196E-01   7.53077804E-01  -9.90114226E-16   1.35129714E-01
         3         25      19806  -1.29636729E-01   8.70363271E-01   3.47943873E-16   1.12426891E-01
         3         26      19806  -2.49764504E-01   7.50235496E-01  -1.07743092E-16   1.38020481E-01
         3         27      19806  -1.69806707E-01   8.30193293E-01   2.04440569E-16   1.16342280E-01
         3         28      19806  -1.69806707E-01   8.30193293E-01   2.04440569E-16   1.16342280E-01
         3         29      19806  -2.33149098E-01   7.66850902E-01  -8.46276343E-16   1.31836077E-01
         3         30      19806  -2.33149098E-01   7.66850902E-01  -8.46276343E-16   1.31836077E-01
         3         31      19806  -1.37684113E-01   8.62315887E-01  -2.03109265E-16   1.13077082E-01
         3         32      19806  -2.30783107E-01   7.69216893E-01  -7.24856210E-16   1.33297789E-01
         3         33      19806  -1.26049261E-01   8.73950739E-01  -4.56051322E-16   1.15467328E-01
         3         34      19806  -2.31131642E-01   7.68868358E-01   4.93857538E-16   1.36123650E-01
         3         35      19806  -1.41455405E-01   8.58544595E-01  -1.26308469E-16   1.13427229E-01
         3         36      19806  -2.09575235E-01   7.90424765E-01  -2.47917174E-17   1.34982604E-01
         3         37      19806  -1.13871630E-01   8.86128370E-01   4.70914274E-16   1.10465333E-01
         3         38      19806  -2.05181181E-01   7.94818819E-01  -1.04848348E-15   1.35997876E-01
         3         39      19806  -8.76458969E-02   9.12354103E-01  -3.19619341E-16   1.06609820E-01
         3         40      19806  -1.61993538E-01   8.38006462E-01   3.40012107E-16   1.47266867E-01
         3         41      19806  -7.01372544E-02   9.29862746E-01   1.20910384E-17   1.04006839E-01
         3         42      19806  -1.54019636E-01   8.45980364E-01   2.89426210E-16   1.46367880E-01
         3         43      19806  -3.65578922E-01   9.04850000E-01   2.94432480E-16   1.62662861E-01
         3         44      19806  -4.27019671E-01   1.65635161E+00   3.75853600E-16   2.99304538E-01
         3         45      19806  -3.48054180E-01   6.18933581E-01   4.73263535E-15   1.20662015E-01
         3         46      19806  -4.84819438E-01   8.60025057E-01  -1.45607885E-15   1.75017210E-01
         3         47      19806  -2.11046111E-01   3.51957708E-01  -7.30360099E-17   7.90518193E-02
         3         48      19806  -1.22513390E-01   7.06468475E-01  -7.74811622E-16   6.71880831E-02
         3         49      19806  -1.74895497E-01   3.96192493E-01   3.45094183E-15   8.17527086E-02
         3         50      19806  -4.56214658E-01   2.30837975E-01  -1.47926035E-15   8.94156643E-02
         3         51      19806  -3.72981895E-01   1.64104293E-01  -4.06793671E-15   6.74442394E-02
         3         52      19806  -2.60637220E-01   9.18797652E-02   1.97698988E-15   5.11722756E-02
         3         53      19806  -5.72727683E-01   1.46312733E-01  -1.66593993E-15   1.10729327E-01
         3         54      19806  -6.99123875E-01   3.99417674E-01   9.72901172E-16   1.28457806E-01
         3         55      19806  -1.08842104E-01   3.31950440E-01   3.28319759E-16   6.14399554E-02
         3         56      19806  -9.97010543E-01   3.44082608E-01   2.30478202E-15   1.81039854E-01
         3         57      19806  -4.16028663E-01   1.90043864E-01  -2.52718708E-16   5.03895968E-02
         3         58      19806  -2.92090751E-01   7.34732822E-01  -1.20167937E-15   1.35276134E-01
         3         59      19806  -7.57448506E-01   2.38089847E-01  -2.73769949E-15   9.82340382E-02
         3         60      19806  -5.64790627E-01   1.05113503E+00  -1.27721473E-15   1.98701465E-01
         3         61      19806  -1.04129205E+00   3.60634865E-01  -2.16758419E-15   1.92415917E-01
         3         62      19806  -3.33347678E-01   6.25876967E-01  -2.93318074E-15   1.16748693E-01
         3         63      19806  -3.48538623E-01   6.46722483E-01   9.70984095E-16   9.90576547E-02
         3         64      19806  -7.02887552E-01   4.89647949E-01   8.72205581E-16   1.52561305E-01
         3         65      19806  -2.34996623E-01   9.60298472E-01  -1.90070899E-16   1.61329034E-01
         3         66      19806  -3.46992811E-01   5.90078727E-01  -1.58838624E-15   1.15619361E-01
         3         67      19806  -7.53445622E-01   2.91640500E-01  -8.27493403E-16   1.35428956E-01
         3         68      19806  -2.82356864E-01   8.80956988E-01  -1.56701988E-15   1.27240798E-01
         3         69      19806  -3.32551378E-01   2.40400014E-01  -2.61558253E-15   8.24498842E-02
         3         70      19806  -5.21046026E-01   3.37639054E-01  -8.41252074E-16   1.12961652E-01
         3         71      19806  -6.03394053E-01   2.16622184E-01  -1.69298081E-15   8.62965550E-02
         3         72      19806  -2.11209860E-01   9.33380790E-01  -1.32295131E-15   1.63128787E-01
         3         73      19806  -9.31804524E-02   1.96910689E-01  -2.12015712E-15   2.34484029E-02
         3         74      19806  -4.86601106E-01   5.24750334E-01  -6.05036794E-16   1.31556538E-01
         3         75      19806  -5.31079019E-01   1.09114247E+00   4.54176286E-16   2.07595256E-01
         3         76      19806  -2.07925577E-01   3.65965932E-01  -9.37447860E-16   6.84640922E-02
         3         77      19806  -4.84004294E-01   1.11004484E-01   2.24234879E-15   9.08814771E-02
         3         78      19806  -7.74391129E-02   1.00649852E-01   3.22463846E-15   2.29782960E-02
         3         79      19806  -3.05645382E-01   5.70230061E-01   2.90179316E-15   8.46862747E-02
         3         80      19806  -3.50644253E-01   9.00898217E-02  -2.61964791E-16   3.43884506E-02
         3         81      19806  -1.36984016E-01   5.64694670E-01  -1.07947692E-16   8.28406413E-02
         3         82      19806  -5.79364796E-01   5.60953438E-01  -1.37162657E-15   1.24133977E-01
         3         83      19806  -2.55629991E-01   1.01743449E-01   1.13814396E-15   5.37951669E-02
         3         84      19806  -7.05279127E-01   1.36950346E+00   2.89614983E-15   2.71739438E-01
         3         85      19806  -1.86865864E-01   3.03752381E-01   2.79100068E-16   6.11663990E-02
         3         86      19806  -4.64427644E-01   3.12036911E-01   1.90036426E-15   8.86671800E-02
         3         87      19806  -4.67342347E-01   4.17360620E-01   7.48259825E-16   1.06270606E-01
         3         88      19806  -3.49356031E-01   9.15810273E-01   1.16339108E-16   1.81085485E-01
         3         89      19806  -4.76168816E-01   1.99597084E-01  -8.94100618E-16   1.01172289E-01
         3         90      19806  -1.26763543E-01   3.55032836E-01  -1.72707339E-15   6.48282504E-02
         3         91      19806  -3.21139998E-01   5.19741707E-01   2.14994862E-15   1.07491339E-01
         3         92      19806  -3.33781925E-01   8.66123157E-01   6.83156807E-16   1.52977769E-01
         3         93      19806  -2.92899507E-01   1.81864159E-01   3.12316395E-03   9.21994601E-02
         3         94      19806  -4.93341357E-01   2.22825248E-01   1.81664426E-03   8.71382161E-02
         3         95      19806  -2.04804497E-01   3.31132925E-01  -1.03480527E-03   6.92764318E-02
         3         96      19806  -1.49217079E-01   3.61121509E-01   1.58294471E-03   4.85735667E-02
         3         97      19806  -3.27503318E-01   4.59573893E-01   9.05035074E-04   1.02497149E-01
         3         98      19806  -1.02183694E+00   3.74863479E-01   3.78817775E-03   1.96140103E-01
         3         99      19806  -4.98145937E-01   2.98204257E-01   2.36748742E-03   1.26064466E-01
         3        100      19806  -5.00968485E-01   1.39632038E-01   7.49005211E-04   9.44854581E-02
         3        101      19806  -6.02004593E-01   2.96003963E-01   1.75095717E-03   1.17572771E-01
         3        102      19806  -1.84496974E-01   4.78080295E-01  -1.81210551E-03   8.70190462E-02
         3        103      19806  -4.80588471E-01   7.81057782E-01  -3.96906857E-03   2.02013291E-01
         3        104      19806  -3.69345456E-01   2.26302649E-01   2.80371155E-05   8.14201944E-02
         3        105      19806  -2.12372605E-01   2.27172191E-01  -6.14319625E-04   6.12213072E-02
         3        106      19806  -6.70520574E-01   5.32135338E-01  -5.45238915E-04   1.50554104E-01
         3        107      19806  -1.46552114E-01   6.27214508E-02  -1.08372983E-03   2.92322066E-02
         3        108      19806  -3.28909613E-01   2.72416208E-01   7.24271044E-05   6.61638953E-02
         3        109      19806  -1.89567944E-01   2.65495187E-01  -9.71581282E-04   6.49598275E-02
         3        110      19806  -7.27241935E-01   4.22335752E-01  -3.77405268E-04   1.48381204E-01
         3        111      19806  -2.79858518E-01   3.75666213E-01   1.26682895E-03   7.28257498E-02
         3        112      19806  -3.73630166E-01   5.33172740E-01  -1.16857730E-03   1.38495213E-01
         3        113      19806  -2.35744591E-01   4.86759868E-01  -4.34275867E-04   9.39842927E-02
         3        114      19806  -3.99093340E-01   1.89061364E-01   1.81814549E-03   9.67008055E-02
         3        115      19806  -1.19623056E-01   2.02810832E-01  -1.69793593E-03   5.48009068E-02
         3        116      19806  -5.70586677E-01   1.50447539E-01   9.64181059E-04   8.81910553E-02
         3        117      19806  -2.40992370E-01   3.35662540E-01  -1.86662810E-03   9.12041070E-02
         3        118      19806  -6.75017709E-01   3.06902006E-01   3.95956534E-03   1.65097311E-01
         3        119      19806  -3.46347464E-01   1.54413832E-01   1.65221629E-03   8.16124937E-02
         3        120      19806  -2.16174605E-01   1.27428890E-01   5.02307832E-04   4.25573576E-02
         3        121      19806  -4.58297949E-01   2.50700733E-01   1.10451520E-03   9.44794961E-02
         3        122      19806  -7.89104575E-01   3.50167052E-01   4.30263268E-03   1.68769070E-01
         3        123      19806  -1.69473227E-01   4.89706182E-01  -1.76780244E-03   5.55829529E-02
         3        124      19806  -1.64274979E-01   3.27759924E-01  -7.32401710E-05   6.77252169E-02
         3        125      19806  -3.31732394E-01   2.16019609E-01   7.27065339E-04   7.95623588E-02
         3        126      19806  -1.35234173E-01   1.13054846E-01  -1.53711386E-03   3.27820077E-02
         3        127      19806  -2.05920634E-01   3.74263251E-01   5.92959304E-05   7.43474496E-02
         3        128      19806  -4.53032370E-01   1.62255451E-01   1.04255386E-03   6.46734790E-02
         3        129      19806  -1.69699859E-01   3.52202333E-01   1.71063344E-03   6.11051083E-02
         3        130      19806  -1.47103697E-01   2.26631195E-01   6.26735757E-04   4.05242584E-02
         3        131      19806  -3.04987482E-01   1.12395897E-01  -8.20108036E-04   3.76859376E-02
         3        132      19806  -3.84200752E-01   1.84306546E-01   1.66833767E-03   1.01557772E-01
         3        133      19806  -2.93864900E-01   2.41208209E-01   3.01288726E-03   7.42056005E-02
         3        134      19806  -7.37418170E-01   5.60716158E-01   1.29929133E-03   1.65149931E-01
         3        135      19806  -7.89396812E-01   2.82875156E-01   6.38797427E-04   1.57379664E-01
         3        136      19806  -3.43174328E-01   3.25257747E-01   3.82567834E-04   6.72398967E-02
         3        137      19806  -3.37389465E-01   3.12710436E-01  -8.02696343E-05   8.51090352E-02
         3        138      19806  -8.25445715E-01   3.69864689E-01   2.16472782E-03   1.86582613E-01
         3        139      19806  -3.98437397E-01   4.41149401E-01  -1.73130219E-04   1.18285702E-01
         3        140      19806  -2.11053144E-01   2.12066106E-01  -1.98383933E-03   6.01758990E-02
         3        141      19806  -1.43463121E-01   3.43852309E-01  -1.83146200E-03   8.59524974E-02
         3        142      19806  -5.94746560E-01   7.94779333E-01  -1.70138988E-03   2.10968126E-01
         3        143      19806  -1.82061728E+00   1.09031490E+00   4.44059679E-03   3.63785691E-01
         4          1      19806  -5.29911355E-01   4.70088645E-01  -2.82248951E-15   1.36728429E-01
         4          2      19806  -5.31366051E-01   4.68633949E-01   2.91185221E-15   1.36708635E-01
         4          3      19806  -5.18073082E-01   4.81926918E-01   3.31608920E-15   1.36984108E-01
         4          4      19806  -5.32430765E-01   4.67569235E-01  -2.93440869E-15   1.36726957E-01
         4          5      19806  -4.92979876E-01   5.07020124E-01   2.00686853E-15   1.37919582E-01
         4          6      19806  -5.34831234E-01   4.65168766E-01   7.29080646E-16   1.36782167E-01
         4          7      19806  -4.58257330E-01   5.41742670E-01  -3.11843688E-15   1.40137964E-01
         4          8      19806  -5.38510335E-01   4.61489665E-01  -3.10672981E-16   1.36900562E-01
         4          9      19806  -4.48101087E-01   5.51898913E-01   2.46696982E-15   1.36553105E-01
         4         10      19806  -5.43534560E-01   4.56465440E-01   4.35076425E-15   1.37119816E-01
         4         11      19806  -4.75882346E-01   5.24117654E-01  -1.21089760E-15   1.39053187E-01
         4         12      19806  -6.19357121E-01   3.80642879E-01  -1.78755100E-15   1.39873455E-01
         4         13      19806  -4.41228997E-01   5.58771003E-01  -3.29818247E-15   1.40390773E-01
         4         14      19806  -6.72285501E-01   3.27714499E-01  -2.27591796E-15   1.41212442E-01
         4         15      19806  -4.26388034E-01   5.73611966E-01   8.65649962E-16   1.37091509E-01
         4         16      19806  -6.60680138E-01   3.39319862E-01   3.46282967E-15   1.35490129E-01
         4         17      19806  -4.10514976E-01   5.89485024E-01  -2.00675642E-15   1.38835023E-01
         4         18      19806  -5.88830539E-01   4.11169461E-01   7.27059868E-16   1.33493973E-01
         4         19      19806  -2.73649977E-01   7.26350023E-01  -1.46098366E-15   1.27169388E-01
         4         20      19806  -3.40940038E-01   6.59059962E-01   1.84527492E-15   1.31418022E-01
         4         21      19806  -2.48558013E-01   7.51441987E-01  -1.05776827E-15   1.20511694E-01
         4         22      19806  -3.51123596E-01   6.48876404E-01   1.62947343E-16   1.29788701E-01
         4         23      19806  -2.70803563E-01   7.29196437E-01   2.01438269E-15   1.27751662E-01
         4         24      19806  -3.38912169E-01   6.61087831E-01   2.12386489E-15   1.31248300E-01
         4         25      19806  -2.46042346E-01   7.53957654E-01   1.42326012E-15   1.21097353E-01
         4         26      19806  -3.50824613E-01   6.49175387E-01   8.81743319E-18   1.29187279E-01
         4         27      19806  -2.54834970E-01   7.45165030E-01  -1.02242006E-15   1.31712131E-01
         4         28      19806  -2.54834970E-01   7.45165030E-01  -1.02242006E-15   1.31712131E-01
         4         29      19806  -3.14940319E-01   6.85059681E-01  -3.32809896E-15   1.33839278E-01
         4         30      19806  -3.14940319E-01   6.85059681E-01  -3.32809896E-15   1.33839278E-01
         4         31      19806  -2.74812735E-01   7.25187265E-01   5.65938513E-16   1.31239671E-01
         4         32      19806  -3.25791434E-01   6.74208566E-01   7.99555649E-16   1.33039033E-01
         4         33      19806  -2.65620911E-01   7.34379089E-01   8.04541731E-16   1.29582176E-01
         4         34      19806  -3.37728373E-01   6.62271627E-01  -1.57889791E-15   1.31127010E-01
         4         35      19806  -2.51530879E-01   7.48469121E-01   1.78768693E-15   1.34122131E-01
         4         36      19806  -3.14231452E-01   6.85768548E-01  -1.77183882E-16   1.36907292E-01
         4         37      19806  -2.64139239E-01   7.35860761E-01   3.44015828E-16   1.35903567E-01
         4         38      19806  -3.26931795E-01   6.73068205E-01   1.32813358E-15   1.35314860E-01
         4         39      19806  -2.50104723E-01   7.49895277E-01  -8.43550324E-16   1.52273059E-01
         4         40      19806  -3.19103321E-01   6.80896679E-01   4.41319748E-15   1.43127005E-01
         4         41      19806  -2.64985265E-01   7.35014735E-01  -9.79201741E-16   1.70325316E-01
         4         42      19806  -3.37280329E-01   6.62719671E-01   1.20527109E-16   1.43814303E-01
         4         43      19806  -2.89002802E-01   7.67429905E-01   2.05396234E-15   1.37240544E-01
         4         44      19806  -3.94402817E-01   2.78915959E-01   1.95183105E-17   8.75698917E-02
         4         45      19806  -3.69723734E-01   7.82004564E-01  -1.36390501E-15   1.61522951E-01
         4         46      19806  -1.18677191E-01   9.87143696E-02  -1.65356231E-15   3.11415207E-02
         4         47      19806  -7.84290127E-01   6.79794221E-01  -1.60779980E-15   1.86546243E-01
         4         48      19806  -2.30487225E-01   4.22918028E-01  -1.12905186E-15   9.05737790E-02
         4         49      19806  -4.18219491E-01   7.61034242E-01  -1.95557832E-15   1.67021827E-01
         4         50      19806  -3.44997632E-01   6.09363471E-01   2.18868675E-15   1.16721417E-01
         4         51      19806  -4.68896910E-01   5.67840892E-01  -2.47054332E-15   1.27024066E-01
         4         52      19806  -3.03574313E-01   2.00081473E-01   2.99070461E-15   6.88075690E-02
         4         53      19806  -5.87384555E-01   3.31473779E-01   1.66857171E-16   1.36428954E-01
         4         54      19806  -3.73629038E-01   1.95911122E-01  -8.26784308E-16   6.93548679E-02
         4         55      19806  -2.39374644E-01   4.22685491E-01   5.27137323E-16   9.98360300E-02
         4         56      19806  -1.13428439E+00   5.52549462E-01   2.13750164E-15   2.28792441E-01
         4         57      19806  -3.52704139E-01   4.42593055E-01  -4.17765837E-16   9.74868580E-02
         4         58      19806  -4.10351780E-01   3.79986790E-01   2.29988703E-15   9.12382585E-02
         4         59      19806  -2.82610051E-01   1.21181670E-01   3.70129556E-15   5.53853409E-02
         4         60      19806  -2.02831953E-01   4.25534952E-01   6.07308419E-16   9.02884995E-02
         4         61      19806  -7.26419941E-01   8.29857583E-01   3.20085157E-15   2.10352922E-01
         4         62      19806  -3.06365708E-01   6.85053041E-01  -1.24455680E-15   1.18732648E-01
         4         63      19806  -2.00749864E-01   2.53324314E-01  -4.54436941E-16   6.47555595E-02
         4         64      19806  -1.29769202E-01   1.67337715E-01   1.01625927E-16   3.02521153E-02
         4         65      19806  -3.23527883E-01   4.16648035E-01  -3.65164214E-15   9.69744967E-02
         4         66      19806  -4.29102454E-01   2.90127485E-01   1.18053827E-15   1.02323668E-01
         4         67      19806  -2.01758141E-01   6.10972199E-01  -3.52991616E-16   1.06043256E-01
         4         68      19806  -9.43744773E-01   5.14577247E-01  -1.12803727E-15   1.92546276E-01
         4         69      19806  -2.14575034E-01   2.41603413E-01  -1.91007489E-15   5.24619646E-02
         4         70      19806  -3.18171946E-01   3.21624198E-01   3.22554585E-15   8.53457414E-02
         4         71      19806  -1.40770626E-01   2.56936643E-01   2.14166652E-15   5.46159342E-02
         4         72      19806  -3.87401553E-01   3.24916474E-01   6.43826774E-16   9.89779044E-02
         4         73      19806  -1.37178435E+00   7.28239148E-01  -1.34771916E-15   2.74310853E-01
         4         74      19806  -4.54615843E-01   4.28165652E-01   4.12230417E-16   1.17742135E-01
         4         75      19806  -2.19121198E-01   2.55729726E-01   1.67771286E-15   6.24346308E-02
         4         76      19806  -1.47038556E-01   1.87396996E-01  -1.34327821E-15   5.47819872E-02
         4         77      19806  -3.01659905E-01   7.07369094E-01   3.62787207E-16   1.41060371E-01
         4         78      19806  -8.87539953E-01   3.55244761E-01   8.24032014E-16   1.57774484E-01
         4         79      19806  -1.34306200E+00   7.49758752E-01  -2.23247543E-15   2.67014523E-01
         4         80      19806  -2.19398840E-01   5.26235600E-01  -1.84372220E-15   1.10756965E-01
         4         81      19806  -1.16291368E-01   2.73254463E-01   2.25651036E-15   5.45214862E-02
         4         82      19806  -8.45333535E-01   3.37384851E-01  -2.46473884E-15   1.49057277E-01
         4         83      19806  -3.83878764E-01   2.27673544E-01   5.96620154E-17   8.38007381E-02
         4         84      19806  -1.25191539E-01   2.50014043E-01  -1.71943451E-15   5.12671848E-02
         4         85      19806  -1.60726600E-01   1.96642893E-01   3.32685734E-17   4.44577454E-02
         4         86      19806  -3.16899445E-01   2.84665559E-01   4.13254820E-16   9.51078136E-02
         4         87      19806  -8.60853998E-01   4.70830928E-01   1.97403719E-15   1.81278939E-01
         4         88      19806  -6.42184148E-01   5.34730818E-01   2.02248543E-15   1.72581032E-01
         4         89      19806  -3.32564797E-01   3.06689334E-01   4.99822916E-16   8.78612908E-02
         4         90      19806  -6.19588266E-01   8.49646648E-01   3.49865435E-15   1.95500286E-01
         4         91      19806  -2.33904213E-01   3.83929885E-01  -1.14158013E-15   8.48009482E-02
         4         92      19806  -3.18171990E-01   3.26010292E-01  -1.47203488E-15   8.41270767E-02
         4         93      19806  -4.48868525E-01   6.67984580E-01  -4.49661430E-04   1.58630845E-01
         4         94      19806  -3.15225124E-01   7.96124900E-01  -8.94259762E-04   1.74012204E-01
         4         95      19806  -4.67740142E-01   7.14800865E-01  -3.22895486E-04   1.82244411E-01
         4         96      19806  -2.58201021E-01   4.89899285E-01  -3.98807138E-04   9.99910365E-02
         4         97      19806  -1.26622386E-01   2.32947017E-01  -4.14667560E-04   5.59115221E-02
         4         98      19806  -1.03762467E+00   5.60123578E-01   1.17808911E-03   2.31519562E-01
         4         99      19806  -4.29364635E-01   5.99234580E-01  -6.25783030E-04   1.60671899E-01
         4        100      19806  -1.20588460E-01   2.95203640E-01   2.81255492E-05   5.87579865E-02
         4        101      19806  -3.88728754E-01   5.39646148E-01  -6.51744868E-04   1.34209851E-01
         4        102      19806  -5.00469313E-01   3.55394449E-01  -3.62940565E-04   1.19931875E-01
         4        103      19806  -1.11401977E-01   2.51533976E-01   5.28473611E-04   4.13645407E-02
         4        104      19806  -8.86541691E-02   9.11973207E-02  -1.07321629E-03   2.25071730E-02
         4        105      19806  -1.88675310E-01   1.47477340E-01   5.11960932E-04   4.65991165E-02
         4        106      19806  -1.71153282E-01   2.35937853E-01  -1.55776641E-03   6.24516194E-02
         4        107      19806  -6.57257832E-01   1.10375837E+00  -6.89167935E-04   2.67743063E-01
         4        108      19806  -3.65444277E-01   2.52778411E-01  -4.67317743E-04   9.31573780E-02
         4        109      19806  -4.98424916E-01   3.89743097E-01  -5.58872685E-06   1.14992166E-01
         4        110      19806  -4.57575693E-01   3.89627931E-01   4.23093042E-04   1.13529779E-01
         4        111      19806  -4.74541443E-01   5.78436992E-01  -7.59927449E-04   1.54952703E-01
         4        112      19806  -3.79528965E-01   1.86705196E-01   5.21909460E-04   8.56121011E-02
         4        113      19806  -2.07394123E-01   1.33233394E-01  -5.33144086E-04   4.46710965E-02
         4        114      19806  -2.72195185E-01   2.62287753E-01   4.03446586E-04   8.32953428E-02
         4        115      19806  -4.53532813E-01   7.96748290E-01  -6.88404172E-04   1.90248771E-01
         4        116      19806  -6.21397884E-01   5.37056389E-01   9.59518289E-04   1.89214373E-01
         4        117      19806  -3.68707446E-01   2.41039714E-01   5.79771344E-04   8.87971847E-02
         4        118      19806  -2.51978090E-01   2.68279162E-01  -6.24902550E-05   7.29006773E-02
         4        119      19806  -5.23815375E-01   3.36228974E-01   1.05320921E-03   1.26940422E-01
         4        120      19806  -2.32606286E-01   4.98911919E-01  -1.59040051E-03   1.00981766E-01
         4        121      19806  -1.22280427E+00   1.04547720E+00   9.90726829E-04   3.24259932E-01
         4        122      19806  -4.22329750E-01   2.55469423E-01   1.01439679E-03   9.86590328E-02
         4        123      19806  -3.12255573E-01   3.02344449E-01   8.77225010E-04   8.35594385E-02
         4        124      19806  -2.58759740E-01   1.70132847E-01   6.07425239E-04   6.46685986E-02
         4        125      19806  -3.50098571E-01   3.25221572E-01   2.67296014E-04   1.02630499E-01
         4        126      19806  -3.26313486E-01   2.47352937E-01   4.08911374E-04   8.69807567E-02
         4        127      19806  -1.02001195E-01   7.10917259E-02   7.49974444E-04   1.92993889E-02
         4        128      19806  -4.29496842E-01   2.96836163E-01   1.05256576E-03   1.05972382E-01
         4        129      19806  -2.45748660E-01   2.19219990E-01  -4.34131633E-04   7.15855893E-02
         4        130      19806  -1.44419514E-01   1.27037278E-01  -2.99761344E-04   2.62953381E-02
         4        131      19806  -8.18799826E-01   6.65351609E-01   1.11686848E-03   2.04877045E-01
         4        132      19806  -5.93812021E-01   3.62526579E-01   8.13127171E-04   1.57654058E-01
         4        133      19806  -8.60345114E-02   1.62065106E-01  -1.77540939E-04   3.24403450E-02
         4        134      19806  -7.82552854E-02   1.89038772E-01   2.88344034E-04   3.28584072E-02
         4        135      19806  -4.94903513E-01   7.62028608E-01  -2.12505710E-04   1.73801847E-01
         4        136      19806  -5.43557093E-01   3.85430343E-01   3.16318722E-04   1.35919695E-01
         4        137      19806  -2.08622738E-01   1.79731958E-01   1.73341478E-03   5.94117088E-02
         4        138      19806  -2.47547939E-01   3.38618099E-01  -1.14337281E-03   8.59342643E-02
         4        139      19806  -1.83947419E-01   3.21459643E-01   1.68029975E-04   6.33943741E-02
         4        140      19806  -2.19805250E-01   1.37583956E-01   6.68554726E-05   3.89506493E-02
         4        141      19806  -7.30893674E-01   4.16043663E-01   1.98062796E-03   1.66411113E-01
         4        142      19806  -1.52472413E-01   2.35801344E-01  -1.21355208E-04   4.38238079E-02
         4        143      19806  -1.30969262E+00   7.93347422E-01  -4.75390327E-03   3.48050372E-01
