################################################################################
# Energy comparison.
################################################################################
# Col  Name  Description
################################################################################
# 1    index Structure index.
# 2    Eref  Reference potential energy per atom (training units).
# 3    Ennp  NNP potential energy per atom (training units).
################################################################################
#        1                2                3
#    index             Eref             Ennp
############################################
         0  -3.10860875E+00  -4.88863380E-02
         1  -1.02605031E+00  -4.10871027E-02
         2  -2.70975244E-01  -5.00500235E-02
         3  -1.50400747E-01  -3.45089201E-02
         4  -4.89198257E-01  -5.40623073E-02
         5   1.08207678E-01  -2.79200413E-02
         6   7.01272981E-01   7.31992609E-03
         7   1.51223956E+00   1.25844262E-02
         8   1.47810417E+00   6.61896014E-03
         9   9.22801133E-01  -2.27485479E-02
        10   9.36084802E-01   1.60473446E-02
        11   1.88486827E+00   1.07874283E-02
        12   1.82757843E+00   2.53151220E-02
        13   1.77323305E+00   4.09855595E-02
        14   1.73380716E+00   4.06743881E-02
        15   1.50101759E+00   3.18784413E-02
        16   2.58789980E+00   6.36082035E-02
        17   2.59225400E+00   6.35756399E-02
        18   2.22664274E+00   5.21784677E-02
        19   2.59118356E+00   3.70916866E-02
        20   2.32020201E+00   3.69317975E-02
        21   2.11597079E+00   6.25947717E-02
        22   2.32883161E+00   7.65567559E-02
        23   1.61913213E+00   2.72138485E-02
        26   1.40946556E+00   1.21288354E-02
        27   2.44652369E+00   6.33025743E-03
        28   2.08014534E+00   6.45337183E-02
        29   1.79473172E+00   3.27572273E-03
        30   1.99394871E+00   3.10861824E-02
        31   1.50239377E+00   3.56016330E-02
        32   2.22260812E+00  -7.65965964E-03
        33   2.18378184E+00   1.32735203E-02
        35   1.96767667E+00   3.22296342E-02
        36   1.33833036E+00  -1.45403651E-02
        37   1.78612618E+00   1.88667595E-02
        38   2.16552402E+00   1.13733505E-02
        39   1.79111661E+00   6.27138410E-03
        40   2.33471891E+00  -6.81020088E-03
        41   1.61552870E+00  -4.85122729E-03
        43   2.10501540E+00   5.64695791E-02
        44   1.56660359E+00   1.21146537E-02
        46   1.27832348E+00  -5.13673645E-02
        47   7.79473337E-01  -4.87447448E-02
        48   1.31063152E+00  -7.27241899E-03
        49   1.32671032E+00   4.62646795E-02
        50   1.13205517E+00   4.66708977E-03
        51   1.08500052E+00  -4.76950940E-02
        52   1.42671831E+00   1.98473986E-02
        53   9.96531573E-01   1.98710644E-02
        54   1.70549498E+00   6.06876640E-03
        55   1.41285147E+00   4.77714152E-03
        56   1.45396026E+00   1.04403216E-02
        57   1.42898032E+00  -2.00925230E-02
        58   8.40531490E-01  -3.29854954E-02
        59   1.13533429E+00  -3.32548231E-02
        60   1.19065235E+00   2.17356259E-02
        61   1.67876173E+00  -1.76795210E-02
        62   1.30608577E+00   3.03355959E-02
        63   1.77523125E+00  -4.18082758E-02
        64   1.12003476E+00  -3.35952651E-02
        66   5.46714738E-01  -2.80832012E-02
        67   4.55540443E-01  -1.68449158E-02
        68   1.01260370E+00  -1.14614731E-02
        69   4.29002483E-01  -5.94825594E-02
        70   2.86015028E-01  -6.55883247E-02
        71   5.64737429E-01  -2.69230164E-02
        72   5.87709356E-01  -5.85229027E-02
        73   5.43303725E-01  -2.73213627E-02
        74   1.53234624E-01  -1.26247293E-01
        75   7.84738885E-01  -6.26454185E-02
        76   7.95505205E-01  -9.44957716E-02
        77   9.25314201E-01  -4.64083622E-02
        80   1.00058086E+00  -6.86949213E-02
        81   8.00856866E-01   8.35222015E-03
        82   4.04719189E-01   6.09691178E-03
        83   4.99462872E-01  -1.27048964E-02
        85   7.28629865E-01  -1.69678678E-02
        87   2.74402932E-01  -2.53701635E-02
        88   5.66088996E-01  -4.14857242E-02
        89   1.02841427E+00  -1.93949343E-02
        90   7.94636529E-01   5.29110630E-03
        91   6.43582259E-01  -4.36886538E-02
        93   1.02208998E+00  -4.03473893E-02
        94   1.02169230E+00  -6.48280975E-02
        95   5.58996692E-01  -9.91651816E-03
        96   5.87273278E-01   8.45326540E-03
        97   7.40258411E-01  -1.92644282E-02
        98   4.57354861E-01  -3.50025173E-02
        99   9.76525315E-02  -4.60784760E-02
       101  -3.54320352E-02  -1.79170065E-02
       102   5.81445482E-01  -7.07404888E-02
       103   4.87492100E-01  -7.22705716E-03
       104   5.00454951E-01  -1.46933195E-02
       105   7.31784955E-02   3.63626196E-02
       106   1.90545708E-01  -1.42984830E-02
       107   2.38368789E-01  -2.86187689E-02
       108   8.74219199E-01   3.27046199E-02
       109   4.22716835E-01  -2.68994884E-02
       111   5.82476438E-01   8.87493564E-03
       113   5.18324506E-01  -2.06170991E-02
       114   4.77207329E-01  -4.08647217E-02
       115   8.79591165E-01  -2.31745620E-02
       117   8.13952693E-01  -3.52090207E-02
       118   5.35653399E-01  -4.42344899E-02
       119   3.75412674E-01   1.93589444E-03
       120   7.54226250E-01  -4.20391978E-02
       121   5.03753663E-01  -1.85595576E-02
       122   7.78111010E-01  -1.54214300E-02
       123   5.06186970E-01  -3.02079388E-03
       124   7.88563988E-01  -7.69854867E-03
       125   8.51529419E-01  -6.96328833E-02
       126   6.77649936E-01   2.37333267E-02
       127   6.50904328E-01  -2.20435175E-02
       128   6.44240753E-01  -1.37930962E-02
       129   6.24871509E-01   3.61305659E-02
       130   4.12872792E-01   4.91398484E-03
       131   2.25184596E-01   9.91854566E-03
       132  -7.86741581E-02  -1.07397585E-02
       133   2.73691566E-01   3.82472352E-03
       134   6.62966169E-01  -1.06024027E-02
       135   5.02714581E-01  -5.65761200E-02
       136   1.93110542E-01  -3.07630784E-02
       137   3.52685359E-01   1.34185658E-02
       138   6.81011504E-01   1.41919101E-02
       139   2.87334612E-01   2.44028571E-02
       140   7.72062971E-01   4.92581781E-03
       141   6.25399624E-01  -7.70988502E-03
       143   2.69848748E-01   1.50399938E-03
       144   4.77544792E-01   3.01867813E-02
       146   8.89206832E-01  -2.00304321E-02
       147   4.98074779E-01   1.09666506E-02
       148   5.62285057E-01   6.27025975E-02
       149   5.12410968E-01  -5.85379659E-03
       150   3.84919398E-01   1.87855075E-02
       151   2.72217458E-01   3.65802556E-02
       152   4.43889185E-01  -3.62315135E-02
       153   2.32012941E-01   4.13561794E-02
       154   4.43607396E-01   1.85943565E-02
       155   7.35775992E-01   1.38387423E-03
       157   4.71705944E-02  -1.16525707E-02
       158   5.11266081E-01  -7.27662402E-04
       159   1.93169376E-01  -1.95504096E-03
       161   3.34881550E-01   2.64805264E-02
       162   1.15213390E-01   5.19040395E-02
       163   3.19761837E-01   3.13666429E-02
       164   2.64743031E-01   6.10336029E-02
       165   1.07299141E-01   1.29826462E-02
       166   5.76096315E-01   4.81890702E-02
       167   1.11154724E-01   4.60363900E-02
       168   5.05892510E-01   3.08279908E-02
       169   3.99299055E-01   4.04052114E-03
       170   2.12539964E-01  -1.28565676E-02
       171   1.42101796E-02  -5.11952873E-03
       172  -3.03690388E-02  -5.29057605E-03
       173  -3.06343479E-02   4.33851623E-02
       174   3.17248947E-01  -3.54677246E-02
       175   3.40215500E-01  -1.38120752E-02
       176   2.47904057E-01   7.42944197E-02
       177  -8.59968760E-02   4.80021073E-02
       178   1.62149688E-01  -1.41127504E-03
       180   1.10187158E-01  -2.59564007E-02
       181   5.62973343E-02   1.89566718E-02
       182   3.57172910E-01  -4.96898247E-03
       183  -9.45714691E-02   7.15571732E-03
       185   1.44868854E-01   4.71828188E-02
       186   2.71742198E-01   3.13208164E-02
       187   1.66354436E-02   2.13837616E-02
       188   5.11141235E-01   5.31610049E-03
       189  -7.10615241E-02   7.19872153E-03
       190   3.97770133E-01   1.56624737E-02
       191  -6.78220123E-02   1.48372230E-02
       192   3.31299022E-02   3.08054518E-02
       193   2.43916063E-01   3.30199449E-02
       194  -4.46040921E-01   2.08090485E-02
       195   2.08528886E-01   3.75826868E-02
       196  -1.69414930E-01  -2.56166720E-02
       198  -4.46280053E-03   5.37454307E-02
       199  -1.54457403E-02   7.55422949E-03
       200   5.67117679E-02   7.88103625E-03
       201  -3.15255768E-01   1.94135864E-02
       202  -1.92960828E-01   2.55333284E-03
       203  -2.98927586E-02   5.48320492E-04
       204   1.75354064E-01  -2.86963057E-02
       205  -2.62352949E-01  -3.59135160E-02
       206   1.05727000E-01  -2.36591705E-02
       207   8.18603496E-01  -1.04313103E-02
       208   8.98804725E-02   1.78021697E-03
       209   3.01005275E-01  -3.59052395E-02
       210   1.67730280E-01  -1.02007387E-02
       211   4.09122978E-01   1.91012883E-02
       212  -3.31483662E-03   2.58070453E-02
       213   6.15543717E-02   3.28624424E-02
       214  -3.33647863E-01   1.74650572E-02
       215  -2.68409891E-03   2.37760200E-02
       216   2.28440959E-01   4.76793970E-02
       217   1.17699419E-01   1.61549822E-02
       218   1.36229386E-01   1.12574376E-02
       219  -1.39939921E-01   1.51743650E-02
       220  -1.57325638E-01   3.82585861E-02
       221   2.83201452E-01   1.77349650E-02
       222  -3.19979244E-01   3.92257682E-03
       223   3.22119645E-02  -1.41657815E-02
       224  -2.58585157E-01   1.89732274E-02
       225   7.38155327E-02   3.72759482E-02
       226   5.79607729E-01   1.57984427E-02
       227   1.88735982E-01  -5.59387107E-02
       228   7.88900930E-02   3.83231297E-03
       229  -5.37268893E-02   2.00651406E-02
       230  -3.27381318E-01  -2.34203053E-02
       231  -4.97971216E-02   4.20580949E-03
       232   2.36523826E-01   2.30326798E-02
       233  -9.26774177E-03  -9.03308398E-03
       234   7.46000421E-02  -5.53558169E-03
       235  -8.85910087E-02  -2.41704187E-02
       236  -8.90348065E-02   5.28474149E-02
       237   2.03759374E-01  -4.75833243E-02
       238  -1.02091486E-01  -4.15324392E-02
       239   1.12698019E-01  -5.35965646E-02
       240   3.06417354E-01  -5.54926085E-03
       241  -1.41114752E-01  -3.85988744E-02
       242  -4.80449862E-02   1.21587279E-02
       243  -1.21243035E-01   2.04905779E-02
       244  -2.91801542E-01   1.25344991E-03
       245   1.09984203E-01  -2.50793494E-03
       246   3.84013016E-01   3.94358211E-02
       247   1.02470076E-01  -8.78848179E-03
       248  -2.49344282E-01   4.41312657E-03
       249   1.43535604E-01  -5.22030180E-03
       250   5.09578358E-02  -1.18120707E-03
       251   2.46715608E-01   1.71496401E-02
       252   1.53244478E-01  -1.49235860E-02
       253   4.02515281E-01   6.36003392E-03
       254  -1.04904611E-01  -3.10896515E-02
       255   1.88852218E-01   5.16450262E-03
       256  -3.23615260E-01  -1.58172950E-02
       258   3.30135716E-01  -3.00737758E-02
       259   1.34959482E-01   4.13123387E-03
       260   8.06347065E-02  -3.17565094E-02
       261  -1.23460326E-01  -2.33169175E-03
       262  -3.10391718E-01   1.07419320E-02
       263  -2.70444070E-01   7.61708996E-03
       264  -3.25315552E-01   6.34602359E-03
       265  -4.64925090E-01  -2.19173055E-02
       266   8.64831839E-02  -4.36640691E-02
       267  -3.49780511E-01  -1.17517631E-02
       268   1.14140844E-01  -3.11543322E-03
       269   1.00677653E-01   1.77464387E-02
       270   3.42029995E-01   1.48200278E-02
       271  -1.80774899E-01  -1.20890712E-02
       272   1.46722151E-02  -7.86576516E-03
       273  -1.43428649E-01  -2.72442342E-02
       274   3.98268624E-01  -7.70964586E-02
       275  -1.79115350E-01  -3.13139591E-02
       276   4.35386968E-01  -5.22872388E-02
       277   2.69818817E-01  -4.58293433E-02
       278   1.66482196E-02  -2.05378538E-02
       279  -7.97362525E-03   6.40550474E-03
       280  -2.31861837E-01  -1.84003160E-02
       281  -2.84637225E-01   3.63387370E-03
       282  -2.53852084E-01  -1.11442840E-02
       283   2.89313028E-01  -7.34506236E-03
       284   8.92990634E-04   3.77322925E-02
       285  -2.24763429E-01  -4.57916819E-02
       286  -1.75196974E-01   5.44017510E-03
       287  -1.05005320E-01  -1.48151766E-02
       288   1.34111947E-01  -3.00784570E-02
       289  -4.11849366E-02  -7.51171921E-03
       290  -2.97133136E-01  -2.91207915E-02
       291  -8.44963998E-02   2.16960390E-02
       292   4.39445221E-01  -7.01550464E-03
       293   2.53229754E-01   4.07790951E-02
       294  -1.66659215E-01  -1.45574940E-02
       295  -1.86809114E-01   4.98144741E-02
       296  -5.96032615E-02   2.75160621E-03
       298  -4.31006840E-02   2.59001664E-03
       299   3.14848525E-01  -3.36961949E-02
       300  -1.39372490E-01  -9.30590143E-03
       301   1.85437228E-02  -1.40852890E-03
       303   7.38096655E-01   9.40178798E-03
       304   5.53365305E-01   3.88154293E-02
       305   1.61146235E-01  -9.65811569E-03
       306   3.26876779E-01  -1.53836390E-02
       307   1.66588929E-01  -5.80141034E-02
       308   2.83151991E-01   7.76956047E-03
       309   1.71285429E-01   1.68880192E-04
       310  -5.82536461E-02  -3.79707068E-02
       311  -1.59160012E-01  -5.72893569E-02
       312   3.64094933E-01  -1.65324360E-02
       314   2.14897438E-01  -8.40874412E-03
       316   8.84077464E-02   2.00823188E-02
       317   9.59170384E-02   2.18252276E-02
       318  -1.40772228E-01   2.77216049E-02
       319   6.13286911E-01   5.49931313E-02
       320  -1.27189869E-02   2.14056031E-02
       321  -1.20067256E-01  -3.27059904E-03
       322   1.47014187E-01  -3.99159782E-02
       323  -5.93196007E-02   2.71355024E-02
       324  -5.31651420E-01   8.93078408E-03
       325   2.61255409E-01  -2.73685872E-02
       326   9.81050419E-02  -2.09188287E-02
       327   1.31292916E-01  -1.14494746E-01
       328  -1.92727847E-01   3.41011019E-03
       329  -6.61249454E-02   3.67582833E-04
       330   7.18234486E-02  -1.18940066E-02
       331   6.98818295E-02   1.54777972E-03
       332  -1.00816391E-01  -5.97235153E-03
       334  -7.52693070E-02  -4.51000939E-02
       335   2.71450195E-01   1.64979508E-02
       336   1.53393065E-01  -6.28918383E-03
       337  -1.05934134E-01  -4.67483736E-03
       338   2.52307026E-01   1.38233695E-02
       339   3.57061065E-01  -3.72309545E-02
       340  -4.07244839E-02  -2.64837554E-02
       341  -1.75011167E-01  -1.04662436E-02
       342  -3.58179132E-01  -6.58556410E-03
       343   5.79140209E-01   1.04475976E-02
       344   5.25067162E-01  -1.97790374E-02
       345  -8.86098861E-02  -6.25297071E-03
       346  -5.22348827E-02   5.47333643E-03
       347  -1.34699438E-01   1.74084163E-02
       348  -2.74095187E-01  -5.26059532E-02
       349  -1.50733528E-01  -7.26846845E-02
       350   1.14357263E-02   1.74063720E-02
       351  -2.85771293E-01  -5.69849734E-02
       352   1.94612453E-01  -3.40877489E-02
       353  -4.82510398E-01  -6.13208685E-03
       354  -5.20025368E-01  -1.72119057E-02
       355   1.54966227E-01  -1.02635640E-02
       356   7.29124281E-02  -4.11049950E-02
       357   1.91164550E-02  -2.48705707E-02
       358   4.77421890E-01   1.05697723E-02
       359   2.45590966E-02   1.07368121E-02
       360   3.23941138E-01  -1.05941861E-01
       361   1.19173140E-01  -2.86901242E-02
       362   2.93677541E-01   1.76401219E-03
       363   3.47378063E-01  -5.26480996E-02
       364  -8.63846558E-02  -1.33038622E-02
       366   1.04609004E-01  -3.08081862E-02
       367   2.81486103E-02   9.41256793E-03
       368   2.10395588E-01   3.87809651E-03
       369  -2.05869291E-01  -2.89053493E-02
       370  -1.92018343E-01  -1.55511959E-02
       371   1.14066537E-01  -2.03879644E-02
       372   6.44091847E-02   6.53679211E-03
       373   4.23385594E-05  -6.10657302E-03
       374  -1.45678827E-01  -7.31235156E-03
       375  -2.14730949E-01  -1.84177570E-02
       376  -1.79450914E-01   3.87249008E-02
       377  -2.89316201E-01   2.08262725E-02
       378  -3.04873962E-01   1.05745884E-02
       379  -2.07364578E-01   1.37692453E-02
       380  -2.18233279E-01   6.90779217E-03
       381  -9.73513823E-02   4.99399099E-02
       382  -4.59199542E-01   4.12295370E-03
       383  -4.64293224E-02   3.72386544E-02
       384  -3.18021994E-01   2.31735405E-03
       385  -3.09554795E-01  -5.96405636E-02
       386  -1.27857164E-01   1.91138807E-02
       388  -3.86640840E-01  -1.22713460E-02
       389  -3.09217463E-01   2.32542561E-02
       390  -5.22106395E-01   9.08097383E-03
       391  -5.38066069E-01  -4.77438306E-02
       392  -9.56748225E-03   7.41379469E-03
       393  -2.41795972E-01   1.12096089E-02
       394   5.83539944E-02  -2.52389363E-02
       395  -6.32981630E-01   1.07390073E-02
       396   1.34682202E-01  -1.91758200E-02
       397   1.64282854E-01  -1.38361335E-02
       398   5.69477944E-02   2.06436797E-02
       399  -1.63445687E-01   1.08844817E-02
       400  -2.41223937E+00   1.17329369E-01
       401  -1.70377464E+00   1.15518433E-01
       402  -1.42043478E+00   1.23433323E-01
       403  -5.12909367E-01   1.46905725E-01
       404  -1.16270435E+00   1.41867879E-01
       405  -1.77360392E+00   1.16071440E-01
       406  -1.26822366E+00   1.20535612E-01
       407  -1.78559869E+00   1.31441535E-01
       408  -1.64163279E+00   1.39542897E-01
       409  -1.50016360E+00   1.25970293E-01
       411  -1.18213100E+00   1.34772205E-01
       412  -1.07859555E+00   1.48169387E-01
       413  -1.61964243E+00   1.27088643E-01
       414  -1.23681498E+00   1.22467859E-01
       415  -1.82597765E+00   1.18182438E-01
       416  -1.70231672E+00   1.36321932E-01
       417  -1.76193305E+00   1.29951571E-01
       418  -1.82957868E+00   1.20521285E-01
       419  -1.41295266E+00   1.23541289E-01
       421  -2.07201114E+00   1.25849204E-01
       422  -1.89511728E+00   1.06638278E-01
       423  -1.93141258E+00   1.11803434E-01
       424  -1.16157778E+00   1.31868673E-01
       425  -1.92694603E+00   1.21518587E-01
       426  -1.73072843E+00   1.26037938E-01
       427  -1.31459350E+00   1.28350202E-01
       428  -1.58871119E+00   1.00637569E-01
       429  -1.61675671E+00   1.38901831E-01
       430  -1.46427400E+00   1.32054279E-01
       431  -1.23889038E+00   1.25082536E-01
       432  -1.25771562E+00   1.04818845E-01
       433  -1.58970845E+00   1.12126688E-01
       435  -1.18513001E+00   1.30499262E-01
       436  -1.76355036E+00   1.26986493E-01
       437  -1.26316606E+00   1.12447767E-01
       438  -1.57192141E+00   1.13996083E-01
       439  -9.69782006E-01   1.48068365E-01
       440  -1.67693539E+00   1.25663517E-01
       441  -8.91671598E-01   1.26072223E-01
       442  -1.47046996E+00   1.20545584E-01
       443  -8.92635718E-01   1.47371570E-01
       444  -2.13481469E-01   1.48802741E-01
       445  -1.70989197E+00   1.29952950E-01
       446  -1.87005310E+00   1.14205045E-01
       447  -2.30445498E+00   1.12225433E-01
       449  -1.88905002E+00   1.19088601E-01
       450  -1.86739761E+00   1.17158309E-01
       451  -2.41555245E+00   9.88642675E-02
       452  -1.87466347E+00   1.18780958E-01
       453  -2.12923510E+00   1.29321063E-01
       454  -1.05415209E+00   1.24231854E-01
       455  -1.38029214E+00   1.24969215E-01
       456  -1.42420582E+00   1.29947213E-01
       457  -2.08572099E+00   1.19636728E-01
       459  -9.92909200E-01   1.45013665E-01
       460  -7.68945235E-01   1.34338111E-01
       461  -1.35881437E+00   1.29974209E-01
       462  -1.53704325E+00   1.32586243E-01
       463  -1.65658268E+00   1.15799141E-01
       465  -1.36982986E+00   1.34869352E-01
       466  -1.04273772E+00   1.27300822E-01
       467  -1.89345839E+00   1.19383799E-01
       468  -2.24044321E+00   1.18843829E-01
       470  -1.37007962E+00   1.29894477E-01
       471  -7.20198719E-01   1.33266803E-01
       472  -1.50510003E+00   1.27131247E-01
       473  -1.67435051E+00   1.25666381E-01
       474  -1.59890151E+00   1.18291070E-01
       475  -1.39826376E+00   1.28891669E-01
       476  -1.12292863E+00   1.31416514E-01
       477  -1.37128566E+00   1.23453431E-01
       478  -1.09683568E+00   1.41147181E-01
       479  -2.06214188E+00   1.14590122E-01
       480  -1.54389433E+00   1.10970465E-01
       481  -1.21641957E+00   1.30253467E-01
       482  -1.88963146E+00   1.31793141E-01
       485  -1.20023932E+00   1.32877836E-01
       486  -1.49740651E+00   1.33411975E-01
       487  -1.54209829E+00   1.27120492E-01
       488  -1.61395450E+00   1.16898649E-01
       489  -2.01649023E+00   1.09485918E-01
       490  -2.25478058E+00   1.20106752E-01
       491  -2.41901791E+00   1.20858769E-01
       492  -1.31596947E+00   1.28844231E-01
       493  -2.38983818E+00   1.00971170E-01
       494  -1.64345631E+00   1.26954394E-01
       495  -9.20582116E-01   1.43781982E-01
       496  -1.98097571E+00   1.30352341E-01
       497  -1.73114895E+00   1.03395732E-01
       498  -1.81136300E+00   1.18073703E-01
       499  -1.38775900E+00   1.36503728E-01
       500  -1.95195349E+00   1.21862782E-01
