
*** SETUP: MPI ****************************************************************

Number of processors: 1
Process 1 of 1 (rank 0): 8c562bcf5540
*******************************************************************************

*******************************************************************************

   NNP LIBRARY v2.0.0
   ------------------

Git branch  : HEAD
Git revision: 67cbf5ae (67cbf5ae407ff464cbc6674ae93dec867e70a671)

*******************************************************************************

*** SETUP: SETTINGS FILE ******************************************************

Settings file name: input.nn
Read 297 lines.
Found 224 lines with keywords.
*******************************************************************************

*** SETUP: NORMALIZATION ******************************************************

Data set normalization is used.
Mean energy per atom     :  -5.4328192583631534E+00
Conversion factor energy :   4.1346064833387752E-01
Conversion factor length :   4.1870408581848444E+01

Atomic energy offsets are used in addition to data set normalization.
Offsets will be subtracted from reference energies BEFORE normalization is applied.
*******************************************************************************

*** SETUP: ELEMENT MAP ********************************************************

Number of element strings found: 4
Element  0:  H (  1)
Element  1:  C (  6)
Element  2:  N (  7)
Element  3:  O (  8)
*******************************************************************************

*** SETUP: ELEMENTS ***********************************************************

Number of elements is consistent: 4
Atomic energy offsets per element:
Element  0:  -9.89100000E+01
Element  1:  -2.93970000E+02
Element  2:  -2.36900000E+02
Element  3:  -1.54280000E+02
Energy offsets are automatically subtracted from reference energies.
*******************************************************************************

*** SETUP: CUTOFF FUNCTIONS ***************************************************

Parameter alpha for inner cutoff: 0.000000
Inner cutoff = Symmetry function cutoff * alpha
Equal cutoff function type for all symmetry functions:
CutoffFunction::CT_TANHU (2)
f(r) = tanh^3(1 - r/rc)
*******************************************************************************

*** SETUP: SYMMETRY FUNCTIONS *************************************************

Abbreviations:
--------------
ind .... Symmetry function index.
ec ..... Central atom element.
ty ..... Symmetry function type.
e1 ..... Neighbor 1 element.
e2 ..... Neighbor 2 element.
eta .... Gaussian width eta.
rs ..... Shift distance of Gaussian.
la ..... Angle prefactor lambda.
zeta ... Angle term exponent zeta.
rc ..... Cutoff radius.
ct ..... Cutoff type.
ca ..... Cutoff alpha.
ln ..... Line number in settings file.

Short range atomic symmetry functions element  H :
-------------------------------------------------------------------------------
 ind ec ty e1 e2       eta        rs la zeta        rc ct   ca    ln
-------------------------------------------------------------------------------
   1  H 12       1.000E-03 0.000E+00         5.000E+00  2 0.00   117
   2  H 12       1.000E-03 3.000E+00         5.000E+00  2 0.00   126
   3  H 12       1.000E-02 0.000E+00         5.000E+00  2 0.00   118
   4  H 12       1.000E-02 3.000E+00         5.000E+00  2 0.00   127
   5  H 12       3.000E-02 0.000E+00         5.000E+00  2 0.00   119
   6  H 12       3.000E-02 3.000E+00         5.000E+00  2 0.00   128
   7  H 12       6.000E-02 0.000E+00         5.000E+00  2 0.00   120
   8  H 12       6.000E-02 3.000E+00         5.000E+00  2 0.00   129
   9  H 12       1.000E-01 0.000E+00         5.000E+00  2 0.00   121
  10  H 12       1.000E-01 3.000E+00         5.000E+00  2 0.00   130
  11  H 12       1.500E-01 1.900E+00         5.000E+00  2 0.00   122
  12  H 12       1.500E-01 3.900E+00         5.000E+00  2 0.00   131
  13  H 12       3.000E-01 1.900E+00         5.000E+00  2 0.00   123
  14  H 12       3.000E-01 3.900E+00         5.000E+00  2 0.00   132
  15  H 12       6.000E-01 1.900E+00         5.000E+00  2 0.00   124
  16  H 12       6.000E-01 3.900E+00         5.000E+00  2 0.00   133
  17  H 12       1.500E+00 1.900E+00         5.000E+00  2 0.00   125
  18  H 12       1.500E+00 3.900E+00         5.000E+00  2 0.00   134
  19  H 13       1.000E-03 0.000E+00 -1  3.0 5.000E+00  2 0.00   218
  20  H 13       1.000E-03 0.000E+00  1  3.0 5.000E+00  2 0.00   217
  21  H 13       1.000E-03 0.000E+00 -1  4.0 5.000E+00  2 0.00   205
  22  H 13       1.000E-03 0.000E+00  1  4.0 5.000E+00  2 0.00   204
  23  H 13       1.000E-02 0.000E+00 -1  3.0 5.000E+00  2 0.00   214
  24  H 13       1.000E-02 0.000E+00  1  3.0 5.000E+00  2 0.00   213
  25  H 13       1.000E-02 0.000E+00 -1  4.0 5.000E+00  2 0.00   201
  26  H 13       1.000E-02 0.000E+00  1  4.0 5.000E+00  2 0.00   200
  27  H 13       3.000E-02 0.000E+00 -1  1.0 5.000E+00  2 0.00   199
  28  H 13       3.000E-02 0.000E+00 -1  1.0 5.000E+00  2 0.00   203
  29  H 13       3.000E-02 0.000E+00  1  1.0 5.000E+00  2 0.00   198
  30  H 13       3.000E-02 0.000E+00  1  1.0 5.000E+00  2 0.00   202
  31  H 13       3.000E-02 0.000E+00 -1  2.0 5.000E+00  2 0.00   212
  32  H 13       3.000E-02 0.000E+00  1  2.0 5.000E+00  2 0.00   211
  33  H 13       3.000E-02 0.000E+00 -1  3.0 5.000E+00  2 0.00   216
  34  H 13       3.000E-02 0.000E+00  1  3.0 5.000E+00  2 0.00   215
  35  H 13       7.000E-02 0.000E+00 -1  1.0 5.000E+00  2 0.00   197
  36  H 13       7.000E-02 0.000E+00  1  1.0 5.000E+00  2 0.00   196
  37  H 13       7.000E-02 0.000E+00 -1  2.0 5.000E+00  2 0.00   210
  38  H 13       7.000E-02 0.000E+00  1  2.0 5.000E+00  2 0.00   209
  39  H 13       2.000E-01 0.000E+00 -1  1.0 5.000E+00  2 0.00   195
  40  H 13       2.000E-01 0.000E+00  1  1.0 5.000E+00  2 0.00   194
  41  H 13       2.000E-01 0.000E+00 -1  2.0 5.000E+00  2 0.00   208
  42  H 13       2.000E-01 0.000E+00  1  2.0 5.000E+00  2 0.00   207
-------------------------------------------------------------------------------
Short range atomic symmetry functions element  C :
-------------------------------------------------------------------------------
 ind ec ty e1 e2       eta        rs la zeta        rc ct   ca    ln
-------------------------------------------------------------------------------
   1  C 12       1.000E-03 0.000E+00         5.000E+00  2 0.00   136
   2  C 12       1.000E-03 3.000E+00         5.000E+00  2 0.00   145
   3  C 12       1.000E-02 0.000E+00         5.000E+00  2 0.00   137
   4  C 12       1.000E-02 3.000E+00         5.000E+00  2 0.00   146
   5  C 12       3.000E-02 0.000E+00         5.000E+00  2 0.00   138
   6  C 12       3.000E-02 3.000E+00         5.000E+00  2 0.00   147
   7  C 12       6.000E-02 0.000E+00         5.000E+00  2 0.00   139
   8  C 12       6.000E-02 3.000E+00         5.000E+00  2 0.00   148
   9  C 12       1.000E-01 0.000E+00         5.000E+00  2 0.00   140
  10  C 12       1.000E-01 3.000E+00         5.000E+00  2 0.00   149
  11  C 12       1.500E-01 1.900E+00         5.000E+00  2 0.00   141
  12  C 12       1.500E-01 3.900E+00         5.000E+00  2 0.00   150
  13  C 12       3.000E-01 1.900E+00         5.000E+00  2 0.00   142
  14  C 12       3.000E-01 3.900E+00         5.000E+00  2 0.00   151
  15  C 12       6.000E-01 1.900E+00         5.000E+00  2 0.00   143
  16  C 12       6.000E-01 3.900E+00         5.000E+00  2 0.00   152
  17  C 12       1.500E+00 1.900E+00         5.000E+00  2 0.00   144
  18  C 12       1.500E+00 3.900E+00         5.000E+00  2 0.00   153
  19  C 13       1.000E-03 0.000E+00 -1  3.0 5.000E+00  2 0.00   244
  20  C 13       1.000E-03 0.000E+00  1  3.0 5.000E+00  2 0.00   243
  21  C 13       1.000E-03 0.000E+00 -1  4.0 5.000E+00  2 0.00   231
  22  C 13       1.000E-03 0.000E+00  1  4.0 5.000E+00  2 0.00   230
  23  C 13       1.000E-02 0.000E+00 -1  3.0 5.000E+00  2 0.00   240
  24  C 13       1.000E-02 0.000E+00  1  3.0 5.000E+00  2 0.00   239
  25  C 13       1.000E-02 0.000E+00 -1  4.0 5.000E+00  2 0.00   227
  26  C 13       1.000E-02 0.000E+00  1  4.0 5.000E+00  2 0.00   226
  27  C 13       3.000E-02 0.000E+00 -1  1.0 5.000E+00  2 0.00   225
  28  C 13       3.000E-02 0.000E+00 -1  1.0 5.000E+00  2 0.00   229
  29  C 13       3.000E-02 0.000E+00  1  1.0 5.000E+00  2 0.00   224
  30  C 13       3.000E-02 0.000E+00  1  1.0 5.000E+00  2 0.00   228
  31  C 13       3.000E-02 0.000E+00 -1  2.0 5.000E+00  2 0.00   238
  32  C 13       3.000E-02 0.000E+00  1  2.0 5.000E+00  2 0.00   237
  33  C 13       3.000E-02 0.000E+00 -1  3.0 5.000E+00  2 0.00   242
  34  C 13       3.000E-02 0.000E+00  1  3.0 5.000E+00  2 0.00   241
  35  C 13       7.000E-02 0.000E+00 -1  1.0 5.000E+00  2 0.00   223
  36  C 13       7.000E-02 0.000E+00  1  1.0 5.000E+00  2 0.00   222
  37  C 13       7.000E-02 0.000E+00 -1  2.0 5.000E+00  2 0.00   236
  38  C 13       7.000E-02 0.000E+00  1  2.0 5.000E+00  2 0.00   235
  39  C 13       2.000E-01 0.000E+00 -1  1.0 5.000E+00  2 0.00   221
  40  C 13       2.000E-01 0.000E+00  1  1.0 5.000E+00  2 0.00   220
  41  C 13       2.000E-01 0.000E+00 -1  2.0 5.000E+00  2 0.00   234
  42  C 13       2.000E-01 0.000E+00  1  2.0 5.000E+00  2 0.00   233
-------------------------------------------------------------------------------
Short range atomic symmetry functions element  N :
-------------------------------------------------------------------------------
 ind ec ty e1 e2       eta        rs la zeta        rc ct   ca    ln
-------------------------------------------------------------------------------
   1  N 12       1.000E-03 0.000E+00         5.000E+00  2 0.00   174
   2  N 12       1.000E-03 3.000E+00         5.000E+00  2 0.00   183
   3  N 12       1.000E-02 0.000E+00         5.000E+00  2 0.00   175
   4  N 12       1.000E-02 3.000E+00         5.000E+00  2 0.00   184
   5  N 12       3.000E-02 0.000E+00         5.000E+00  2 0.00   176
   6  N 12       3.000E-02 3.000E+00         5.000E+00  2 0.00   185
   7  N 12       6.000E-02 0.000E+00         5.000E+00  2 0.00   177
   8  N 12       6.000E-02 3.000E+00         5.000E+00  2 0.00   186
   9  N 12       1.000E-01 0.000E+00         5.000E+00  2 0.00   178
  10  N 12       1.000E-01 3.000E+00         5.000E+00  2 0.00   187
  11  N 12       1.500E-01 1.900E+00         5.000E+00  2 0.00   179
  12  N 12       1.500E-01 3.900E+00         5.000E+00  2 0.00   188
  13  N 12       3.000E-01 1.900E+00         5.000E+00  2 0.00   180
  14  N 12       3.000E-01 3.900E+00         5.000E+00  2 0.00   189
  15  N 12       6.000E-01 1.900E+00         5.000E+00  2 0.00   181
  16  N 12       6.000E-01 3.900E+00         5.000E+00  2 0.00   190
  17  N 12       1.500E+00 1.900E+00         5.000E+00  2 0.00   182
  18  N 12       1.500E+00 3.900E+00         5.000E+00  2 0.00   191
  19  N 13       1.000E-03 0.000E+00 -1  3.0 5.000E+00  2 0.00   270
  20  N 13       1.000E-03 0.000E+00  1  3.0 5.000E+00  2 0.00   269
  21  N 13       1.000E-03 0.000E+00 -1  4.0 5.000E+00  2 0.00   257
  22  N 13       1.000E-03 0.000E+00  1  4.0 5.000E+00  2 0.00   256
  23  N 13       1.000E-02 0.000E+00 -1  3.0 5.000E+00  2 0.00   266
  24  N 13       1.000E-02 0.000E+00  1  3.0 5.000E+00  2 0.00   265
  25  N 13       1.000E-02 0.000E+00 -1  4.0 5.000E+00  2 0.00   253
  26  N 13       1.000E-02 0.000E+00  1  4.0 5.000E+00  2 0.00   252
  27  N 13       3.000E-02 0.000E+00 -1  1.0 5.000E+00  2 0.00   251
  28  N 13       3.000E-02 0.000E+00 -1  1.0 5.000E+00  2 0.00   255
  29  N 13       3.000E-02 0.000E+00  1  1.0 5.000E+00  2 0.00   250
  30  N 13       3.000E-02 0.000E+00  1  1.0 5.000E+00  2 0.00   254
  31  N 13       3.000E-02 0.000E+00 -1  2.0 5.000E+00  2 0.00   264
  32  N 13       3.000E-02 0.000E+00  1  2.0 5.000E+00  2 0.00   263
  33  N 13       3.000E-02 0.000E+00 -1  3.0 5.000E+00  2 0.00   268
  34  N 13       3.000E-02 0.000E+00  1  3.0 5.000E+00  2 0.00   267
  35  N 13       7.000E-02 0.000E+00 -1  1.0 5.000E+00  2 0.00   249
  36  N 13       7.000E-02 0.000E+00  1  1.0 5.000E+00  2 0.00   248
  37  N 13       7.000E-02 0.000E+00 -1  2.0 5.000E+00  2 0.00   262
  38  N 13       7.000E-02 0.000E+00  1  2.0 5.000E+00  2 0.00   261
  39  N 13       2.000E-01 0.000E+00 -1  1.0 5.000E+00  2 0.00   247
  40  N 13       2.000E-01 0.000E+00  1  1.0 5.000E+00  2 0.00   246
  41  N 13       2.000E-01 0.000E+00 -1  2.0 5.000E+00  2 0.00   260
  42  N 13       2.000E-01 0.000E+00  1  2.0 5.000E+00  2 0.00   259
-------------------------------------------------------------------------------
Short range atomic symmetry functions element  O :
-------------------------------------------------------------------------------
 ind ec ty e1 e2       eta        rs la zeta        rc ct   ca    ln
-------------------------------------------------------------------------------
   1  O 12       1.000E-03 0.000E+00         5.000E+00  2 0.00   155
   2  O 12       1.000E-03 3.000E+00         5.000E+00  2 0.00   164
   3  O 12       1.000E-02 0.000E+00         5.000E+00  2 0.00   156
   4  O 12       1.000E-02 3.000E+00         5.000E+00  2 0.00   165
   5  O 12       3.000E-02 0.000E+00         5.000E+00  2 0.00   157
   6  O 12       3.000E-02 3.000E+00         5.000E+00  2 0.00   166
   7  O 12       6.000E-02 0.000E+00         5.000E+00  2 0.00   158
   8  O 12       6.000E-02 3.000E+00         5.000E+00  2 0.00   167
   9  O 12       1.000E-01 0.000E+00         5.000E+00  2 0.00   159
  10  O 12       1.000E-01 3.000E+00         5.000E+00  2 0.00   168
  11  O 12       1.500E-01 1.900E+00         5.000E+00  2 0.00   160
  12  O 12       1.500E-01 3.900E+00         5.000E+00  2 0.00   169
  13  O 12       3.000E-01 1.900E+00         5.000E+00  2 0.00   161
  14  O 12       3.000E-01 3.900E+00         5.000E+00  2 0.00   170
  15  O 12       6.000E-01 1.900E+00         5.000E+00  2 0.00   162
  16  O 12       6.000E-01 3.900E+00         5.000E+00  2 0.00   171
  17  O 12       1.500E+00 1.900E+00         5.000E+00  2 0.00   163
  18  O 12       1.500E+00 3.900E+00         5.000E+00  2 0.00   172
  19  O 13       1.000E-03 0.000E+00 -1  3.0 5.000E+00  2 0.00   296
  20  O 13       1.000E-03 0.000E+00  1  3.0 5.000E+00  2 0.00   295
  21  O 13       1.000E-03 0.000E+00 -1  4.0 5.000E+00  2 0.00   283
  22  O 13       1.000E-03 0.000E+00  1  4.0 5.000E+00  2 0.00   282
  23  O 13       1.000E-02 0.000E+00 -1  3.0 5.000E+00  2 0.00   292
  24  O 13       1.000E-02 0.000E+00  1  3.0 5.000E+00  2 0.00   291
  25  O 13       1.000E-02 0.000E+00 -1  4.0 5.000E+00  2 0.00   279
  26  O 13       1.000E-02 0.000E+00  1  4.0 5.000E+00  2 0.00   278
  27  O 13       3.000E-02 0.000E+00 -1  1.0 5.000E+00  2 0.00   277
  28  O 13       3.000E-02 0.000E+00 -1  1.0 5.000E+00  2 0.00   281
  29  O 13       3.000E-02 0.000E+00  1  1.0 5.000E+00  2 0.00   276
  30  O 13       3.000E-02 0.000E+00  1  1.0 5.000E+00  2 0.00   280
  31  O 13       3.000E-02 0.000E+00 -1  2.0 5.000E+00  2 0.00   290
  32  O 13       3.000E-02 0.000E+00  1  2.0 5.000E+00  2 0.00   289
  33  O 13       3.000E-02 0.000E+00 -1  3.0 5.000E+00  2 0.00   294
  34  O 13       3.000E-02 0.000E+00  1  3.0 5.000E+00  2 0.00   293
  35  O 13       7.000E-02 0.000E+00 -1  1.0 5.000E+00  2 0.00   275
  36  O 13       7.000E-02 0.000E+00  1  1.0 5.000E+00  2 0.00   274
  37  O 13       7.000E-02 0.000E+00 -1  2.0 5.000E+00  2 0.00   288
  38  O 13       7.000E-02 0.000E+00  1  2.0 5.000E+00  2 0.00   287
  39  O 13       2.000E-01 0.000E+00 -1  1.0 5.000E+00  2 0.00   273
  40  O 13       2.000E-01 0.000E+00  1  1.0 5.000E+00  2 0.00   272
  41  O 13       2.000E-01 0.000E+00 -1  2.0 5.000E+00  2 0.00   286
  42  O 13       2.000E-01 0.000E+00  1  2.0 5.000E+00  2 0.00   285
-------------------------------------------------------------------------------
Minimum cutoff radius for element  H: 5.000000
Minimum cutoff radius for element  C: 5.000000
Minimum cutoff radius for element  N: 5.000000
Minimum cutoff radius for element  O: 5.000000
Maximum cutoff radius (global)      : 5.000000
*******************************************************************************

*** SETUP: SYMMETRY FUNCTION MEMORY *******************************************

Symmetry function derivatives memory table for element  H :
-------------------------------------------------------------------------------
Relevant symmetry functions for neighbors with element:
-  H:   42 of   42 (100.0 %)
-  C:   42 of   42 (100.0 %)
-  N:   42 of   42 (100.0 %)
-  O:   42 of   42 (100.0 %)
-------------------------------------------------------------------------------
Symmetry function derivatives memory table for element  C :
-------------------------------------------------------------------------------
Relevant symmetry functions for neighbors with element:
-  H:   42 of   42 (100.0 %)
-  C:   42 of   42 (100.0 %)
-  N:   42 of   42 (100.0 %)
-  O:   42 of   42 (100.0 %)
-------------------------------------------------------------------------------
Symmetry function derivatives memory table for element  N :
-------------------------------------------------------------------------------
Relevant symmetry functions for neighbors with element:
-  H:   42 of   42 (100.0 %)
-  C:   42 of   42 (100.0 %)
-  N:   42 of   42 (100.0 %)
-  O:   42 of   42 (100.0 %)
-------------------------------------------------------------------------------
Symmetry function derivatives memory table for element  O :
-------------------------------------------------------------------------------
Relevant symmetry functions for neighbors with element:
-  H:   42 of   42 (100.0 %)
-  C:   42 of   42 (100.0 %)
-  N:   42 of   42 (100.0 %)
-  O:   42 of   42 (100.0 %)
-------------------------------------------------------------------------------
*******************************************************************************

*** SETUP: SYMMETRY FUNCTION GROUPS *******************************************

Abbreviations:
--------------
ind .... Symmetry function group index.
ec ..... Central atom element.
ty ..... Symmetry function type.
e1 ..... Neighbor 1 element.
e2 ..... Neighbor 2 element.
eta .... Gaussian width eta.
rs ..... Shift distance of Gaussian.
la ..... Angle prefactor lambda.
zeta ... Angle term exponent zeta.
rc ..... Cutoff radius.
ct ..... Cutoff type.
ca ..... Cutoff alpha.
ln ..... Line number in settings file.
mi ..... Member index.
sfi .... Symmetry function index.
e ...... Recalculate exponential term.

Short range atomic symmetry function groups element  H :
-------------------------------------------------------------------------------
 ind ec ty e1 e2       eta        rs la zeta        rc ct   ca    ln   mi  sfi e
-------------------------------------------------------------------------------
   1  H 12               *         *         5.000E+00  2 0.00     *    *    *  
   -  -  -       1.000E-03 0.000E+00                 -  -    -   116    1    1  
   -  -  -       1.000E-03 3.000E+00                 -  -    -   125    2    2  
   -  -  -       1.000E-02 0.000E+00                 -  -    -   117    3    3  
   -  -  -       1.000E-02 3.000E+00                 -  -    -   126    4    4  
   -  -  -       3.000E-02 0.000E+00                 -  -    -   118    5    5  
   -  -  -       3.000E-02 3.000E+00                 -  -    -   127    6    6  
   -  -  -       6.000E-02 0.000E+00                 -  -    -   119    7    7  
   -  -  -       6.000E-02 3.000E+00                 -  -    -   128    8    8  
   -  -  -       1.000E-01 0.000E+00                 -  -    -   120    9    9  
   -  -  -       1.000E-01 3.000E+00                 -  -    -   129   10   10  
   -  -  -       1.500E-01 1.900E+00                 -  -    -   121   11   11  
   -  -  -       1.500E-01 3.900E+00                 -  -    -   130   12   12  
   -  -  -       3.000E-01 1.900E+00                 -  -    -   122   13   13  
   -  -  -       3.000E-01 3.900E+00                 -  -    -   131   14   14  
   -  -  -       6.000E-01 1.900E+00                 -  -    -   123   15   15  
   -  -  -       6.000E-01 3.900E+00                 -  -    -   132   16   16  
   -  -  -       1.500E+00 1.900E+00                 -  -    -   124   17   17  
   -  -  -       1.500E+00 3.900E+00                 -  -    -   133   18   18  
   2  H 13               *         *  *    * 5.000E+00  2 0.00     *    *    * *
   -  -  -       1.000E-03 0.000E+00 -1  3.0         -  -    -   217    1   19 1
   -  -  -       1.000E-03 0.000E+00  1  3.0         -  -    -   216    2   20 0
   -  -  -       1.000E-03 0.000E+00 -1  4.0         -  -    -   204    3   21 0
   -  -  -       1.000E-03 0.000E+00  1  4.0         -  -    -   203    4   22 0
   -  -  -       1.000E-02 0.000E+00 -1  3.0         -  -    -   213    5   23 1
   -  -  -       1.000E-02 0.000E+00  1  3.0         -  -    -   212    6   24 0
   -  -  -       1.000E-02 0.000E+00 -1  4.0         -  -    -   200    7   25 0
   -  -  -       1.000E-02 0.000E+00  1  4.0         -  -    -   199    8   26 0
   -  -  -       3.000E-02 0.000E+00 -1  1.0         -  -    -   198    9   27 1
   -  -  -       3.000E-02 0.000E+00 -1  1.0         -  -    -   202   10   28 0
   -  -  -       3.000E-02 0.000E+00  1  1.0         -  -    -   197   11   29 0
   -  -  -       3.000E-02 0.000E+00  1  1.0         -  -    -   201   12   30 0
   -  -  -       3.000E-02 0.000E+00 -1  2.0         -  -    -   211   13   31 0
   -  -  -       3.000E-02 0.000E+00  1  2.0         -  -    -   210   14   32 0
   -  -  -       3.000E-02 0.000E+00 -1  3.0         -  -    -   215   15   33 0
   -  -  -       3.000E-02 0.000E+00  1  3.0         -  -    -   214   16   34 0
   -  -  -       7.000E-02 0.000E+00 -1  1.0         -  -    -   196   17   35 1
   -  -  -       7.000E-02 0.000E+00  1  1.0         -  -    -   195   18   36 0
   -  -  -       7.000E-02 0.000E+00 -1  2.0         -  -    -   209   19   37 0
   -  -  -       7.000E-02 0.000E+00  1  2.0         -  -    -   208   20   38 0
   -  -  -       2.000E-01 0.000E+00 -1  1.0         -  -    -   194   21   39 1
   -  -  -       2.000E-01 0.000E+00  1  1.0         -  -    -   193   22   40 0
   -  -  -       2.000E-01 0.000E+00 -1  2.0         -  -    -   207   23   41 0
   -  -  -       2.000E-01 0.000E+00  1  2.0         -  -    -   206   24   42 0
-------------------------------------------------------------------------------
Short range atomic symmetry function groups element  C :
-------------------------------------------------------------------------------
 ind ec ty e1 e2       eta        rs la zeta        rc ct   ca    ln   mi  sfi e
-------------------------------------------------------------------------------
   1  C 12               *         *         5.000E+00  2 0.00     *    *    *  
   -  -  -       1.000E-03 0.000E+00                 -  -    -   135    1    1  
   -  -  -       1.000E-03 3.000E+00                 -  -    -   144    2    2  
   -  -  -       1.000E-02 0.000E+00                 -  -    -   136    3    3  
   -  -  -       1.000E-02 3.000E+00                 -  -    -   145    4    4  
   -  -  -       3.000E-02 0.000E+00                 -  -    -   137    5    5  
   -  -  -       3.000E-02 3.000E+00                 -  -    -   146    6    6  
   -  -  -       6.000E-02 0.000E+00                 -  -    -   138    7    7  
   -  -  -       6.000E-02 3.000E+00                 -  -    -   147    8    8  
   -  -  -       1.000E-01 0.000E+00                 -  -    -   139    9    9  
   -  -  -       1.000E-01 3.000E+00                 -  -    -   148   10   10  
   -  -  -       1.500E-01 1.900E+00                 -  -    -   140   11   11  
   -  -  -       1.500E-01 3.900E+00                 -  -    -   149   12   12  
   -  -  -       3.000E-01 1.900E+00                 -  -    -   141   13   13  
   -  -  -       3.000E-01 3.900E+00                 -  -    -   150   14   14  
   -  -  -       6.000E-01 1.900E+00                 -  -    -   142   15   15  
   -  -  -       6.000E-01 3.900E+00                 -  -    -   151   16   16  
   -  -  -       1.500E+00 1.900E+00                 -  -    -   143   17   17  
   -  -  -       1.500E+00 3.900E+00                 -  -    -   152   18   18  
   2  C 13               *         *  *    * 5.000E+00  2 0.00     *    *    * *
   -  -  -       1.000E-03 0.000E+00 -1  3.0         -  -    -   243    1   19 1
   -  -  -       1.000E-03 0.000E+00  1  3.0         -  -    -   242    2   20 0
   -  -  -       1.000E-03 0.000E+00 -1  4.0         -  -    -   230    3   21 0
   -  -  -       1.000E-03 0.000E+00  1  4.0         -  -    -   229    4   22 0
   -  -  -       1.000E-02 0.000E+00 -1  3.0         -  -    -   239    5   23 1
   -  -  -       1.000E-02 0.000E+00  1  3.0         -  -    -   238    6   24 0
   -  -  -       1.000E-02 0.000E+00 -1  4.0         -  -    -   226    7   25 0
   -  -  -       1.000E-02 0.000E+00  1  4.0         -  -    -   225    8   26 0
   -  -  -       3.000E-02 0.000E+00 -1  1.0         -  -    -   224    9   27 1
   -  -  -       3.000E-02 0.000E+00 -1  1.0         -  -    -   228   10   28 0
   -  -  -       3.000E-02 0.000E+00  1  1.0         -  -    -   223   11   29 0
   -  -  -       3.000E-02 0.000E+00  1  1.0         -  -    -   227   12   30 0
   -  -  -       3.000E-02 0.000E+00 -1  2.0         -  -    -   237   13   31 0
   -  -  -       3.000E-02 0.000E+00  1  2.0         -  -    -   236   14   32 0
   -  -  -       3.000E-02 0.000E+00 -1  3.0         -  -    -   241   15   33 0
   -  -  -       3.000E-02 0.000E+00  1  3.0         -  -    -   240   16   34 0
   -  -  -       7.000E-02 0.000E+00 -1  1.0         -  -    -   222   17   35 1
   -  -  -       7.000E-02 0.000E+00  1  1.0         -  -    -   221   18   36 0
   -  -  -       7.000E-02 0.000E+00 -1  2.0         -  -    -   235   19   37 0
   -  -  -       7.000E-02 0.000E+00  1  2.0         -  -    -   234   20   38 0
   -  -  -       2.000E-01 0.000E+00 -1  1.0         -  -    -   220   21   39 1
   -  -  -       2.000E-01 0.000E+00  1  1.0         -  -    -   219   22   40 0
   -  -  -       2.000E-01 0.000E+00 -1  2.0         -  -    -   233   23   41 0
   -  -  -       2.000E-01 0.000E+00  1  2.0         -  -    -   232   24   42 0
-------------------------------------------------------------------------------
Short range atomic symmetry function groups element  N :
-------------------------------------------------------------------------------
 ind ec ty e1 e2       eta        rs la zeta        rc ct   ca    ln   mi  sfi e
-------------------------------------------------------------------------------
   1  N 12               *         *         5.000E+00  2 0.00     *    *    *  
   -  -  -       1.000E-03 0.000E+00                 -  -    -   173    1    1  
   -  -  -       1.000E-03 3.000E+00                 -  -    -   182    2    2  
   -  -  -       1.000E-02 0.000E+00                 -  -    -   174    3    3  
   -  -  -       1.000E-02 3.000E+00                 -  -    -   183    4    4  
   -  -  -       3.000E-02 0.000E+00                 -  -    -   175    5    5  
   -  -  -       3.000E-02 3.000E+00                 -  -    -   184    6    6  
   -  -  -       6.000E-02 0.000E+00                 -  -    -   176    7    7  
   -  -  -       6.000E-02 3.000E+00                 -  -    -   185    8    8  
   -  -  -       1.000E-01 0.000E+00                 -  -    -   177    9    9  
   -  -  -       1.000E-01 3.000E+00                 -  -    -   186   10   10  
   -  -  -       1.500E-01 1.900E+00                 -  -    -   178   11   11  
   -  -  -       1.500E-01 3.900E+00                 -  -    -   187   12   12  
   -  -  -       3.000E-01 1.900E+00                 -  -    -   179   13   13  
   -  -  -       3.000E-01 3.900E+00                 -  -    -   188   14   14  
   -  -  -       6.000E-01 1.900E+00                 -  -    -   180   15   15  
   -  -  -       6.000E-01 3.900E+00                 -  -    -   189   16   16  
   -  -  -       1.500E+00 1.900E+00                 -  -    -   181   17   17  
   -  -  -       1.500E+00 3.900E+00                 -  -    -   190   18   18  
   2  N 13               *         *  *    * 5.000E+00  2 0.00     *    *    * *
   -  -  -       1.000E-03 0.000E+00 -1  3.0         -  -    -   269    1   19 1
   -  -  -       1.000E-03 0.000E+00  1  3.0         -  -    -   268    2   20 0
   -  -  -       1.000E-03 0.000E+00 -1  4.0         -  -    -   256    3   21 0
   -  -  -       1.000E-03 0.000E+00  1  4.0         -  -    -   255    4   22 0
   -  -  -       1.000E-02 0.000E+00 -1  3.0         -  -    -   265    5   23 1
   -  -  -       1.000E-02 0.000E+00  1  3.0         -  -    -   264    6   24 0
   -  -  -       1.000E-02 0.000E+00 -1  4.0         -  -    -   252    7   25 0
   -  -  -       1.000E-02 0.000E+00  1  4.0         -  -    -   251    8   26 0
   -  -  -       3.000E-02 0.000E+00 -1  1.0         -  -    -   250    9   27 1
   -  -  -       3.000E-02 0.000E+00 -1  1.0         -  -    -   254   10   28 0
   -  -  -       3.000E-02 0.000E+00  1  1.0         -  -    -   249   11   29 0
   -  -  -       3.000E-02 0.000E+00  1  1.0         -  -    -   253   12   30 0
   -  -  -       3.000E-02 0.000E+00 -1  2.0         -  -    -   263   13   31 0
   -  -  -       3.000E-02 0.000E+00  1  2.0         -  -    -   262   14   32 0
   -  -  -       3.000E-02 0.000E+00 -1  3.0         -  -    -   267   15   33 0
   -  -  -       3.000E-02 0.000E+00  1  3.0         -  -    -   266   16   34 0
   -  -  -       7.000E-02 0.000E+00 -1  1.0         -  -    -   248   17   35 1
   -  -  -       7.000E-02 0.000E+00  1  1.0         -  -    -   247   18   36 0
   -  -  -       7.000E-02 0.000E+00 -1  2.0         -  -    -   261   19   37 0
   -  -  -       7.000E-02 0.000E+00  1  2.0         -  -    -   260   20   38 0
   -  -  -       2.000E-01 0.000E+00 -1  1.0         -  -    -   246   21   39 1
   -  -  -       2.000E-01 0.000E+00  1  1.0         -  -    -   245   22   40 0
   -  -  -       2.000E-01 0.000E+00 -1  2.0         -  -    -   259   23   41 0
   -  -  -       2.000E-01 0.000E+00  1  2.0         -  -    -   258   24   42 0
-------------------------------------------------------------------------------
Short range atomic symmetry function groups element  O :
-------------------------------------------------------------------------------
 ind ec ty e1 e2       eta        rs la zeta        rc ct   ca    ln   mi  sfi e
-------------------------------------------------------------------------------
   1  O 12               *         *         5.000E+00  2 0.00     *    *    *  
   -  -  -       1.000E-03 0.000E+00                 -  -    -   154    1    1  
   -  -  -       1.000E-03 3.000E+00                 -  -    -   163    2    2  
   -  -  -       1.000E-02 0.000E+00                 -  -    -   155    3    3  
   -  -  -       1.000E-02 3.000E+00                 -  -    -   164    4    4  
   -  -  -       3.000E-02 0.000E+00                 -  -    -   156    5    5  
   -  -  -       3.000E-02 3.000E+00                 -  -    -   165    6    6  
   -  -  -       6.000E-02 0.000E+00                 -  -    -   157    7    7  
   -  -  -       6.000E-02 3.000E+00                 -  -    -   166    8    8  
   -  -  -       1.000E-01 0.000E+00                 -  -    -   158    9    9  
   -  -  -       1.000E-01 3.000E+00                 -  -    -   167   10   10  
   -  -  -       1.500E-01 1.900E+00                 -  -    -   159   11   11  
   -  -  -       1.500E-01 3.900E+00                 -  -    -   168   12   12  
   -  -  -       3.000E-01 1.900E+00                 -  -    -   160   13   13  
   -  -  -       3.000E-01 3.900E+00                 -  -    -   169   14   14  
   -  -  -       6.000E-01 1.900E+00                 -  -    -   161   15   15  
   -  -  -       6.000E-01 3.900E+00                 -  -    -   170   16   16  
   -  -  -       1.500E+00 1.900E+00                 -  -    -   162   17   17  
   -  -  -       1.500E+00 3.900E+00                 -  -    -   171   18   18  
   2  O 13               *         *  *    * 5.000E+00  2 0.00     *    *    * *
   -  -  -       1.000E-03 0.000E+00 -1  3.0         -  -    -   295    1   19 1
   -  -  -       1.000E-03 0.000E+00  1  3.0         -  -    -   294    2   20 0
   -  -  -       1.000E-03 0.000E+00 -1  4.0         -  -    -   282    3   21 0
   -  -  -       1.000E-03 0.000E+00  1  4.0         -  -    -   281    4   22 0
   -  -  -       1.000E-02 0.000E+00 -1  3.0         -  -    -   291    5   23 1
   -  -  -       1.000E-02 0.000E+00  1  3.0         -  -    -   290    6   24 0
   -  -  -       1.000E-02 0.000E+00 -1  4.0         -  -    -   278    7   25 0
   -  -  -       1.000E-02 0.000E+00  1  4.0         -  -    -   277    8   26 0
   -  -  -       3.000E-02 0.000E+00 -1  1.0         -  -    -   276    9   27 1
   -  -  -       3.000E-02 0.000E+00 -1  1.0         -  -    -   280   10   28 0
   -  -  -       3.000E-02 0.000E+00  1  1.0         -  -    -   275   11   29 0
   -  -  -       3.000E-02 0.000E+00  1  1.0         -  -    -   279   12   30 0
   -  -  -       3.000E-02 0.000E+00 -1  2.0         -  -    -   289   13   31 0
   -  -  -       3.000E-02 0.000E+00  1  2.0         -  -    -   288   14   32 0
   -  -  -       3.000E-02 0.000E+00 -1  3.0         -  -    -   293   15   33 0
   -  -  -       3.000E-02 0.000E+00  1  3.0         -  -    -   292   16   34 0
   -  -  -       7.000E-02 0.000E+00 -1  1.0         -  -    -   274   17   35 1
   -  -  -       7.000E-02 0.000E+00  1  1.0         -  -    -   273   18   36 0
   -  -  -       7.000E-02 0.000E+00 -1  2.0         -  -    -   287   19   37 0
   -  -  -       7.000E-02 0.000E+00  1  2.0         -  -    -   286   20   38 0
   -  -  -       2.000E-01 0.000E+00 -1  1.0         -  -    -   272   21   39 1
   -  -  -       2.000E-01 0.000E+00  1  1.0         -  -    -   271   22   40 0
   -  -  -       2.000E-01 0.000E+00 -1  2.0         -  -    -   285   23   41 0
   -  -  -       2.000E-01 0.000E+00  1  2.0         -  -    -   284   24   42 0
-------------------------------------------------------------------------------
*******************************************************************************

*** SETUP: NEURAL NETWORKS ****************************************************

Normalize neurons (all elements): 0
-------------------------------------------------------------------------------
Atomic short range NN for element  H :
Number of weights    :   4650
Number of biases     :    101
Number of connections:   4751
Architecture       42   50   50    1
-------------------------------------------------------------------------------
   1   G   t   t   l
   2   G   t   t    
   3   G   t   t    
   4   G   t   t    
   5   G   t   t    
   6   G   t   t    
   7   G   t   t    
   8   G   t   t    
   9   G   t   t    
  10   G   t   t    
  11   G   t   t    
  12   G   t   t    
  13   G   t   t    
  14   G   t   t    
  15   G   t   t    
  16   G   t   t    
  17   G   t   t    
  18   G   t   t    
  19   G   t   t    
  20   G   t   t    
  21   G   t   t    
  22   G   t   t    
  23   G   t   t    
  24   G   t   t    
  25   G   t   t    
  26   G   t   t    
  27   G   t   t    
  28   G   t   t    
  29   G   t   t    
  30   G   t   t    
  31   G   t   t    
  32   G   t   t    
  33   G   t   t    
  34   G   t   t    
  35   G   t   t    
  36   G   t   t    
  37   G   t   t    
  38   G   t   t    
  39   G   t   t    
  40   G   t   t    
  41   G   t   t    
  42   G   t   t    
  43       t   t    
  44       t   t    
  45       t   t    
  46       t   t    
  47       t   t    
  48       t   t    
  49       t   t    
  50       t   t    
-------------------------------------------------------------------------------
Atomic short range NN for element  C :
Number of weights    :   4650
Number of biases     :    101
Number of connections:   4751
Architecture       42   50   50    1
-------------------------------------------------------------------------------
   1   G   t   t   l
   2   G   t   t    
   3   G   t   t    
   4   G   t   t    
   5   G   t   t    
   6   G   t   t    
   7   G   t   t    
   8   G   t   t    
   9   G   t   t    
  10   G   t   t    
  11   G   t   t    
  12   G   t   t    
  13   G   t   t    
  14   G   t   t    
  15   G   t   t    
  16   G   t   t    
  17   G   t   t    
  18   G   t   t    
  19   G   t   t    
  20   G   t   t    
  21   G   t   t    
  22   G   t   t    
  23   G   t   t    
  24   G   t   t    
  25   G   t   t    
  26   G   t   t    
  27   G   t   t    
  28   G   t   t    
  29   G   t   t    
  30   G   t   t    
  31   G   t   t    
  32   G   t   t    
  33   G   t   t    
  34   G   t   t    
  35   G   t   t    
  36   G   t   t    
  37   G   t   t    
  38   G   t   t    
  39   G   t   t    
  40   G   t   t    
  41   G   t   t    
  42   G   t   t    
  43       t   t    
  44       t   t    
  45       t   t    
  46       t   t    
  47       t   t    
  48       t   t    
  49       t   t    
  50       t   t    
-------------------------------------------------------------------------------
Atomic short range NN for element  N :
Number of weights    :   4650
Number of biases     :    101
Number of connections:   4751
Architecture       42   50   50    1
-------------------------------------------------------------------------------
   1   G   t   t   l
   2   G   t   t    
   3   G   t   t    
   4   G   t   t    
   5   G   t   t    
   6   G   t   t    
   7   G   t   t    
   8   G   t   t    
   9   G   t   t    
  10   G   t   t    
  11   G   t   t    
  12   G   t   t    
  13   G   t   t    
  14   G   t   t    
  15   G   t   t    
  16   G   t   t    
  17   G   t   t    
  18   G   t   t    
  19   G   t   t    
  20   G   t   t    
  21   G   t   t    
  22   G   t   t    
  23   G   t   t    
  24   G   t   t    
  25   G   t   t    
  26   G   t   t    
  27   G   t   t    
  28   G   t   t    
  29   G   t   t    
  30   G   t   t    
  31   G   t   t    
  32   G   t   t    
  33   G   t   t    
  34   G   t   t    
  35   G   t   t    
  36   G   t   t    
  37   G   t   t    
  38   G   t   t    
  39   G   t   t    
  40   G   t   t    
  41   G   t   t    
  42   G   t   t    
  43       t   t    
  44       t   t    
  45       t   t    
  46       t   t    
  47       t   t    
  48       t   t    
  49       t   t    
  50       t   t    
-------------------------------------------------------------------------------
Atomic short range NN for element  O :
Number of weights    :   4650
Number of biases     :    101
Number of connections:   4751
Architecture       42   50   50    1
-------------------------------------------------------------------------------
   1   G   t   t   l
   2   G   t   t    
   3   G   t   t    
   4   G   t   t    
   5   G   t   t    
   6   G   t   t    
   7   G   t   t    
   8   G   t   t    
   9   G   t   t    
  10   G   t   t    
  11   G   t   t    
  12   G   t   t    
  13   G   t   t    
  14   G   t   t    
  15   G   t   t    
  16   G   t   t    
  17   G   t   t    
  18   G   t   t    
  19   G   t   t    
  20   G   t   t    
  21   G   t   t    
  22   G   t   t    
  23   G   t   t    
  24   G   t   t    
  25   G   t   t    
  26   G   t   t    
  27   G   t   t    
  28   G   t   t    
  29   G   t   t    
  30   G   t   t    
  31   G   t   t    
  32   G   t   t    
  33   G   t   t    
  34   G   t   t    
  35   G   t   t    
  36   G   t   t    
  37   G   t   t    
  38   G   t   t    
  39   G   t   t    
  40   G   t   t    
  41   G   t   t    
  42   G   t   t    
  43       t   t    
  44       t   t    
  45       t   t    
  46       t   t    
  47       t   t    
  48       t   t    
  49       t   t    
  50       t   t    
-------------------------------------------------------------------------------
*******************************************************************************

*** SETUP: SYMMETRY FUNCTION SCALING ******************************************

Equal scaling type for all symmetry functions:
Scaling type::ST_SCALECENTER (3)
Gs = Smin + (Smax - Smin) * (G - Gmean) / (Gmax - Gmin)
Smin = 0.000000
Smax = 1.000000
Symmetry function scaling statistics from file: scaling.data
-------------------------------------------------------------------------------

Abbreviations:
--------------
ind ..... Symmetry function index.
min ..... Minimum symmetry function value.
max ..... Maximum symmetry function value.
mean .... Mean symmetry function value.
sigma ... Standard deviation of symmetry function values.
sf ...... Scaling factor for derivatives.
Smin .... Desired minimum scaled symmetry function value.
Smax .... Desired maximum scaled symmetry function value.
t ....... Scaling type.

Scaling data for symmetry functions element  H :
-------------------------------------------------------------------------------
 ind       min       max      mean     sigma        sf  Smin  Smax t
-------------------------------------------------------------------------------
   1  5.05E+00  1.57E+01  1.06E+01  1.34E+00  9.38E-02  0.00  1.00 3
   2  5.07E+00  1.58E+01  1.07E+01  1.35E+00  9.34E-02  0.00  1.00 3
   3  4.81E+00  1.50E+01  1.00E+01  1.28E+00  9.84E-02  0.00  1.00 3
   4  5.00E+00  1.56E+01  1.06E+01  1.34E+00  9.42E-02  0.00  1.00 3
   5  4.31E+00  1.35E+01  8.91E+00  1.17E+00  1.09E-01  0.00  1.00 3
   6  4.84E+00  1.53E+01  1.03E+01  1.31E+00  9.59E-02  0.00  1.00 3
   7  3.70E+00  1.16E+01  7.54E+00  1.02E+00  1.26E-01  0.00  1.00 3
   8  4.64E+00  1.48E+01  1.00E+01  1.27E+00  9.85E-02  0.00  1.00 3
   9  3.08E+00  9.67E+00  6.15E+00  8.67E-01  1.52E-01  0.00  1.00 3
  10  4.38E+00  1.42E+01  9.61E+00  1.23E+00  1.02E-01  0.00  1.00 3
  11  4.49E+00  1.45E+01  9.39E+00  1.28E+00  9.98E-02  0.00  1.00 3
  12  3.10E+00  1.01E+01  7.23E+00  8.89E-01  1.42E-01  0.00  1.00 3
  13  4.05E+00  1.35E+01  8.42E+00  1.24E+00  1.06E-01  0.00  1.00 3
  14  2.22E+00  7.40E+00  5.48E+00  6.69E-01  1.93E-01  0.00  1.00 3
  15  3.25E+00  1.20E+01  7.05E+00  1.19E+00  1.14E-01  0.00  1.00 3
  16  1.50E+00  5.12E+00  3.76E+00  4.86E-01  2.76E-01  0.00  1.00 3
  17  1.46E+00  9.59E+00  4.91E+00  1.15E+00  1.23E-01  0.00  1.00 3
  18  6.77E-01  3.08E+00  2.04E+00  3.36E-01  4.17E-01  0.00  1.00 3
  19  1.67E-02  2.35E+00  5.44E-01  2.67E-01  4.28E-01  0.00  1.00 3
  20  8.34E-01  6.38E+00  2.84E+00  7.34E-01  1.80E-01  0.00  1.00 3
  21  5.10E-03  2.01E+00  3.95E-01  2.16E-01  5.00E-01  0.00  1.00 3
  22  7.27E-01  5.33E+00  2.45E+00  6.18E-01  2.17E-01  0.00  1.00 3
  23  1.41E-02  2.15E+00  4.71E-01  2.38E-01  4.69E-01  0.00  1.00 3
  24  7.16E-01  5.61E+00  2.48E+00  6.51E-01  2.04E-01  0.00  1.00 3
  25  4.25E-03  1.85E+00  3.42E-01  1.93E-01  5.42E-01  0.00  1.00 3
  26  6.23E-01  4.69E+00  2.14E+00  5.50E-01  2.46E-01  0.00  1.00 3
  27  1.95E-01  3.60E+00  1.07E+00  4.16E-01  2.94E-01  0.00  1.00 3
  28  1.95E-01  3.60E+00  1.07E+00  4.16E-01  2.94E-01  0.00  1.00 3
  29  7.05E-01  6.87E+00  2.75E+00  7.90E-01  1.62E-01  0.00  1.00 3
  30  7.05E-01  6.87E+00  2.75E+00  7.90E-01  1.62E-01  0.00  1.00 3
  31  4.18E-02  2.27E+00  5.35E-01  2.50E-01  4.49E-01  0.00  1.00 3
  32  5.99E-01  5.25E+00  2.21E+00  6.16E-01  2.15E-01  0.00  1.00 3
  33  9.86E-03  1.76E+00  3.44E-01  1.85E-01  5.71E-01  0.00  1.00 3
  34  5.23E-01  4.24E+00  1.86E+00  5.05E-01  2.69E-01  0.00  1.00 3
  35  9.52E-02  2.32E+00  5.92E-01  2.50E-01  4.49E-01  0.00  1.00 3
  36  4.01E-01  4.04E+00  1.59E+00  4.85E-01  2.75E-01  0.00  1.00 3
  37  2.31E-02  1.52E+00  2.93E-01  1.53E-01  6.67E-01  0.00  1.00 3
  38  3.50E-01  3.07E+00  1.29E+00  3.82E-01  3.68E-01  0.00  1.00 3
  39  8.87E-03  6.74E-01  1.11E-01  5.94E-02  1.50E+00  0.00  1.00 3
  40  7.60E-02  1.06E+00  3.63E-01  1.28E-01  1.01E+00  0.00  1.00 3
  41  2.92E-03  5.10E-01  5.12E-02  3.73E-02  1.97E+00  0.00  1.00 3
  42  6.80E-02  8.63E-01  3.03E-01  1.03E-01  1.26E+00  0.00  1.00 3
-------------------------------------------------------------------------------
Scaling data for symmetry functions element  C :
-------------------------------------------------------------------------------
 ind       min       max      mean     sigma        sf  Smin  Smax t
-------------------------------------------------------------------------------
   1  6.69E+00  1.40E+01  1.00E+01  1.21E+00  1.37E-01  0.00  1.00 3
   2  6.73E+00  1.40E+01  1.01E+01  1.22E+00  1.37E-01  0.00  1.00 3
   3  6.27E+00  1.33E+01  9.51E+00  1.17E+00  1.42E-01  0.00  1.00 3
   4  6.64E+00  1.39E+01  9.96E+00  1.20E+00  1.38E-01  0.00  1.00 3
   5  5.44E+00  1.20E+01  8.49E+00  1.09E+00  1.52E-01  0.00  1.00 3
   6  6.47E+00  1.35E+01  9.70E+00  1.17E+00  1.41E-01  0.00  1.00 3
   7  4.44E+00  1.04E+01  7.26E+00  9.95E-01  1.67E-01  0.00  1.00 3
   8  6.19E+00  1.31E+01  9.33E+00  1.12E+00  1.46E-01  0.00  1.00 3
   9  3.51E+00  8.78E+00  6.02E+00  8.88E-01  1.90E-01  0.00  1.00 3
  10  5.82E+00  1.25E+01  8.88E+00  1.06E+00  1.51E-01  0.00  1.00 3
  11  5.40E+00  1.28E+01  8.81E+00  1.19E+00  1.35E-01  0.00  1.00 3
  12  4.19E+00  8.82E+00  6.55E+00  7.18E-01  2.16E-01  0.00  1.00 3
  13  4.39E+00  1.19E+01  7.85E+00  1.19E+00  1.33E-01  0.00  1.00 3
  14  3.07E+00  6.61E+00  4.91E+00  5.45E-01  2.83E-01  0.00  1.00 3
  15  3.06E+00  1.06E+01  6.52E+00  1.21E+00  1.33E-01  0.00  1.00 3
  16  1.91E+00  4.74E+00  3.51E+00  4.47E-01  3.53E-01  0.00  1.00 3
  17  1.33E+00  8.20E+00  4.40E+00  1.25E+00  1.46E-01  0.00  1.00 3
  18  7.47E-01  3.14E+00  2.18E+00  3.45E-01  4.19E-01  0.00  1.00 3
  19  1.64E-01  1.70E+00  9.13E-01  2.95E-01  6.50E-01  0.00  1.00 3
  20  5.11E-01  4.20E+00  1.85E+00  5.90E-01  2.71E-01  0.00  1.00 3
  21  1.15E-01  1.14E+00  7.21E-01  2.33E-01  9.80E-01  0.00  1.00 3
  22  4.18E-01  3.52E+00  1.56E+00  4.99E-01  3.23E-01  0.00  1.00 3
  23  1.42E-01  1.54E+00  8.21E-01  2.68E-01  7.17E-01  0.00  1.00 3
  24  4.14E-01  3.68E+00  1.58E+00  5.24E-01  3.06E-01  0.00  1.00 3
  25  9.89E-02  1.02E+00  6.51E-01  2.13E-01  1.08E+00  0.00  1.00 3
  26  3.38E-01  3.06E+00  1.33E+00  4.44E-01  3.67E-01  0.00  1.00 3
  27  2.46E-01  3.38E+00  1.39E+00  5.91E-01  3.19E-01  0.00  1.00 3
  28  2.46E-01  3.38E+00  1.39E+00  5.91E-01  3.19E-01  0.00  1.00 3
  29  4.51E-01  4.92E+00  1.91E+00  7.69E-01  2.24E-01  0.00  1.00 3
  30  4.51E-01  4.92E+00  1.91E+00  7.69E-01  2.24E-01  0.00  1.00 3
  31  1.60E-01  1.94E+00  8.82E-01  3.38E-01  5.62E-01  0.00  1.00 3
  32  3.36E-01  3.46E+00  1.41E+00  5.18E-01  3.20E-01  0.00  1.00 3
  33  1.05E-01  1.24E+00  6.51E-01  2.16E-01  8.80E-01  0.00  1.00 3
  34  2.62E-01  2.78E+00  1.13E+00  4.07E-01  3.98E-01  0.00  1.00 3
  35  1.34E-01  2.10E+00  8.41E-01  3.82E-01  5.07E-01  0.00  1.00 3
  36  1.85E-01  2.91E+00  1.04E+00  4.87E-01  3.67E-01  0.00  1.00 3
  37  9.80E-02  1.27E+00  5.54E-01  2.20E-01  8.51E-01  0.00  1.00 3
  38  1.41E-01  2.03E+00  7.53E-01  3.23E-01  5.30E-01  0.00  1.00 3
  39  3.00E-02  5.60E-01  1.98E-01  9.86E-02  1.89E+00  0.00  1.00 3
  40  1.34E-02  6.54E-01  1.92E-01  1.28E-01  1.56E+00  0.00  1.00 3
  41  2.28E-02  3.49E-01  1.40E-01  5.70E-02  3.06E+00  0.00  1.00 3
  42  9.69E-03  4.86E-01  1.35E-01  8.42E-02  2.10E+00  0.00  1.00 3
-------------------------------------------------------------------------------
Scaling data for symmetry functions element  N :
-------------------------------------------------------------------------------
 ind       min       max      mean     sigma        sf  Smin  Smax t
-------------------------------------------------------------------------------
   1  4.58E+00  1.29E+01  8.43E+00  1.04E+00  1.20E-01  0.00  1.00 3
   2  4.62E+00  1.29E+01  8.48E+00  1.04E+00  1.20E-01  0.00  1.00 3
   3  4.22E+00  1.22E+01  7.91E+00  9.89E-01  1.25E-01  0.00  1.00 3
   4  4.58E+00  1.28E+01  8.40E+00  1.04E+00  1.21E-01  0.00  1.00 3
   5  3.54E+00  1.09E+01  6.91E+00  8.98E-01  1.35E-01  0.00  1.00 3
   6  4.50E+00  1.26E+01  8.23E+00  1.03E+00  1.23E-01  0.00  1.00 3
   7  2.77E+00  9.33E+00  5.72E+00  7.89E-01  1.52E-01  0.00  1.00 3
   8  4.39E+00  1.23E+01  8.00E+00  1.02E+00  1.27E-01  0.00  1.00 3
   9  2.06E+00  7.63E+00  4.55E+00  6.78E-01  1.80E-01  0.00  1.00 3
  10  4.26E+00  1.19E+01  7.72E+00  1.01E+00  1.31E-01  0.00  1.00 3
  11  3.55E+00  1.20E+01  7.20E+00  1.05E+00  1.19E-01  0.00  1.00 3
  12  3.08E+00  8.87E+00  6.10E+00  7.96E-01  1.73E-01  0.00  1.00 3
  13  2.81E+00  1.12E+01  6.25E+00  1.07E+00  1.19E-01  0.00  1.00 3
  14  1.65E+00  6.82E+00  4.90E+00  6.84E-01  1.93E-01  0.00  1.00 3
  15  1.87E+00  1.01E+01  4.92E+00  1.11E+00  1.22E-01  0.00  1.00 3
  16  7.16E-01  5.15E+00  3.67E+00  5.79E-01  2.26E-01  0.00  1.00 3
  17  7.02E-01  7.98E+00  2.91E+00  1.14E+00  1.37E-01  0.00  1.00 3
  18  1.93E-01  3.30E+00  2.19E+00  4.28E-01  3.21E-01  0.00  1.00 3
  19  3.40E-02  1.51E+00  2.51E-01  1.74E-01  6.79E-01  0.00  1.00 3
  20  3.05E-01  4.75E+00  1.44E+00  6.00E-01  2.25E-01  0.00  1.00 3
  21  1.70E-02  1.14E+00  1.72E-01  1.28E-01  8.90E-01  0.00  1.00 3
  22  2.56E-01  4.11E+00  1.25E+00  5.30E-01  2.59E-01  0.00  1.00 3
  23  2.73E-02  1.37E+00  2.15E-01  1.58E-01  7.44E-01  0.00  1.00 3
  24  2.43E-01  4.20E+00  1.22E+00  5.35E-01  2.52E-01  0.00  1.00 3
  25  1.39E-02  1.05E+00  1.48E-01  1.16E-01  9.67E-01  0.00  1.00 3
  26  2.08E-01  3.64E+00  1.07E+00  4.74E-01  2.91E-01  0.00  1.00 3
  27  8.43E-02  2.51E+00  4.96E-01  2.82E-01  4.13E-01  0.00  1.00 3
  28  8.43E-02  2.51E+00  4.96E-01  2.82E-01  4.13E-01  0.00  1.00 3
  29  2.23E-01  4.65E+00  1.25E+00  5.84E-01  2.26E-01  0.00  1.00 3
  30  2.23E-01  4.65E+00  1.25E+00  5.84E-01  2.26E-01  0.00  1.00 3
  31  3.26E-02  1.61E+00  2.50E-01  1.78E-01  6.34E-01  0.00  1.00 3
  32  1.75E-01  3.79E+00  1.01E+00  4.82E-01  2.77E-01  0.00  1.00 3
  33  1.64E-02  1.12E+00  1.55E-01  1.27E-01  9.08E-01  0.00  1.00 3
  34  1.46E-01  3.22E+00  8.57E-01  4.18E-01  3.25E-01  0.00  1.00 3
  35  3.34E-02  1.61E+00  2.57E-01  1.79E-01  6.33E-01  0.00  1.00 3
  36  8.57E-02  2.73E+00  6.41E-01  3.57E-01  3.78E-01  0.00  1.00 3
  37  1.23E-02  1.07E+00  1.33E-01  1.17E-01  9.45E-01  0.00  1.00 3
  38  6.62E-02  2.26E+00  5.16E-01  2.98E-01  4.56E-01  0.00  1.00 3
  39  1.98E-03  4.53E-01  4.15E-02  4.81E-02  2.22E+00  0.00  1.00 3
  40  4.86E-03  5.81E-01  9.82E-02  8.49E-02  1.74E+00  0.00  1.00 3
  41  6.41E-04  3.19E-01  2.30E-02  3.32E-02  3.14E+00  0.00  1.00 3
  42  3.53E-03  4.98E-01  7.97E-02  7.24E-02  2.02E+00  0.00  1.00 3
-------------------------------------------------------------------------------
Scaling data for symmetry functions element  O :
-------------------------------------------------------------------------------
 ind       min       max      mean     sigma        sf  Smin  Smax t
-------------------------------------------------------------------------------
   1  3.66E+00  1.36E+01  8.93E+00  1.36E+00  1.01E-01  0.00  1.00 3
   2  3.67E+00  1.37E+01  8.98E+00  1.37E+00  1.00E-01  0.00  1.00 3
   3  3.52E+00  1.29E+01  8.38E+00  1.28E+00  1.07E-01  0.00  1.00 3
   4  3.62E+00  1.36E+01  8.92E+00  1.36E+00  1.00E-01  0.00  1.00 3
   5  3.23E+00  1.15E+01  7.30E+00  1.14E+00  1.21E-01  0.00  1.00 3
   6  3.51E+00  1.34E+01  8.79E+00  1.35E+00  1.01E-01  0.00  1.00 3
   7  2.87E+00  9.71E+00  6.00E+00  9.59E-01  1.46E-01  0.00  1.00 3
   8  3.36E+00  1.31E+01  8.61E+00  1.33E+00  1.03E-01  0.00  1.00 3
   9  2.17E+00  7.84E+00  4.71E+00  7.75E-01  1.76E-01  0.00  1.00 3
  10  3.18E+00  1.28E+01  8.38E+00  1.31E+00  1.04E-01  0.00  1.00 3
  11  3.43E+00  1.27E+01  7.84E+00  1.29E+00  1.08E-01  0.00  1.00 3
  12  2.09E+00  9.43E+00  6.64E+00  1.03E+00  1.36E-01  0.00  1.00 3
  13  3.09E+00  1.19E+01  6.99E+00  1.24E+00  1.13E-01  0.00  1.00 3
  14  1.33E+00  7.18E+00  5.26E+00  8.27E-01  1.71E-01  0.00  1.00 3
  15  2.11E+00  1.07E+01  5.78E+00  1.18E+00  1.16E-01  0.00  1.00 3
  16  7.00E-01  5.29E+00  3.73E+00  6.22E-01  2.18E-01  0.00  1.00 3
  17  7.30E-01  8.39E+00  3.87E+00  1.06E+00  1.31E-01  0.00  1.00 3
  18  2.03E-01  3.29E+00  2.02E+00  4.12E-01  3.24E-01  0.00  1.00 3
  19  2.95E-03  7.01E-01  1.94E-01  8.88E-02  1.43E+00  0.00  1.00 3
  20  5.17E-01  5.24E+00  2.13E+00  6.21E-01  2.12E-01  0.00  1.00 3
  21  6.33E-04  5.05E-01  1.26E-01  6.07E-02  1.98E+00  0.00  1.00 3
  22  4.66E-01  4.49E+00  1.88E+00  5.23E-01  2.48E-01  0.00  1.00 3
  23  2.51E-03  5.99E-01  1.64E-01  7.62E-02  1.68E+00  0.00  1.00 3
  24  4.28E-01  4.61E+00  1.84E+00  5.49E-01  2.39E-01  0.00  1.00 3
  25  5.34E-04  4.32E-01  1.07E-01  5.22E-02  2.32E+00  0.00  1.00 3
  26  3.77E-01  3.96E+00  1.64E+00  4.63E-01  2.79E-01  0.00  1.00 3
  27  8.06E-02  1.70E+00  4.93E-01  2.13E-01  6.18E-01  0.00  1.00 3
  28  8.06E-02  1.70E+00  4.93E-01  2.13E-01  6.18E-01  0.00  1.00 3
  29  3.70E-01  5.06E+00  1.85E+00  6.28E-01  2.13E-01  0.00  1.00 3
  30  3.70E-01  5.06E+00  1.85E+00  6.28E-01  2.13E-01  0.00  1.00 3
  31  1.07E-02  7.16E-01  2.05E-01  9.26E-02  1.42E+00  0.00  1.00 3
  32  3.19E-01  4.12E+00  1.56E+00  5.06E-01  2.63E-01  0.00  1.00 3
  33  1.77E-03  4.25E-01  1.14E-01  5.49E-02  2.36E+00  0.00  1.00 3
  34  2.74E-01  3.49E+00  1.36E+00  4.22E-01  3.11E-01  0.00  1.00 3
  35  2.95E-02  9.07E-01  2.50E-01  1.18E-01  1.14E+00  0.00  1.00 3
  36  1.66E-01  2.89E+00  1.02E+00  3.73E-01  3.67E-01  0.00  1.00 3
  37  5.90E-03  3.73E-01  1.03E-01  4.99E-02  2.72E+00  0.00  1.00 3
  38  1.38E-01  2.39E+00  8.74E-01  3.05E-01  4.44E-01  0.00  1.00 3
  39  1.37E-03  1.53E-01  3.93E-02  2.31E-02  6.59E+00  0.00  1.00 3
  40  1.31E-02  5.99E-01  2.00E-01  8.39E-02  1.71E+00  0.00  1.00 3
  41  7.51E-04  5.82E-02  1.60E-02  9.78E-03  1.74E+01  0.00  1.00 3
  42  1.01E-02  5.04E-01  1.77E-01  7.10E-02  2.02E+00  0.00  1.00 3
-------------------------------------------------------------------------------
*******************************************************************************

*** SETUP: SYMMETRY FUNCTION STATISTICS ***************************************

Equal symmetry function statistics for all elements.
Collect min/max/mean/sigma                        : 0
Collect extrapolation warnings                    : 0
Write extrapolation warnings immediately to stderr: 0
Halt on any extrapolation warning                 : 0
*******************************************************************************

*** SETUP: RANDOM NUMBER GENERATOR ********************************************

Random number generator seed: 1234567
Seed for rank 0: 1234567
Seed for global RNG: 1018032531
*******************************************************************************

*** STRUCTURE DISTRIBUTION ****************************************************

Reading configurations from data file: input.data.
Total number of structures: 501
Number of structures per processor: 501
Distributed 501 structures, 0 bytes (0.00 MiB) transferred.
Number of local structures: 501
*******************************************************************************

*** DEFINE TRAINING/TEST SETS *************************************************

Desired test set ratio      : 0.100000
Total number of energies    : 501
Number of training energies : 462
Number of test     energies : 39
Number of training forces   : 192276
Number of test     forces   : 15687
Actual test set fraction    : 0.077844
*******************************************************************************

*** WRITE TRAINING/TEST SETS **************************************************

Writing training/test set to files:
 - train.data
 - test.data
*******************************************************************************

*** WEIGHT INITIALIZATION *****************************************************

Initial weights selected randomly in interval [-1.000000, 1.000000).
Weights modified accoring to Glorot Bengio scheme.
Biases set to zero.
*******************************************************************************

*** SETUP: TRAINING ***********************************************************

Forces will be used for training.
Force update weight:   1.00E+01
Weight update via Kalman filter selected: updaterType::UT_KF (1)
Parallel training (rank 0 updates) selected: ParallelMode::PM_TRAIN_RK0 (0)
Per-task Jacobian selected: JacobianMode::JM_TASK (1)
One Jacobi matrix row per MPI task is stored, within each task gradients are summed up.
Combined updater for all elements selected: UpdateStrategy::US_COMBINED (0)
Number of weight updaters    : 1
Total fit parameters         : 19004
Selection mode starting with epoch 0:
Update candidates chosen randomly above RMSE threshold: SelectionMode::SM_THRESHOLD (2)
Energy threshold: 0.00 * RMSE(Energy)
Force  threshold: 1.00 * RMSE(Force)
Maximum number of update candidate trials: 3
-------------------------------------------------------------------------------
Symmetry function memory is reused (HIGH MEMORY USAGE!).
Training will be stopped after 10 epochs.
Energy comparison will be written every 1 epochs.
Force comparison will be written every 1 epochs.
Weights will be written every 1 epochs.
Neuron statistics will be written every 1 epochs.
Training log with update information will be written to: train-log.out.
-------------------------------------------------------------------------------
Per-task batch size for energies             : 1
Fraction of energies used per epoch          : 1.0000
Energy updates per epoch                     : 462
Energies used per update (rank   0 / global) :          1 / 1
----------------------------------------------
Per-task batch size for forces               : 1
Fraction of forces used per epoch            : 0.0100
Force updates per epoch                      : 1922
Forces used per update (rank   0 / global)   :          1 / 1
----------------------------------------------
Energy to force ratio                        :      1 :   4.2
Energy to force percentages                  :  19.4% :  80.6%
-------------------------------------------------------------------------------
Allocating memory for energy error vector and Jacobian.
Updater   0:
 - Error    size: 1
 - Jacobian size: 19004
------------------------------------------------------
Allocating memory for force error vector and Jacobian.
Updater   0:
 - Error    size: 1
 - Jacobian size: 19004
-------------------------------------------------------------------------------
qtau is divided by number of projected updates per epoch.
etatau is divided by number of projected updates per epoch.
-------------------------------------------------------------------------------
Combined weight updater:
-------------------------------------------------------------------------------
KalmanType::KT_STANDARD (0)
sizeState       = 19004
sizeObservation = 1
epsilon         =   1.0000E-02
q0              =   1.0000E-02
qtau            =   9.6560E-04
qmin            =   1.0000E-06
eta0            =   1.0000E-02
etatau          =   9.6560E-04
etamax          =   1.0000E+00
OpenMP threads used: 1
Note: During training loop the actual observation
      size corresponds to error vector size:
sizeObservation = 1 (energy updates)
sizeObservation = 1 (force  updates)
-------------------------------------------------------------------------------
*******************************************************************************

*** CALCULATE NEIGHBOR LISTS **************************************************

Calculating neighbor lists for all structures.
Cutoff radius for neighbor lists: 5.000000
*******************************************************************************

*** TRAINING LOOP *************************************************************

The training loop output covers different RMSEs, update and
timing information. The following quantities are organized
according to the matrix scheme below:
-------------------------------------------------------------------
ep ............ Epoch.
Etrain_phys ... RMSE of training energies per atom (p. u.).
Etest_phys .... RMSE of test     energies per atom (p. u.).
Etrain_int .... RMSE of training energies per atom (i. u.).
Etest_int ..... RMSE of test     energies per atom (i. u.).
Ftrain_phys ... RMSE of training forces (p. u.).
Ftest_phys .... RMSE of test     forces (p. u.).
Ftrain_int .... RMSE of training forces (i. u.).
Ftest_int ..... RMSE of test     forces (i. u.).
E_count ....... Number of energy updates.
F_count ....... Number of force  updates.
count ......... Total number of updates.
t_train ....... Time for training (seconds).
t_error ....... Time for error calculation (seconds).
t_epoch ....... Total time for this epoch (seconds).
t_tot ......... Total time for all epochs (seconds).
Abbreviations:
  p. u. = physical units.
  i. u. = internal units.
Note: RMSEs in internal units (columns 5 + 6) are only present 
      if data set normalization is used.
-------------------------------------------------------------------
     1    2             3             4             5             6
energy   ep   Etrain_phys    Etest_phys    Etrain_int     Etest_int
forces   ep   Ftrain_phys    Ftest_phys    Ftrain_int     Ftest_int
update   ep       E_count       F_count         count
timing   ep       t_train       t_error       t_epoch         t_tot
-------------------------------------------------------------------
ENERGY    0   2.48658E+00   2.74130E+00   1.02810E+00   1.13342E+00
FORCES    0   9.99363E+01   9.90188E+01   9.86848E-01   9.77788E-01
TIMING    0          0.00         51.47         92.16         92.16
------
