################################################################################
# Detailed information on each weight update.
################################################################################
# Col  Name      Description
################################################################################
# 1    U         Update type (E = energy, F = force).
# 2    epoch     Current training epoch.
# 3    count     Update counter (Multiple lines with identical count for multi-streaming!).
# 4    proc      MPI process providing this update candidate.
# 5    tl        Threshold loop counter.
# 6    rmse_frac Update candidates error divided by this epochs RMSE.
# 7    s_ind_g   Global structure index.
# 8    s_ind     Local structure index on this MPI process.
# 9    a_ind     Atom index.
# 10   c         Force component (0 = x, 1 = y, 2 = z).
################################################################################
# 1     2          3     4   5          6          7     8     9 10
# U epoch      count  proc  tl  rmse_frac    s_ind_g s_ind a_ind  c
###################################################################
  F     1          1     0   4   3.12E-01        388   388    86  1
  E     1          2     0   1   2.70E-01        296   296
  F     1          3     0   1   2.06E+00         70    70    92  2
  E     1          4     0   1   1.82E+00        264   264
  F     1          5     0   1   1.44E+00        141   141    51  0
  F     1          6     0   3   1.53E+00        386   386    14  2
  F     1          7     0   3   1.47E+00        242   242   116  2
  E     1          8     0   1   7.31E+00         43    43
  F     1          9     0   4   3.29E-01        271   271   125  2
  F     1         10     0   1   2.21E+00        267   267    79  2
  E     1         11     0   1   1.01E+00        372   372
  E     1         12     0   1   2.33E-01         16    16
  F     1         13     0   1   1.17E+00         33    33   116  1
  F     1         14     0   2   1.25E+00        242   242   132  1
  F     1         15     0   4   6.53E-01        178   178   130  0
  E     1         16     0   1   2.84E-01        370   370
  E     1         17     0   1   1.62E-01        222   222
  F     1         18     0   4   8.34E-02        396   396    20  0
  F     1         19     0   4   5.06E-01         17    17   154  1
  F     1         20     0   4   2.38E-01        368   368   166  0
  F     1         21     0   1   1.22E+00        284   284    31  1
  F     1         22     0   1   1.05E+00        282   282   119  2
  F     1         23     0   4   1.56E-01         51    51    76  1
  F     1         24     0   4   7.71E-01        287   287   164  1
  E     1         25     0   1   5.88E-01        126   126
  F     1         26     0   4   6.49E-01        317   317    74  1
  F     1         27     0   2   1.70E+00         44    44   165  1
  F     1         28     0   4   2.22E-01         77    77    53  0
  F     1         29     0   1   1.12E+00        192   192    47  2
  F     1         30     0   2   1.38E+00         12    12   151  0
  F     1         31     0   4   1.06E-01        218   218    91  2
  E     1         32     0   1   3.73E+00         11    11
  F     1         33     0   4   6.38E-01         46    46   147  0
  F     1         34     0   4   4.38E-01        183   183    25  0
  F     1         35     0   4   4.26E-01         14    14   152  2
  F     1         36     0   1   1.03E+00         72    72    81  0
  F     1         37     0   4   6.41E-01        350   350   147  0
  F     1         38     0   4   5.67E-01        161   161    54  0
  F     1         39     0   4   7.09E-01         77    77   116  0
  E     1         40     0   1   1.21E+00         26    26
  F     1         41     0   4   2.59E-01        265   265   119  0
  F     1         42     0   3   2.20E+00          6     6   101  1
  F     1         43     0   2   1.13E+00         71    71    19  0
  F     1         44     0   4   5.04E-01        260   260   120  1
  F     1         45     0   4   4.66E-02        259   259    21  1
  F     1         46     0   4   1.75E-01        241   241    13  2
  F     1         47     0   4   9.86E-01        276   276   120  0
  F     1         48     0   4   5.37E-01        221   221    77  1
  E     1         49     0   1   1.27E+00        215   215
  F     1         50     0   4   8.91E-02        384   384    79  2
  F     1         51     0   3   1.43E+00        276   276    99  2
  F     1         52     0   4   7.27E-02        150   150   167  1
  F     1         53     0   4   3.41E-01        308   308    68  1
  F     1         54     0   4   1.29E-01        200   200    58  2
  F     1         55     0   4   3.06E-01        202   202     2  0
  F     1         56     0   4   3.16E-01        402   402     1  0
  F     1         57     0   2   1.00E+00        186   186    95  1
  F     1         58     0   4   4.56E-02        283   283   124  0
  F     1         59     0   2   2.89E+00        140   140   141  2
  F     1         60     0   2   1.23E+00        378   378    80  2
  F     1         61     0   4   3.58E-01        147   147   133  2
  F     1         62     0   4   3.28E-01        381   381    54  0
  F     1         63     0   2   1.29E+00        395   395   113  1
  F     1         64     0   3   1.11E+00        274   274   139  1
  F     1         65     0   3   1.02E+00        129   129   115  1
  F     1         66     0   1   1.58E+00        126   126   134  1
  F     1         67     0   4   2.77E-01        380   380    30  0
  F     1         68     0   2   1.27E+00        183   183   110  2
  F     1         69     0   2   1.75E+00        169   169   146  1
  E     1         70     0   1   2.62E+00        185   185
  F     1         71     0   1   1.42E+00        140   140     1  2
  E     1         72     0   1   6.10E-01         36    36
  F     1         73     0   4   3.31E-01        140   140   136  2
  F     1         74     0   4   4.28E-01        193   193    38  0
  F     1         75     0   2   1.75E+00         13    13   139  2
  E     1         76     0   1   4.99E-01        260   260
  F     1         77     0   4   7.55E-02        107   107    67  0
  F     1         78     0   4   5.91E-01        281   281   144  2
  F     1         79     0   2   1.77E+00        262   262    68  1
  E     1         80     0   1   1.72E+00         64    64
  F     1         81     0   4   9.35E-01        217   217    82  0
  F     1         82     0   1   2.46E+00        360   360   124  0
  F     1         83     0   3   2.71E+00         47    47    86  2
  E     1         84     0   1   2.40E+00        201   201
  F     1         85     0   1   1.03E+00         62    62    87  1
  F     1         86     0   4   8.01E-02        398   398    72  0
  F     1         87     0   3   1.43E+00        277   277    82  2
  F     1         88     0   4   3.57E-01        198   198    97  0
  F     1         89     0   3   1.68E+00        198   198   111  0
  F     1         90     0   4   9.10E-01         47    47    12  1
  F     1         91     0   4   9.78E-01         53    53    43  0
  F     1         92     0   4   8.47E-01        104   104   163  2
  F     1         93     0   4   1.50E-01        351   351   142  0
  F     1         94     0   4   2.41E-01        176   176   153  2
  F     1         95     0   2   1.58E+00        182   182    68  1
  F     1         96     0   2   2.46E+00        453   453     9  2
  F     1         97     0   3   1.52E+00         12    12   123  0
  F     1         98     0   2   1.03E+00        281   281   139  0
  F     1         99     0   4   8.08E-02        351   351   163  2
  F     1        100     0   4   9.99E-01        285   285    93  2
  F     1        101     0   4   9.38E-02        162   162   103  0
  E     1        102     0   1   4.10E+00        462   462
  F     1        103     0   2   1.10E+00        344   344    82  0
  F     1        104     0   1   1.12E+00        196   196    31  1
  F     1        105     0   2   1.38E+00        374   374   166  2
  F     1        106     0   4   6.29E-01        251   251   133  2
  F     1        107     0   3   1.14E+00        161   161   107  1
  E     1        108     0   1   7.78E-01        216   216
  E     1        109     0   1   2.21E-01         82    82
  F     1        110     0   4   4.92E-01        141   141   111  2
  F     1        111     0   1   1.30E+00         68    68    30  0
  F     1        112     0   2   1.03E+00        125   125    81  2
  E     1        113     0   1   2.73E-02         67    67
  E     1        114     0   1   3.18E-01        381   381
  F     1        115     0   1   1.28E+00        152   152    82  1
  F     1        116     0   4   7.92E-01        185   185    18  1
  F     1        117     0   4   4.04E-02        324   324    68  1
  F     1        118     0   3   1.85E+00         10    10   160  0
  E     1        119     0   1   1.13E+00        497   497
  F     1        120     0   4   4.08E-01        348   348    17  1
  F     1        121     0   1   1.84E+00        381   381    82  2
  F     1        122     0   4   5.64E-01        259   259    79  1
  F     1        123     0   4   7.92E-01        350   350    49  2
  F     1        124     0   4   8.16E-01        256   256    93  0
  E     1        125     0   1   2.09E+00        452   452
  F     1        126     0   4   2.93E-01        165   165    41  0
  F     1        127     0   4   1.47E-01         54    54   133  2
  F     1        128     0   4   2.62E-01         14    14    54  0
  E     1        129     0   1   2.22E-01        317   317
  F     1        130     0   4   1.38E-02        209   209     8  1
  F     1        131     0   4   5.91E-02        371   371   118  1
  F     1        132     0   4   7.54E-01        205   205   101  2
  F     1        133     0   4   4.90E-01        318   318    73  1
  E     1        134     0   1   4.76E-01         59    59
  F     1        135     0   4   2.99E-01        354   354   112  2
  F     1        136     0   4   8.24E-01         99    99    88  0
  E     1        137     0   1   7.15E-01        294   294
  F     1        138     0   4   5.89E-02        203   203   144  2
  F     1        139     0   2   1.15E+00        239   239   113  1
  F     1        140     0   4   2.07E-01         13    13   164  0
  F     1        141     0   1   2.27E+00         18    18   144  0
  F     1        142     0   4   4.53E-01        209   209   155  2
  F     1        143     0   4   2.41E-01        149   149    88  1
  F     1        144     0   1   1.11E+00        185   185   164  0
  F     1        145     0   1   1.06E+00        146   146   164  2
  F     1        146     0   4   9.98E-02        344   344    75  1
  F     1        147     0   4   5.35E-01        244   244   143  0
  F     1        148     0   3   2.77E+00        455   455    13  1
  E     1        149     0   1   1.23E-01        344   344
  F     1        150     0   3   1.82E+00        320   320    45  1
  E     1        151     0   1   1.42E+00        321   321
  E     1        152     0   1   5.61E-01        353   353
  F     1        153     0   4   4.90E-01         96    96   113  2
  F     1        154     0   4   5.06E-01         15    15    60  1
  F     1        155     0   4   1.11E-01        235   235    44  0
  F     1        156     0   2   1.45E+00        388   388   102  1
  E     1        157     0   1   5.11E-01        236   236
  F     1        158     0   4   6.64E-01        164   164    89  2
  E     1        159     0   1   3.63E-01        154   154
  E     1        160     0   1   1.66E-01        366   366
  F     1        161     0   4   5.80E-01        230   230    51  1
  E     1        162     0   1   3.00E-01        358   358
  F     1        163     0   4   5.38E-01        190   190    17  2
  F     1        164     0   2   1.65E+00         10    10   162  1
  F     1        165     0   3   1.08E+00        175   175    71  2
  F     1        166     0   2   1.10E+00        337   337    12  1
  F     1        167     0   3   1.08E+00         32    32    46  0
  F     1        168     0   4   4.44E-01        200   200    85  2
  E     1        169     0   1   1.59E+00        343   343
  F     1        170     0   4   8.40E-02        367   367    80  0
  F     1        171     0   4   9.00E-01        278   278    72  1
  E     1        172     0   1   9.19E-02        466   466
  F     1        173     0   1   1.66E+00         43    43    94  0
  E     1        174     0   1   1.76E+00        104   104
  F     1        175     0   4   1.39E-01         68    68    11  2
  F     1        176     0   4   2.99E-01        393   393   111  1
  E     1        177     0   1   5.63E-01         93    93
  E     1        178     0   1   5.64E-01        392   392
  F     1        179     0   4   6.72E-02        383   383    98  0
  F     1        180     0   4   8.81E-02        496   496    16  1
  F     1        181     0   3   2.22E+00         13    13    85  2
  F     1        182     0   4   7.12E-01         21    21   106  1
  F     1        183     0   4   3.49E-01        172   172   139  0
  F     1        184     0   4   2.13E-01        164   164    16  1
  F     1        185     0   4   9.46E-01        366   366    21  0
  E     1        186     0   1   1.35E-01        367   367
  F     1        187     0   4   7.12E-01        336   336    15  1
  F     1        188     0   4   9.69E-02         32    32   146  2
  F     1        189     0   3   1.05E+00        105   105   155  2
  F     1        190     0   1   1.92E+00        489   489    18  1
  F     1        191     0   1   1.30E+00        174   174    46  1
  F     1        192     0   4   8.17E-01        281   281   112  1
  E     1        193     0   1   5.05E-01         22    22
  F     1        194     0   4   4.17E-01         36    36    66  0
  F     1        195     0   4   5.10E-01        380   380   167  2
  F     1        196     0   4   3.00E-01        368   368    79  1
  F     1        197     0   2   1.58E+00         62    62   100  0
  F     1        198     0   2   1.70E+00        473   473    17  2
  F     1        199     0   4   8.84E-02        120   120    44  2
  F     1        200     0   1   1.11E+00         53    53   134  1
  F     1        201     0   4   2.82E-01         75    75   107  2
  F     1        202     0   4   6.60E-01        247   247    87  0
  F     1        203     0   4   3.90E-01        287   287    13  2
  F     1        204     0   4   7.30E-01        214   214    96  0
  F     1        205     0   4   2.47E-02        212   212    48  0
  F     1        206     0   4   6.01E-01        122   122   107  0
  F     1        207     0   4   1.84E-01        285   285    67  1
  F     1        208     0   4   2.58E-01        222   222    72  0
  F     1        209     0   1   1.39E+00         57    57    82  1
  F     1        210     0   1   2.06E+00          4     4   155  0
  E     1        211     0   1   1.51E+00        251   251
  E     1        212     0   1   6.68E-01        162   162
  E     1        213     0   1   5.05E-01         85    85
  F     1        214     0   3   1.00E+00        354   354    78  0
  F     1        215     0   3   1.15E+00        386   386   142  1
  F     1        216     0   4   7.99E-01        384   384    21  1
  F     1        217     0   2   1.60E+00        283   283   139  2
  E     1        218     0   1   8.13E-01        402   402
  F     1        219     0   4   9.59E-01        356   356   107  0
  F     1        220     0   4   6.28E-01         71    71    53  1
  F     1        221     0   4   7.14E-01        114   114     9  1
  F     1        222     0   4   5.18E-01         21    21    54  2
  E     1        223     0   1   1.63E-01        138   138
  F     1        224     0   1   1.30E+00          3     3   130  2
  F     1        225     0   1   1.02E+00        167   167    11  0
  F     1        226     0   4   3.38E-01        105   105    66  2
  F     1        227     0   2   2.04E+00         27    27    78  1
  F     1        228     0   4   1.72E-01        137   137    11  1
  F     1        229     0   2   1.00E+00        250   250   101  0
  F     1        230     0   4   9.90E-01        104   104   105  0
  F     1        231     0   1   3.13E+00         80    80   148  1
  F     1        232     0   4   8.14E-01        360   360   130  2
  F     1        233     0   1   1.03E+00        352   352     8  2
  F     1        234     0   4   6.45E-01        135   135    31  2
  F     1        235     0   4   7.72E-01         82    82    20  1
  F     1        236     0   2   1.21E+00         56    56    15  0
  F     1        237     0   1   1.36E+00        390   390    59  0
  F     1        238     0   4   1.42E-01        105   105     9  1
  F     1        239     0   3   1.10E+00        233   233   119  2
  F     1        240     0   4   8.83E-01        230   230    94  1
  F     1        241     0   4   3.12E-01        164   164   157  1
  F     1        242     0   4   2.39E-01         36    36   164  0
  F     1        243     0   4   3.57E-01         23    23    87  2
  F     1        244     0   3   1.06E+00         36    36     7  1
  F     1        245     0   4   4.46E-01        164   164    87  1
  F     1        246     0   2   1.43E+00        101   101    64  0
  F     1        247     0   3   1.21E+00        106   106    99  0
  F     1        248     0   3   1.80E+00        392   392   164  0
  F     1        249     0   4   1.02E-01        429   429     6  1
  F     1        250     0   1   1.37E+00        133   133   125  2
  F     1        251     0   4   3.77E-01        221   221    70  1
  F     1        252     0   4   3.40E-01        283   283   145  1
  F     1        253     0   2   1.18E+00        151   151     7  2
  F     1        254     0   2   1.37E+00        274   274    63  2
  F     1        255     0   1   1.65E+00          1     1   117  1
  F     1        256     0   2   1.15E+00         96    96    83  2
  F     1        257     0   4   7.78E-01        153   153    61  2
  F     1        258     0   1   1.53E+00          0     0   144  0
  F     1        259     0   2   3.16E+00         82    82   140  2
  F     1        260     0   3   1.68E+00        284   284   149  2
  F     1        261     0   2   1.39E+00         72    72    70  0
  F     1        262     0   4   5.76E-01        248   248    19  2
  E     1        263     0   1   1.87E+00        457   457
  F     1        264     0   4   4.15E-01        286   286    45  0
  F     1        265     0   4   1.22E-01        236   236   133  0
  F     1        266     0   2   1.39E+00        220   220   149  1
  F     1        267     0   4   2.07E-01        173   173    78  0
  F     1        268     0   4   2.40E-02        347   347    83  1
  F     1        269     0   1   1.55E+00        382   382   118  2
  F     1        270     0   3   1.09E+00         16    16    66  2
  F     1        271     0   4   1.35E-01         95    95   104  2
  F     1        272     0   4   2.03E-02        300   300    29  1
  F     1        273     0   4   2.61E-01        370   370    22  0
  F     1        274     0   4   1.35E-01        363   363   153  0
  F     1        275     0   4   1.51E-01        260   260    72  2
  F     1        276     0   1   1.14E+00        221   221   107  1
  F     1        277     0   4   6.94E-01        311   311   129  0
  E     1        278     0   1   7.63E-01         18    18
  F     1        279     0   3   1.08E+00         93    93   104  2
  E     1        280     0   1   1.30E-02        318   318
  F     1        281     0   1   1.45E+00        406   406    13  2
  F     1        282     0   4   2.25E-01         28    28     9  2
  F     1        283     0   1   1.09E+00        208   208   157  0
  E     1        284     0   1   6.11E-01        189   189
  F     1        285     0   1   1.22E+00         47    47    78  1
  F     1        286     0   4   5.94E-01        372   372    39  0
  E     1        287     0   1   1.47E-01         73    73
  E     1        288     0   1   6.82E-02        328   328
  F     1        289     0   2   1.55E+00        196   196   123  1
  F     1        290     0   4   2.02E-01        118   118   141  2
  E     1        291     0   1   5.72E-02        331   331
  F     1        292     0   4   4.05E-01        234   234    41  1
  F     1        293     0   4   3.05E-01        200   200   160  0
  F     1        294     0   4   1.01E-01        314   314   161  2
  F     1        295     0   4   1.11E-01        308   308   157  1
  F     1        296     0   4   1.14E-01        189   189    21  1
  F     1        297     0   3   2.51E+00         70    70    51  0
  F     1        298     0   4   3.46E-01        316   316   163  2
  F     1        299     0   4   3.13E-01        457   457    15  0
  F     1        300     0   2   1.40E+00          5     5   131  2
  F     1        301     0   2   1.48E+00        273   273    81  2
  F     1        302     0   4   1.01E-01        338   338    26  2
  F     1        303     0   4   6.14E-01        332   332    48  0
  F     1        304     0   4   8.54E-02        120   120   109  2
  F     1        305     0   4   1.63E-01        165   165   146  2
  F     1        306     0   4   1.99E-01        215   215    15  1
  F     1        307     0   4   1.11E-01        356   356   117  2
  F     1        308     0   1   1.15E+00        323   323   115  0
  F     1        309     0   3   1.69E+00          7     7   146  2
  F     1        310     0   3   2.08E+00        373   373    77  0
  F     1        311     0   4   5.92E-02        314   314   126  1
  F     1        312     0   4   2.74E-01        191   191   112  0
  F     1        313     0   3   1.11E+00          8     8   111  1
  F     1        314     0   1   1.71E+00        407   407    10  2
  F     1        315     0   4   3.20E-01        213   213     6  2
  F     1        316     0   4   1.07E-01        359   359   112  1
  F     1        317     0   4   4.51E-02        307   307   167  0
  F     1        318     0   4   5.25E-01         49    49   106  0
  F     1        319     0   4   1.88E-01          3     3   167  2
  F     1        320     0   2   1.19E+00          4     4    75  1
  E     1        321     0   1   3.72E-01         31    31
  F     1        322     0   4   1.08E-01        104   104   106  0
  F     1        323     0   4   1.90E-01         93    93    95  0
  E     1        324     0   1   5.89E-01        324   324
  F     1        325     0   4   9.27E-01        393   393    74  2
  F     1        326     0   1   1.62E+00        430   430     9  0
  F     1        327     0   4   3.47E-01        340   340    13  0
  E     1        328     0   1   7.06E-01         96    96
  F     1        329     0   4   7.41E-01        128   128   120  1
  F     1        330     0   4   5.72E-01        147   147    72  0
  F     1        331     0   4   2.41E-02        140   140     6  0
  F     1        332     0   4   3.98E-01        396   396    74  0
  F     1        333     0   4   5.89E-01        124   124    61  1
  F     1        334     0   4   4.22E-01        135   135    63  0
  F     1        335     0   4   4.82E-02        130   130    80  2
  F     1        336     0   4   4.02E-01        123   123    49  1
  F     1        337     0   2   1.10E+00        340   340   138  0
  F     1        338     0   3   1.04E+00        234   234    95  0
  F     1        339     0   4   6.77E-01        284   284    78  0
  E     1        340     0   1   1.49E-02        177   177
  F     1        341     0   4   8.38E-01         76    76   144  1
  F     1        342     0   3   1.06E+00         60    60   140  1
  F     1        343     0   4   4.92E-01        211   211    31  2
  F     1        344     0   4   4.63E-02        235   235   118  2
  F     1        345     0   1   1.26E+00        247   247     8  2
  E     1        346     0   1   7.30E-01         94    94
  E     1        347     0   1   7.65E-02        277   277
  F     1        348     0   4   7.97E-01         73    73    86  2
  F     1        349     0   1   1.06E+00         36    36   114  2
  F     1        350     0   4   7.09E-01         81    81    37  0
  F     1        351     0   4   4.55E-01         72    72    23  1
  F     1        352     0   4   2.03E-01        105   105    15  0
  F     1        353     0   2   1.03E+00         91    91   147  2
  F     1        354     0   4   2.93E-01        383   383    13  2
  F     1        355     0   4   5.40E-01          9     9    15  1
  E     1        356     0   1   6.09E-01        261   261
  F     1        357     0   4   5.13E-01        211   211     4  1
  F     1        358     0   1   1.35E+00        277   277    55  1
  F     1        359     0   2   2.25E+00        370   370    74  2
  E     1        360     0   1   4.97E-01        339   339
  E     1        361     0   1   1.30E-01        186   186
  E     1        362     0   1   2.59E-01        357   357
  F     1        363     0   1   1.27E+00         39    39   122  0
  F     1        364     0   4   3.11E-01         55    55    86  1
  F     1        365     0   3   1.32E+00        262   262   142  0
  F     1        366     0   4   1.45E-01        326   326   103  0
  F     1        367     0   4   5.77E-01        231   231    99  0
  F     1        368     0   4   4.88E-02         74    74    58  1
  F     1        369     0   4   3.71E-01         66    66   109  1
  F     1        370     0   4   7.13E-01        312   312    68  0
  E     1        371     0   1   1.22E+00         35    35
  E     1        372     0   1   6.73E-01        211   211
  F     1        373     0   2   1.35E+00        111   111    38  2
  F     1        374     0   4   8.23E-01        188   188   143  2
  F     1        375     0   4   1.79E-01        251   251    64  1
  E     1        376     0   1   1.56E-01        282   282
  F     1        377     0   4   7.83E-01         41    41    85  2
  F     1        378     0   4   1.98E-02        378   378   116  0
  F     1        379     0   4   6.19E-01        167   167   130  2
  F     1        380     0   4   3.44E-02        310   310     5  1
  F     1        381     0   1   2.36E+00         40    40    92  1
  F     1        382     0   4   4.91E-01        493   493    19  2
  F     1        383     0   4   8.66E-01          6     6    35  0
  F     1        384     0   4   7.33E-01        187   187    60  1
  F     1        385     0   1   1.03E+00         23    23    55  0
  F     1        386     0   4   8.09E-02         16    16    29  2
  F     1        387     0   4   2.34E-01         17    17    22  2
  F     1        388     0   4   1.87E-01        242   242   138  1
  F     1        389     0   4   2.89E-01        267   267   164  0
  F     1        390     0   4   1.66E-01        128   128    99  2
  F     1        391     0   4   9.64E-01        355   355    43  0
  F     1        392     0   2   2.22E+00          1     1   155  2
  E     1        393     0   1   4.58E+00        478   478
  F     1        394     0   4   4.12E-01         77    77    52  1
  F     1        395     0   2   1.60E+00        165   165    68  0
  F     1        396     0   1   1.08E+00        200   200   109  0
  F     1        397     0   4   1.35E-01         95    95   129  2
  F     1        398     0   4   5.91E-01        261   261   143  0
  F     1        399     0   2   1.30E+00        198   198    71  2
  F     1        400     0   1   1.38E+00        175   175    54  1
  F     1        401     0   4   2.48E-01        373   373    47  1
  F     1        402     0   3   2.43E+00         64    64    97  0
  F     1        403     0   4   2.38E-01        321   321   120  0
  F     1        404     0   4   4.89E-01        396   396   119  2
  F     1        405     0   4   7.61E-02        272   272    43  1
  F     1        406     0   3   1.12E+00        347   347   141  2
  E     1        407     0   1   1.74E+00        394   394
  F     1        408     0   4   4.27E-01        288   288    47  0
  F     1        409     0   1   1.99E+00        141   141   165  1
  F     1        410     0   2   1.46E+00        305   305   107  0
  F     1        411     0   2   1.35E+00        120   120   154  1
  F     1        412     0   4   6.26E-01        309   309     8  0
  E     1        413     0   1   3.55E-02        404   404
  F     1        414     0   4   4.45E-01        309   309   127  2
  E     1        415     0   1   1.47E-01        406   406
  F     1        416     0   4   7.07E-03        270   270   139  0
  F     1        417     0   4   2.78E-01        149   149    40  1
  F     1        418     0   4   7.91E-01        396   396   149  0
  F     1        419     0   2   1.00E+00        261   261   142  1
  F     1        420     0   2   1.45E+00         87    87     4  2
  F     1        421     0   4   9.34E-01        382   382    88  2
  E     1        422     0   1   5.01E-02         47    47
  F     1        423     0   4   2.67E-02         13    13    41  0
  F     1        424     0   1   1.56E+00         21    21   145  1
  F     1        425     0   4   7.20E-02        245   245    40  2
  E     1        426     0   1   4.47E-01        171   171
  E     1        427     0   1   1.67E-01         68    68
  F     1        428     0   4   9.41E-01        268   268   118  0
  F     1        429     0   1   1.23E+00        204   204    59  0
  F     1        430     0   4   4.92E-01        386   386   129  0
  E     1        431     0   1   1.46E-01        204   204
  F     1        432     0   3   1.09E+00         94    94    54  0
  F     1        433     0   4   3.62E-01        314   314    97  2
  F     1        434     0   1   1.35E+00         82    82    97  2
  F     1        435     0   4   8.97E-02        185   185   125  2
  F     1        436     0   4   6.55E-04        370   370   110  2
  E     1        437     0   1   2.24E-01        128   128
  F     1        438     0   2   1.33E+00        280   280   165  0
  F     1        439     0   4   2.76E-01        148   148    97  0
  E     1        440     0   1   5.37E-02        369   369
  F     1        441     0   4   1.41E-01        170   170   125  2
  E     1        442     0   1   3.11E-02        178   178
  F     1        443     0   1   1.19E+00         74    74    85  0
  F     1        444     0   2   1.34E+00        225   225    34  2
  E     1        445     0   1   3.95E-01        441   441
  F     1        446     0   4   4.79E-01         14    14    31  0
  F     1        447     0   4   4.61E-01        120   120   144  1
  F     1        448     0   2   1.09E+00         31    31    56  2
  F     1        449     0   4   1.72E-01        224   224   118  1
  E     1        450     0   1   1.83E-01         80    80
  E     1        451     0   1   4.96E-01         13    13
  F     1        452     0   4   8.77E-03         30    30   136  0
  F     1        453     0   4   1.87E-01         91    91    14  0
  F     1        454     0   2   1.95E+00        298   298   124  2
  E     1        455     0   1   1.69E-01        269   269
  E     1        456     0   1   1.41E-01        225   225
  F     1        457     0   2   1.26E+00        132   132   105  0
  F     1        458     0   1   1.19E+00        329   329   105  2
  F     1        459     0   4   4.97E-01        358   358    59  2
  F     1        460     0   3   1.22E+00        103   103     9  1
  F     1        461     0   4   1.78E-01        209   209    95  1
  E     1        462     0   1   1.08E+00        496   496
  F     1        463     0   2   2.04E+00        165   165   149  1
  F     1        464     0   4   2.53E-01        311   311   158  0
  E     1        465     0   1   2.39E-01          1     1
  F     1        466     0   1   1.47E+00         51    51   141  2
  E     1        467     0   1   4.76E-01        235   235
  F     1        468     0   4   6.16E-01        211   211   138  1
  E     1        469     0   1   5.61E-01         10    10
  F     1        470     0   4   1.59E-01        359   359   143  1
  F     1        471     0   3   1.50E+00        296   296    12  0
  F     1        472     0   4   5.63E-01        399   399   160  1
  F     1        473     0   4   6.60E-01        204   204   131  0
  F     1        474     0   2   1.51E+00        275   275   117  0
  E     1        475     0   1   6.37E-01         48    48
  E     1        476     0   1   3.91E-01        161   161
  F     1        477     0   3   1.38E+00          2     2   159  1
  F     1        478     0   4   4.42E-02        292   292    88  0
  E     1        479     0   1   8.82E-01         61    61
  F     1        480     0   4   5.21E-01        312   312    62  1
  F     1        481     0   2   1.17E+00        222   222   162  2
  F     1        482     0   4   1.35E-01         99    99    97  1
  F     1        483     0   2   1.06E+00          5     5    96  1
  F     1        484     0   4   2.82E-01        269   269   161  2
  F     1        485     0   4   2.97E-01         20    20   133  0
  E     1        486     0   1   2.67E-01         97    97
  E     1        487     0   1   8.49E-01        359   359
  E     1        488     0   1   1.22E+00        430   430
  E     1        489     0   1   1.21E-01        140   140
  F     1        490     0   1   1.30E+00        268   268    25  2
  F     1        491     0   4   2.11E-01        383   383    16  0
  F     1        492     0   4   3.22E-02        140   140    17  1
  F     1        493     0   1   1.01E+00        111   111    86  1
  F     1        494     0   4   1.91E-01        266   266   105  2
  F     1        495     0   4   2.63E-02         66    66   127  1
  F     1        496     0   4   2.34E-01        165   165    17  1
  F     1        497     0   4   9.36E-01        206   206    61  1
  F     1        498     0   4   5.04E-01        331   331    46  2
  F     1        499     0   4   6.90E-02        233   233    11  0
  E     1        500     0   1   6.79E-01         66    66
  F     1        501     0   4   6.38E-02        185   185    34  1
  F     1        502     0   4   4.20E-01        154   154   146  2
  F     1        503     0   4   4.36E-02         64    64    79  2
  F     1        504     0   2   1.13E+00        431   431    14  2
  F     1        505     0   2   1.22E+00        452   452    16  1
  F     1        506     0   2   1.92E+00        446   446    13  0
  F     1        507     0   1   1.34E+00        118   118   161  2
  F     1        508     0   4   8.40E-02        247   247   128  1
  F     1        509     0   2   1.18E+00        176   176   123  0
  F     1        510     0   4   8.10E-01        111   111     7  1
  F     1        511     0   4   4.78E-01        170   170    36  0
  E     1        512     0   1   5.95E-01         57    57
  F     1        513     0   2   1.02E+00        158   158    13  0
  F     1        514     0   1   1.47E+00        285   285   108  1
  F     1        515     0   4   4.97E-01        130   130    84  2
  F     1        516     0   4   4.63E-02        150   150    35  0
  F     1        517     0   4   3.27E-01         71    71    54  1
  F     1        518     0   4   9.10E-02        366   366    27  1
  F     1        519     0   4   2.81E-02        154   154    37  1
  E     1        520     0   1   5.06E-01        361   361
  F     1        521     0   1   3.73E+00         87    87     5  1
  F     1        522     0   4   2.42E-01        172   172    27  2
  E     1        523     0   1   7.66E-01         54    54
  F     1        524     0   4   7.41E-01        135   135    46  1
  F     1        525     0   4   1.53E-02         97    97    19  1
  F     1        526     0   4   4.35E-01         75    75   125  0
  F     1        527     0   1   1.27E+00        111   111    78  1
  F     1        528     0   4   8.88E-01        378   378    39  0
  E     1        529     0   1   8.40E-01        202   202
  E     1        530     0   1   2.02E+00        442   442
  E     1        531     0   1   3.35E-01        111   111
  F     1        532     0   4   1.13E-01        235   235    18  2
  E     1        533     0   1   2.54E-01         58    58
  F     1        534     0   4   9.16E-01        255   255    91  1
  F     1        535     0   2   1.03E+00        299   299    10  1
  F     1        536     0   1   3.21E+00         50    50   167  2
  F     1        537     0   4   3.50E-01        253   253   153  2
  F     1        538     0   2   1.79E+00        330   330   142  1
  F     1        539     0   4   1.13E-01        329   329   125  2
  F     1        540     0   4   7.68E-01        236   236    81  1
  F     1        541     0   4   5.31E-01         81    81    16  2
  E     1        542     0   1   7.52E-01        164   164
  F     1        543     0   1   1.42E+00        165   165    44  1
  F     1        544     0   4   5.78E-01         31    31    88  0
  F     1        545     0   4   2.44E-01        211   211    93  2
  E     1        546     0   1   1.84E+00        459   459
  E     1        547     0   1   5.51E-01        172   172
  F     1        548     0   4   1.25E-01        278   278    45  0
  F     1        549     0   1   1.11E+00        171   171   141  0
  E     1        550     0   1   6.97E-01        105   105
  F     1        551     0   4   1.52E-01        103   103    34  0
  F     1        552     0   1   1.39E+00        153   153    94  2
  F     1        553     0   4   8.18E-01        262   262    99  2
  F     1        554     0   4   4.50E-01        119   119   163  2
  F     1        555     0   2   3.29E+00        349   349   132  0
  F     1        556     0   4   3.03E-01        129   129    10  0
  F     1        557     0   2   1.65E+00        301   301   114  2
  E     1        558     0   1   3.55E-01        117   117
  E     1        559     0   1   5.01E-01        398   398
  F     1        560     0   4   6.42E-01        392   392    92  0
  F     1        561     0   3   1.88E+00        289   289   162  0
  E     1        562     0   1   4.91E-02        195   195
  E     1        563     0   1   2.72E-01        169   169
  F     1        564     0   4   3.81E-02        225   225     2  2
  E     1        565     0   1   2.10E-01        115   115
  F     1        566     0   4   8.91E-01        385   385   102  2
  F     1        567     0   4   7.56E-01        342   342    48  2
  E     1        568     0   1   3.23E-02         12    12
  F     1        569     0   4   1.69E-01         30    30    32  0
  F     1        570     0   4   6.10E-03        275   275   127  0
  F     1        571     0   4   6.86E-01         99    99   166  0
  F     1        572     0   1   1.63E+00        185   185   143  0
  F     1        573     0   4   3.58E-01         88    88    97  0
  F     1        574     0   4   9.04E-01         67    67    30  0
  F     1        575     0   2   1.76E+00        304   304   163  1
  F     1        576     0   4   1.87E-01         96    96   142  1
  F     1        577     0   4   1.86E-01        446   446    12  2
  F     1        578     0   4   6.21E-02        177   177   162  1
  F     1        579     0   4   6.81E-01        243   243   104  2
  F     1        580     0   4   2.17E-01        304   304   135  1
  F     1        581     0   4   5.18E-02        345   345     0  0
  F     1        582     0   4   4.99E-01        230   230    91  0
  F     1        583     0   2   2.29E+00         81    81   156  2
  E     1        584     0   1   1.19E+00        231   231
  F     1        585     0   4   1.76E-01         17    17    83  0
  F     1        586     0   1   1.24E+00         98    98    70  2
  E     1        587     0   1   6.53E-02        418   418
  F     1        588     0   1   1.41E+00         47    47   165  2
  E     1        589     0   1   6.12E-02        399   399
  F     1        590     0   4   4.37E-01        157   157    95  2
  F     1        591     0   4   3.89E-01        358   358   137  0
  F     1        592     0   2   1.01E+00        130   130   126  2
  F     1        593     0   2   1.74E+00        338   338   117  2
  F     1        594     0   1   1.40E+00        128   128   164  2
  F     1        595     0   3   1.28E+00        165   165   165  1
  F     1        596     0   4   5.80E-01        171   171   113  2
  F     1        597     0   4   6.86E-01        371   371   107  1
  F     1        598     0   4   4.85E-02        236   236    63  1
  F     1        599     0   1   1.10E+00        394   394   108  0
  F     1        600     0   4   1.47E-01        321   321    90  1
  F     1        601     0   4   2.88E-01        102   102     6  0
  F     1        602     0   4   1.94E-01        254   254    15  1
  F     1        603     0   4   9.53E-01          0     0   152  0
  E     1        604     0   1   9.24E-03        263   263
  F     1        605     0   2   1.29E+00        348   348    88  1
  F     1        606     0   4   2.19E-02        139   139   137  1
  F     1        607     0   4   6.06E-02        249   249   122  2
  E     1        608     0   1   3.67E-01        270   270
  F     1        609     0   4   1.16E-01         40    40   104  1
  E     1        610     0   1   1.31E-01        330   330
  F     1        611     0   1   2.79E+00         62    62    86  0
  E     1        612     0   1   1.21E-01        449   449
  F     1        613     0   4   2.43E-01        266   266    43  2
  F     1        614     0   4   2.99E-01        170   170   165  2
  F     1        615     0   4   4.52E-01         64    64    64  1
  E     1        616     0   1   1.06E+00          7     7
  F     1        617     0   4   2.96E-01        243   243   115  2
  F     1        618     0   4   1.98E-01        303   303   108  0
  F     1        619     0   4   8.03E-01        192   192    48  2
  F     1        620     0   1   1.70E+00        343   343   154  0
  F     1        621     0   4   7.76E-01        273   273     8  0
  F     1        622     0   4   5.09E-01        229   229    75  1
  F     1        623     0   4   6.07E-01        364   364    74  2
  F     1        624     0   4   1.69E-01        372   372   120  0
  E     1        625     0   1   2.46E-03        364   364
  F     1        626     0   2   1.65E+00         82    82    50  1
  F     1        627     0   4   7.62E-01        265   265    71  2
  F     1        628     0   1   1.29E+00        188   188    83  0
  E     1        629     0   1   2.24E-03        136   136
  F     1        630     0   4   5.13E-03        243   243    78  1
  F     1        631     0   1   1.59E+00         68    68    74  0
  F     1        632     0   3   2.15E+00        370   370    90  0
  F     1        633     0   4   2.43E-01        233   233   161  0
  E     1        634     0   1   8.30E-02        397   397
  F     1        635     0   1   1.13E+00         70    70    12  0
  F     1        636     0   4   4.54E-01        113   113   152  1
  F     1        637     0   4   6.43E-01        378   378   158  2
  F     1        638     0   4   1.04E-01        287   287     5  2
  E     1        639     0   1   8.44E-02        360   360
  E     1        640     0   1   3.37E-01        129   129
  F     1        641     0   4   3.78E-01          0     0    58  0
  F     1        642     0   2   1.62E+00         20    20   103  0
  F     1        643     0   4   3.95E-01        380   380    57  2
  F     1        644     0   4   1.41E-01        269   269    88  0
  F     1        645     0   4   3.79E-01          6     6   140  1
  F     1        646     0   4   1.50E-01        354   354   141  0
  F     1        647     0   4   8.42E-02        126   126    43  2
  F     1        648     0   2   1.06E+00         95    95    59  2
  F     1        649     0   4   3.25E-02        273   273    12  2
  F     1        650     0   2   2.42E+00        192   192    96  0
  F     1        651     0   4   2.53E-01        328   328    84  1
  E     1        652     0   1   7.01E-01        435   435
  F     1        653     0   3   1.25E+00        234   234   160  2
  F     1        654     0   3   1.84E+00        171   171   128  2
  F     1        655     0   1   1.33E+00        185   185     0  1
  F     1        656     0   4   3.14E-02        372   372    32  2
  F     1        657     0   4   4.05E-02        265   265   158  1
  F     1        658     0   1   2.09E+00         14    14   160  1
  F     1        659     0   4   1.15E-01        352   352    13  1
  F     1        660     0   4   1.06E-02        338   338   140  0
  F     1        661     0   2   1.04E+00        176   176    92  2
  F     1        662     0   4   6.46E-02        294   294    12  1
  F     1        663     0   4   5.57E-02        393   393    20  0
  F     1        664     0   4   2.30E-01        103   103    46  2
  F     1        665     0   4   5.87E-01        132   132    61  1
  E     1        666     0   1   7.86E-01        143   143
  F     1        667     0   4   3.10E-02        238   238   129  0
  F     1        668     0   2   1.32E+00        261   261    48  0
  F     1        669     0   4   1.24E-01        342   342    88  1
  E     1        670     0   1   2.98E-01        289   289
  F     1        671     0   4   2.16E-01        353   353    77  0
  F     1        672     0   4   7.93E-01        123   123    39  2
  F     1        673     0   4   4.90E-01        294   294    24  1
  F     1        674     0   2   1.14E+00        264   264    83  1
  F     1        675     0   2   1.27E+00        304   304   120  0
  F     1        676     0   3   2.03E+00         22    22    66  2
  F     1        677     0   4   7.49E-01        312   312   124  1
  F     1        678     0   4   7.81E-01        168   168   167  0
  F     1        679     0   4   4.02E-01        113   113   158  2
  F     1        680     0   4   1.32E-01        325   325   144  2
  E     1        681     0   1   1.24E-01        203   203
  E     1        682     0   1   2.86E-01        183   183
  F     1        683     0   4   6.09E-01        351   351     9  0
  E     1        684     0   1   3.05E+00        471   471
  F     1        685     0   4   3.58E-01        250   250   152  1
  F     1        686     0   1   1.85E+00         19    19   106  2
  F     1        687     0   3   1.14E+00        274   274    13  1
  F     1        688     0   4   5.17E-01        106   106   123  0
  F     1        689     0   4   6.16E-01        251   251    47  1
  F     1        690     0   1   1.04E+00        264   264    15  2
  F     1        691     0   4   3.03E-01        461   461     6  1
  E     1        692     0   1   1.75E-01        228   228
  F     1        693     0   4   5.78E-01        222   222   138  2
  F     1        694     0   4   1.01E-01        358   358    70  2
  F     1        695     0   4   3.15E-01        258   258    59  0
  F     1        696     0   4   1.33E-01         43    43   154  2
  F     1        697     0   4   8.20E-02         71    71    75  0
  F     1        698     0   4   4.11E-01        320   320    59  1
  E     1        699     0   1   5.45E-04        311   311
  F     1        700     0   4   2.27E-01        327   327   123  0
  F     1        701     0   2   1.14E+00        264   264   124  1
  E     1        702     0   1   1.23E+00        276   276
  E     1        703     0   1   6.02E-01        316   316
  F     1        704     0   1   1.17E+00         31    31   138  2
  F     1        705     0   4   4.34E-01        374   374    55  1
  F     1        706     0   3   1.15E+00        253   253    86  1
  F     1        707     0   1   1.32E+00        317   317   147  1
  F     1        708     0   1   1.21E+00        377   377    80  1
  F     1        709     0   4   1.94E-01         17    17   110  0
  F     1        710     0   4   6.62E-01         68    68   163  1
  F     1        711     0   4   4.01E-01        376   376   100  0
  F     1        712     0   2   1.36E+00        236   236    38  2
  F     1        713     0   4   3.26E-01        399   399    42  1
  F     1        714     0   3   1.17E+00         64    64   107  0
  F     1        715     0   1   1.07E+00        348   348    89  0
  F     1        716     0   4   3.37E-01        140   140   138  1
  E     1        717     0   1   6.24E-01        290   290
  F     1        718     0   4   2.06E-01        215   215   155  2
  F     1        719     0   4   3.71E-01         66    66   157  0
  F     1        720     0   4   1.27E-01         74    74    51  0
  F     1        721     0   4   2.31E-01        115   115     8  2
  E     1        722     0   1   2.89E+00        470   470
  E     1        723     0   1   2.44E-01         99    99
  F     1        724     0   1   2.34E+00         20    20   159  1
  F     1        725     0   4   4.29E-01         57    57    68  0
  F     1        726     0   3   1.11E+00        205   205   155  1
  F     1        727     0   4   6.37E-01         41    41    87  1
  F     1        728     0   4   4.61E-01          2     2    13  1
  F     1        729     0   4   4.60E-01        247   247    85  1
  F     1        730     0   2   1.26E+00        242   242   127  0
  F     1        731     0   4   4.66E-01        125   125    94  2
  F     1        732     0   4   1.84E-01        107   107    97  0
  F     1        733     0   4   1.50E-01        180   180   138  2
  F     1        734     0   2   1.03E+00        367   367    98  1
  F     1        735     0   1   1.96E+00        222   222   149  1
  F     1        736     0   4   3.86E-02        215   215   128  1
  F     1        737     0   4   4.48E-01        329   329    28  0
  F     1        738     0   2   1.66E+00          3     3   165  1
  F     1        739     0   4   8.70E-01        225   225    98  1
  F     1        740     0   4   1.16E-01        371   371   146  2
  F     1        741     0   1   1.29E+00        111   111    97  2
  F     1        742     0   3   1.04E+00        325   325   128  2
  F     1        743     0   3   1.29E+00        367   367   143  2
  E     1        744     0   1   1.40E-01        132   132
  F     1        745     0   4   1.26E-01         17    17    97  2
  F     1        746     0   4   8.72E-01        395   395    53  2
  F     1        747     0   4   7.98E-01        311   311    24  2
  F     1        748     0   1   1.02E+00        330   330   162  2
  F     1        749     0   1   2.72E+00         54    54   137  0
  F     1        750     0   1   8.33E+00        399   399   137  1
  F     1        751     0   4   1.18E-01        281   281    28  0
  F     1        752     0   4   4.25E-01        337   337    32  1
  F     1        753     0   3   1.66E+00        202   202    59  0
  F     1        754     0   4   4.12E-03        391   391   133  2
  F     1        755     0   4   8.92E-01        355   355   104  1
  F     1        756     0   1   1.23E+00        215   215    68  0
  F     1        757     0   4   1.58E-01         31    31    16  1
  F     1        758     0   1   2.21E+00         51    51   167  0
  F     1        759     0   4   4.09E-01        172   172    50  1
  F     1        760     0   3   1.74E+00        338   338   143  2
  F     1        761     0   4   9.31E-01         63    63    28  2
  F     1        762     0   2   1.07E+00        167   167    91  2
  F     1        763     0   4   3.17E-01         55    55    77  2
  E     1        764     0   1   4.51E-01        307   307
  F     1        765     0   2   1.21E+00        467   467    15  1
  F     1        766     0   3   1.18E+00        147   147   151  1
  E     1        767     0   1   6.05E-01        291   291
  F     1        768     0   2   1.01E+00        215   215   104  0
  F     1        769     0   4   8.13E-01         75    75    93  0
  F     1        770     0   4   9.01E-01        354   354    83  2
  F     1        771     0   4   1.37E-02        293   293    53  1
  F     1        772     0   1   1.26E+00         31    31    94  2
  F     1        773     0   4   1.06E-01        189   189    66  0
  F     1        774     0   2   1.39E+00        183   183    74  0
  F     1        775     0   2   1.89E+00        493   493     7  0
  F     1        776     0   4   3.39E-01         94    94   136  2
  F     1        777     0   4   9.09E-01        359   359    38  1
  E     1        778     0   1   4.85E-01        108   108
  F     1        779     0   4   2.47E-01        322   322    51  0
  F     1        780     0   4   1.49E-01        321   321   110  1
  F     1        781     0   1   1.58E+00         32    32   137  1
  F     1        782     0   2   1.41E+00        188   188   147  1
  F     1        783     0   1   1.07E+00        263   263    87  2
  F     1        784     0   4   9.47E-01        353   353    97  2
  F     1        785     0   3   1.11E+00         31    31     0  0
  F     1        786     0   4   9.09E-01        290   290   140  2
  E     1        787     0   1   1.26E+00         27    27
  F     1        788     0   4   2.20E-01        271   271    14  2
  E     1        789     0   1   8.52E-01        163   163
  F     1        790     0   1   1.56E+00         29    29    96  0
  F     1        791     0   4   6.46E-01        121   121    38  0
  E     1        792     0   1   7.53E-01        281   281
  F     1        793     0   4   5.39E-01         72    72    71  0
  F     1        794     0   1   1.09E+00        394   394   133  1
  F     1        795     0   3   1.25E+00        389   389    63  0
  F     1        796     0   4   2.62E-01        154   154   121  2
  F     1        797     0   3   1.40E+00        294   294    64  2
  E     1        798     0   1   4.32E-01        188   188
  E     1        799     0   1   9.53E-02        118   118
  F     1        800     0   1   1.08E+00         70    70    99  2
  E     1        801     0   1   6.80E-01        167   167
  F     1        802     0   2   1.30E+00        371   371    75  2
  E     1        803     0   1   2.53E-01        124   124
  F     1        804     0   1   1.34E+00        148   148    71  0
  F     1        805     0   4   2.38E-01        127   127    93  2
  F     1        806     0   1   1.65E+00        135   135    17  0
  F     1        807     0   3   1.14E+00        316   316    54  0
  F     1        808     0   4   4.36E-01        173   173    41  2
  E     1        809     0   1   1.58E-01        304   304
  F     1        810     0   4   6.56E-01        228   228    60  0
  F     1        811     0   3   1.79E+00          4     4   142  2
  F     1        812     0   4   1.82E-01        376   376    13  1
  F     1        813     0   4   1.15E-01        290   290    90  2
  F     1        814     0   1   1.25E+00        125   125   152  1
  F     1        815     0   1   1.23E+00        379   379    71  0
  F     1        816     0   4   3.45E-01        144   144   117  1
  F     1        817     0   1   1.90E+00        346   346   155  1
  F     1        818     0   4   5.46E-01         76    76   155  0
  F     1        819     0   4   1.17E-01         26    26   153  2
  F     1        820     0   3   2.62E+00          9     9   149  1
  F     1        821     0   1   1.66E+00        327   327    70  1
  E     1        822     0   1   1.53E+00        165   165
  F     1        823     0   4   4.46E-01         57    57    10  2
  F     1        824     0   1   1.28E+00        304   304   106  0
  F     1        825     0   3   1.31E+00        141   141   110  1
  F     1        826     0   4   3.38E-01         15    15    83  2
  F     1        827     0   3   1.21E+00        362   362   164  1
  E     1        828     0   1   2.28E-01         76    76
  F     1        829     0   2   1.16E+00        280   280   140  1
  E     1        830     0   1   5.85E-01        249   249
  F     1        831     0   3   1.33E+00        334   334   100  0
  F     1        832     0   4   6.33E-01        276   276   129  0
  F     1        833     0   1   1.72E+00         56    56    55  1
  E     1        834     0   1   4.22E+00        436   436
  E     1        835     0   1   1.09E+00        494   494
  F     1        836     0   3   1.60E+00        374   374    86  1
  F     1        837     0   4   9.30E-02        314   314   124  1
  F     1        838     0   1   2.32E+00         33    33   155  2
  F     1        839     0   4   8.24E-01        318   318    53  0
  F     1        840     0   3   1.83E+00         12    12    50  1
  F     1        841     0   3   1.40E+00        258   258   157  2
  F     1        842     0   4   2.29E-01        178   178    40  1
  F     1        843     0   4   4.13E-01        118   118    80  2
  F     1        844     0   4   7.02E-01        202   202    64  2
  F     1        845     0   1   2.08E+00        240   240   104  2
  F     1        846     0   2   1.08E+00        221   221    70  2
  F     1        847     0   1   1.57E+00        233   233   100  1
  F     1        848     0   2   1.28E+00         13    13   105  0
  F     1        849     0   4   2.44E-01        334   334    17  1
  E     1        850     0   1   4.46E-01        273   273
  F     1        851     0   2   1.02E+00         53    53    17  1
  F     1        852     0   4   1.39E-02        341   341   108  1
  E     1        853     0   1   4.72E-01        190   190
  F     1        854     0   3   1.01E+00         38    38    74  2
  F     1        855     0   3   2.41E+00        400   400    14  1
  F     1        856     0   4   3.87E-01         36    36    13  2
  F     1        857     0   3   1.38E+00        415   415    15  1
  E     1        858     0   1   3.06E-01         98    98
  F     1        859     0   4   2.30E-01        461   461     3  1
  F     1        860     0   1   1.11E+00        380   380    23  0
  F     1        861     0   4   8.63E-01        300   300     0  1
  F     1        862     0   1   1.08E+00        335   335   113  2
  F     1        863     0   4   9.85E-01         17    17    61  0
  F     1        864     0   4   6.65E-01        277   277     0  2
  F     1        865     0   3   1.97E+00        429   429    18  1
  F     1        866     0   1   1.90E+00         48    48   164  2
  F     1        867     0   2   1.08E+00        200   200    72  2
  F     1        868     0   4   3.19E-01        137   137    25  0
  F     1        869     0   3   1.43E+00        270   270   144  0
  E     1        870     0   1   1.24E+00        417   417
  F     1        871     0   1   1.48E+00         70    70   149  2
  E     1        872     0   1   4.17E-01        151   151
  F     1        873     0   4   1.93E-01        113   113    90  0
  F     1        874     0   4   4.63E-01         56    56   166  2
  E     1        875     0   1   2.62E-01        407   407
  F     1        876     0   4   7.34E-01         98    98   127  2
  F     1        877     0   2   1.19E+00        461   461     5  1
  F     1        878     0   3   3.09E+00         37    37   136  2
  F     1        879     0   1   1.56E+00        128   128   109  1
  F     1        880     0   3   1.11E+00        192   192    63  0
  F     1        881     0   4   2.86E-01        259   259    56  2
  F     1        882     0   4   2.51E-01        120   120   127  1
  F     1        883     0   4   4.73E-01        115   115   161  0
  F     1        884     0   4   5.83E-01        128   128   140  1
  F     1        885     0   4   8.85E-01        289   289    79  2
  F     1        886     0   4   9.70E-01        211   211    48  1
  F     1        887     0   4   3.87E-01        188   188    66  2
  E     1        888     0   1   6.91E-01        223   223
  F     1        889     0   2   1.16E+00        389   389   122  0
  F     1        890     0   1   1.01E+00        260   260    28  2
  E     1        891     0   1   1.17E-01        147   147
  F     1        892     0   4   9.33E-01        205   205   154  1
  F     1        893     0   4   8.15E-01        261   261    63  0
  F     1        894     0   3   1.14E+00        268   268    56  0
  F     1        895     0   4   6.03E-01        398   398    24  1
  F     1        896     0   4   2.57E-01        390   390    17  1
  F     1        897     0   2   2.42E+00        272   272   162  1
  F     1        898     0   4   1.44E-01        310   310    81  0
  F     1        899     0   2   1.02E+00        124   124    70  1
  E     1        900     0   1   1.10E+00        440   440
  F     1        901     0   4   5.55E-01        390   390     6  1
  F     1        902     0   4   7.19E-01        231   231   146  1
  F     1        903     0   4   1.92E-01        263   263   160  1
  F     1        904     0   3   1.06E+00        318   318    61  2
  F     1        905     0   4   1.11E-01        227   227   157  2
  F     1        906     0   2   1.16E+00        185   185   131  1
  E     1        907     0   1   6.88E-01         28    28
  F     1        908     0   1   1.17E+00        485   485     0  0
  F     1        909     0   4   7.57E-01        232   232    98  2
  E     1        910     0   1   8.83E-01         33    33
  F     1        911     0   4   7.11E-02        219   219    15  1
  F     1        912     0   3   1.03E+00        129   129    21  0
  F     1        913     0   1   1.23E+00         98    98    38  1
  E     1        914     0   1   1.21E-01        240   240
  E     1        915     0   1   5.25E-01        248   248
  E     1        916     0   1   6.20E-01        214   214
  F     1        917     0   4   6.71E-01        108   108   155  0
  E     1        918     0   1   2.09E+00        489   489
  F     1        919     0   3   1.97E+00        121   121   164  2
  F     1        920     0   4   2.94E-01        193   193    87  1
  E     1        921     0   1   1.36E+00        444   444
  F     1        922     0   2   2.67E+00         47    47   167  2
  F     1        923     0   4   7.29E-01        310   310    16  0
  F     1        924     0   1   1.32E+00         81    81    63  2
  F     1        925     0   4   6.55E-01        194   194    55  0
  E     1        926     0   1   3.44E-01        191   191
  E     1        927     0   1   2.44E-01        219   219
  F     1        928     0   4   8.75E-01        120   120    32  2
  E     1        929     0   1   6.24E-01        414   414
  F     1        930     0   4   9.47E-02        295   295    70  2
  F     1        931     0   4   4.47E-02         10    10    68  0
  E     1        932     0   1   6.29E-02        200   200
  F     1        933     0   4   2.75E-01        178   178    77  0
  E     1        934     0   1   4.86E-01         56    56
  F     1        935     0   4   3.64E-02        163   163   134  0
  E     1        936     0   1   8.24E-02        488   488
  F     1        937     0   4   9.55E-02        241   241   119  1
  F     1        938     0   3   2.07E+00         30    30   126  2
  E     1        939     0   1   1.31E-01        299   299
  F     1        940     0   4   2.57E-01        376   376     3  1
  F     1        941     0   3   1.47E+00        340   340    78  1
  F     1        942     0   2   1.63E+00        186   186   144  1
  F     1        943     0   1   1.01E+00        167   167   167  2
  F     1        944     0   4   5.82E-02        322   322   158  0
  F     1        945     0   1   1.53E+00        280   280   151  1
  E     1        946     0   1   1.63E-01        341   341
  E     1        947     0   1   2.67E-01        378   378
  F     1        948     0   4   7.27E-01        114   114   163  1
  F     1        949     0   4   7.12E-01        254   254   164  2
  F     1        950     0   4   1.60E-01        279   279    86  2
  F     1        951     0   4   3.77E-01         29    29   118  0
  F     1        952     0   4   7.88E-01        299   299    33  0
  F     1        953     0   4   1.30E-01         74    74    43  2
  E     1        954     0   1   9.21E-01        217   217
  F     1        955     0   2   2.15E+00        364   364   141  1
  F     1        956     0   4   3.46E-01        379   379    52  1
  F     1        957     0   4   3.98E-01        167   167    50  0
  F     1        958     0   4   2.04E-01        358   358   110  0
  F     1        959     0   4   7.21E-02         30    30   160  1
  F     1        960     0   4   3.97E-02        331   331   152  1
  F     1        961     0   4   8.05E-01        289   289    31  0
  F     1        962     0   4   2.29E-01         20    20   140  1
  F     1        963     0   3   1.35E+00        245   245   130  2
  F     1        964     0   4   1.08E-01        385   385    44  0
  E     1        965     0   1   2.51E+00        473   473
  F     1        966     0   4   8.89E-01        415   415    13  0
  F     1        967     0   3   1.21E+00        316   316   153  0
  F     1        968     0   3   1.17E+00        274   274    94  2
  F     1        969     0   2   1.27E+00        244   244   134  0
  E     1        970     0   1   1.39E-02         37    37
  F     1        971     0   4   3.88E-01         11    11    35  2
  F     1        972     0   4   4.71E-01        352   352    20  2
  F     1        973     0   1   1.49E+00        261   261    93  0
  E     1        974     0   1   1.95E-01        237   237
  E     1        975     0   1   6.79E-02        232   232
  E     1        976     0   1   1.75E-01        308   308
  F     1        977     0   4   2.81E-01         69    69   119  1
  F     1        978     0   1   1.83E+00          9     9    14  1
  F     1        979     0   2   1.59E+00        192   192    63  1
  E     1        980     0   1   2.65E-01        258   258
  F     1        981     0   4   2.05E-01        238   238     2  2
  F     1        982     0   3   1.33E+00        217   217   122  2
  F     1        983     0   2   1.25E+00        147   147   162  1
  F     1        984     0   4   3.94E-01         38    38   167  2
  F     1        985     0   4   8.24E-01         51    51   106  1
  E     1        986     0   1   5.44E-01         71    71
  F     1        987     0   4   3.86E-01         13    13    85  0
  F     1        988     0   4   2.85E-01         23    23   161  2
  F     1        989     0   4   3.70E-02        189   189    87  0
  F     1        990     0   4   4.43E-01        400   400     2  1
  F     1        991     0   4   6.53E-03        215   215    51  1
  E     1        992     0   1   2.64E-02        255   255
  F     1        993     0   4   8.02E-02        364   364   122  1
  E     1        994     0   1   9.10E-02        135   135
  F     1        995     0   3   1.11E+00        136   136    94  2
  F     1        996     0   1   1.31E+00        277   277     5  2
  F     1        997     0   4   8.61E-01         98    98    59  0
  F     1        998     0   4   2.98E-01        189   189    17  2
  F     1        999     0   4   4.07E-02        157   157    35  2
  F     1       1000     0   4   4.84E-02        210   210    71  1
  F     1       1001     0   4   1.32E-01        310   310    87  1
  F     1       1002     0   2   1.14E+00        267   267    93  1
  F     1       1003     0   4   3.57E-01        272   272    84  1
  E     1       1004     0   1   1.89E-01         95    95
  F     1       1005     0   1   1.02E+00        396   396    16  1
  F     1       1006     0   4   2.86E-02         90    90    31  2
  F     1       1007     0   4   8.98E-01        361   361   113  0
  F     1       1008     0   4   5.61E-01         88    88    53  2
  F     1       1009     0   4   3.99E-01        395   395    89  1
  F     1       1010     0   2   1.62E+00        189   189    53  0
  F     1       1011     0   4   3.43E-02        459   459     2  1
  F     1       1012     0   4   4.52E-01        406   406    11  0
  F     1       1013     0   2   1.47E+00         30    30   163  0
  F     1       1014     0   1   2.21E+00        117   117    83  2
  E     1       1015     0   1   1.89E-01        102   102
  F     1       1016     0   4   1.49E-01        394   394   167  0
  F     1       1017     0   4   9.11E-02          8     8    71  0
  E     1       1018     0   1   9.72E-01        491   491
  F     1       1019     0   1   1.14E+00         48    48    79  0
  F     1       1020     0   2   1.49E+00         39    39    75  0
  F     1       1021     0   4   6.06E-02        170   170    65  1
  E     1       1022     0   1   1.61E-01        332   332
  F     1       1023     0   3   1.53E+00        182   182    70  0
  F     1       1024     0   3   2.12E+00        338   338   162  0
  F     1       1025     0   4   4.09E-01        121   121    29  1
  F     1       1026     0   3   1.10E+00        190   190   104  0
  F     1       1027     0   4   1.99E-01        205   205    73  0
  F     1       1028     0   4   3.06E-01        310   310    22  2
  F     1       1029     0   1   2.01E+00          3     3   109  2
  F     1       1030     0   1   1.06E+00        466   466    19  0
  F     1       1031     0   2   1.15E+00        213   213   123  1
  E     1       1032     0   1   3.96E-01        319   319
  F     1       1033     0   4   3.04E-01        281   281    77  2
  F     1       1034     0   4   7.39E-01        274   274    55  1
  F     1       1035     0   4   4.21E-01         49    49   122  2
  F     1       1036     0   4   7.63E-01        128   128   163  2
  F     1       1037     0   1   1.19E+00         38    38    90  0
  F     1       1038     0   4   1.10E-01        355   355    55  1
  F     1       1039     0   1   1.13E+00        299   299   120  0
  F     1       1040     0   2   1.07E+00        264   264    85  1
  F     1       1041     0   4   2.82E-01        280   280    18  2
  F     1       1042     0   4   7.35E-01        364   364    76  1
  E     1       1043     0   1   8.68E-01        393   393
  E     1       1044     0   1   8.92E-03        374   374
  E     1       1045     0   1   3.88E-01        329   329
  E     1       1046     0   1   3.08E-01         87    87
  E     1       1047     0   1   3.28E-01        363   363
  F     1       1048     0   4   2.94E-01        218   218    15  2
  F     1       1049     0   4   2.67E-01        388   388    27  2
  F     1       1050     0   4   3.05E-01        389   389   143  2
  F     1       1051     0   4   1.14E-01         13    13    64  1
  F     1       1052     0   3   1.21E+00        270   270   113  2
  F     1       1053     0   1   1.21E+00         22    22    70  1
  F     1       1054     0   1   1.15E+00        353   353   119  2
  F     1       1055     0   1   1.26E+00        430   430    16  0
  F     1       1056     0   2   1.24E+00        215   215   130  1
  E     1       1057     0   1   2.31E-01        252   252
  F     1       1058     0   1   1.62E+00        102   102    51  0
  F     1       1059     0   3   2.21E+00         28    28   158  2
  F     1       1060     0   1   1.22E+00        394   394    76  0
  F     1       1061     0   2   1.29E+00        361   361    34  0
  F     1       1062     0   4   1.53E-01        351   351    12  2
  F     1       1063     0   3   1.38E+00         68    68   145  0
  F     1       1064     0   4   4.07E-01        237   237   107  1
  E     1       1065     0   1   6.54E-01        230   230
  F     1       1066     0   4   2.85E-02        146   146    69  0
  F     1       1067     0   3   1.02E+00        392   392   154  0
  F     1       1068     0   3   1.74E+00          8     8    88  2
  F     1       1069     0   4   7.12E-01        213   213    75  0
  F     1       1070     0   4   7.08E-01         72    72   105  2
  F     1       1071     0   4   1.66E-01        242   242    67  1
  F     1       1072     0   4   3.11E-01        117   117     2  0
  F     1       1073     0   4   6.87E-01        381   381   113  1
  F     1       1074     0   4   5.80E-01        345   345    92  2
  F     1       1075     0   4   2.98E-02        152   152    87  1
  F     1       1076     0   4   1.78E-01        158   158     5  0
  F     1       1077     0   4   3.48E-02        163   163   138  0
  F     1       1078     0   2   3.45E+00        227   227   150  1
  F     1       1079     0   4   6.38E-01        194   194   106  2
  E     1       1080     0   1   1.34E+00        155   155
  E     1       1081     0   1   3.17E-01        305   305
  E     1       1082     0   1   6.90E-02         32    32
  F     1       1083     0   4   3.53E-01        283   283    68  0
  F     1       1084     0   4   2.45E-01        119   119   100  1
  F     1       1085     0   1   1.32E+00        195   195   116  2
  F     1       1086     0   3   1.02E+00         87    87    86  1
  F     1       1087     0   4   7.36E-01        312   312    53  1
  E     1       1088     0   1   3.85E-01        233   233
  F     1       1089     0   4   2.92E-01         63    63    76  2
  F     1       1090     0   4   7.68E-01        163   163    92  2
  F     1       1091     0   3   1.06E+00        287   287   125  0
  F     1       1092     0   4   8.30E-01         22    22   110  0
  E     1       1093     0   1   1.64E-01         41    41
  F     1       1094     0   4   3.83E-02        196   196    81  1
  E     1       1095     0   1   4.46E-03        293   293
  F     1       1096     0   4   2.49E-01        304   304    94  1
  E     1       1097     0   1   2.13E-01        244   244
  F     1       1098     0   4   7.49E-02        207   207    84  1
  F     1       1099     0   3   1.01E+00        310   310   162  2
  F     1       1100     0   3   1.19E+00        335   335   103  2
  F     1       1101     0   4   5.12E-02        279   279    63  1
  F     1       1102     0   4   6.28E-01        198   198    64  2
  F     1       1103     0   4   7.47E-02        372   372   151  2
  E     1       1104     0   1   5.74E-01        207   207
  E     1       1105     0   1   6.95E-01        137   137
  F     1       1106     0   4   6.21E-02        342   342    91  2
  F     1       1107     0   4   1.89E-01        265   265    63  1
  F     1       1108     0   2   1.38E+00        244   244   162  2
  F     1       1109     0   4   4.96E-01        253   253   122  1
  E     1       1110     0   1   3.82E-02        127   127
  F     1       1111     0   4   5.45E-01        335   335    87  2
  E     1       1112     0   1   1.63E-01        391   391
  E     1       1113     0   1   9.74E-02        279   279
  F     1       1114     0   1   1.16E+00         27    27    96  1
  F     1       1115     0   1   1.33E+00        247   247    76  2
  F     1       1116     0   1   1.11E+00         89    89    76  2
  F     1       1117     0   2   1.33E+00        359   359    94  2
  F     1       1118     0   4   4.17E-01        205   205   102  0
  F     1       1119     0   3   2.36E+00        391   391    49  1
  F     1       1120     0   4   6.88E-01        122   122   143  0
  F     1       1121     0   4   1.29E-01         72    72   158  2
  F     1       1122     0   1   2.72E+00        233   233   162  0
  F     1       1123     0   4   2.26E-01        229   229   136  1
  F     1       1124     0   4   5.09E-02        224   224   157  0
  F     1       1125     0   4   5.05E-02        261   261   158  1
  F     1       1126     0   4   2.20E-01        306   306    86  0
  F     1       1127     0   4   7.81E-01         61    61   141  1
  F     1       1128     0   4   8.81E-02        384   384    58  0
  F     1       1129     0   1   2.15E+00        233   233   146  0
  F     1       1130     0   1   1.97E+00        463   463    10  1
  E     1       1131     0   1   3.90E+00        479   479
  F     1       1132     0   4   5.82E-02        221   221    71  0
  F     1       1133     0   4   7.96E-01        286   286    34  0
  F     1       1134     0   4   5.70E-01        105   105   140  0
  F     1       1135     0   4   2.44E-01        373   373    31  0
  E     1       1136     0   1   1.01E+00        468   468
  F     1       1137     0   3   1.84E+00        287   287    76  1
  F     1       1138     0   1   1.37E+00        170   170    71  2
  F     1       1139     0   4   2.17E-01         68    68    15  2
  F     1       1140     0   2   1.17E+00        320   320   128  1
  F     1       1141     0   1   1.83E+00        133   133   101  1
  E     1       1142     0   1   9.00E-01        499   499
  F     1       1143     0   2   1.19E+00        285   285    90  0
  F     1       1144     0   2   1.31E+00        369   369    78  2
  F     1       1145     0   4   7.98E-02        237   237   105  2
  F     1       1146     0   3   1.10E+00          5     5   166  1
  F     1       1147     0   2   1.14E+00        356   356   128  1
  F     1       1148     0   4   6.39E-01        478   478     4  0
  E     1       1149     0   1   4.68E-02        198   198
  F     1       1150     0   4   8.96E-01        384   384    86  2
  F     1       1151     0   3   1.18E+00        352   352   119  2
  E     1       1152     0   1   1.72E-01        157   157
  F     1       1153     0   4   2.85E-01        132   132    94  0
  F     1       1154     0   4   2.79E-01        173   173    46  1
  F     1       1155     0   2   2.45E+00         98    98   123  1
  F     1       1156     0   4   3.38E-01        306   306   114  0
  E     1       1157     0   1   8.18E-01        303   303
  F     1       1158     0   4   2.73E-01        275   275    42  2
  F     1       1159     0   4   6.65E-01        221   221   104  1
  F     1       1160     0   2   1.46E+00        124   124    77  0
  F     1       1161     0   4   1.54E-02        193   193   122  2
  F     1       1162     0   4   2.81E-01        271   271    94  2
  F     1       1163     0   1   1.24E+00        392   392   107  0
  F     1       1164     0   4   1.43E-01         70    70    17  1
  F     1       1165     0   3   1.09E+00        183   183    37  0
  F     1       1166     0   4   4.92E-01         82    82    69  2
  F     1       1167     0   3   2.40E+00        124   124    83  0
  F     1       1168     0   4   5.18E-01        140   140    15  2
  F     1       1169     0   4   4.03E-01         83    83    55  1
  E     1       1170     0   1   2.74E-01        199   199
  F     1       1171     0   4   5.30E-02        371   371    54  1
  E     1       1172     0   1   1.66E-01        166   166
  F     1       1173     0   3   1.49E+00        155   155   120  1
  F     1       1174     0   4   6.30E-01        270   270    83  2
  F     1       1175     0   2   1.57E+00        375   375    99  0
  F     1       1176     0   2   1.20E+00        238   238    55  1
  F     1       1177     0   4   1.75E-01        277   277   149  2
  F     1       1178     0   1   1.59E+00        233   233    68  2
  F     1       1179     0   2   1.14E+00         82    82    99  1
  E     1       1180     0   1   2.07E-02        351   351
  F     1       1181     0   4   1.36E-01        212   212    41  1
  F     1       1182     0   2   1.09E+00         87    87    39  1
  F     1       1183     0   4   2.89E-01        165   165    71  2
  F     1       1184     0   4   6.13E-01         44    44   110  0
  E     1       1185     0   1   1.57E-02        340   340
  F     1       1186     0   3   1.31E+00        385   385    64  1
  F     1       1187     0   2   2.82E+00        151   151    49  2
  F     1       1188     0   1   1.43E+00         57    57    83  1
  F     1       1189     0   4   7.63E-01         64    64     4  0
  F     1       1190     0   4   1.91E-01        376   376    94  1
  F     1       1191     0   4   1.62E-01        371   371   153  1
  F     1       1192     0   3   1.26E+00        305   305    79  2
  F     1       1193     0   4   3.69E-01        395   395    59  0
  F     1       1194     0   4   7.22E-01         55    55   106  2
  F     1       1195     0   4   4.32E-01        212   212   124  1
  F     1       1196     0   3   2.01E+00          8     8    80  1
  F     1       1197     0   1   1.71E+00        196   196   146  1
  F     1       1198     0   4   5.90E-01        487   487    13  2
  F     1       1199     0   2   1.13E+00        224   224    74  1
  F     1       1200     0   2   1.78E+00        368   368   129  0
  E     1       1201     0   1   2.13E+00        446   446
  F     1       1202     0   4   4.48E-01        367   367    28  1
  F     1       1203     0   3   1.82E+00         26    26   135  2
  F     1       1204     0   4   4.47E-01        186   186    45  0
  F     1       1205     0   4   1.80E-01        151   151   120  0
  F     1       1206     0   4   5.81E-01        268   268    19  0
  F     1       1207     0   4   2.01E-01        337   337   129  0
  F     1       1208     0   2   1.39E+00         58    58   120  1
  F     1       1209     0   4   2.07E-01         77    77    68  0
  F     1       1210     0   4   5.15E-02        226   226   162  0
  F     1       1211     0   3   3.00E+00        104   104   146  1
  E     1       1212     0   1   9.25E-01        168   168
  F     1       1213     0   4   1.59E-01        130   130   140  2
  E     1       1214     0   1   8.38E-01        486   486
  F     1       1215     0   4   1.17E-01         18    18   159  2
  F     1       1216     0   1   1.08E+00        326   326   114  1
  F     1       1217     0   2   1.39E+00        186   186   128  2
  F     1       1218     0   2   1.07E+00        281   281   115  0
  E     1       1219     0   1   1.19E-01        356   356
  F     1       1220     0   4   1.88E-01         27    27    91  0
  F     1       1221     0   2   2.25E+00        400   400    12  1
  F     1       1222     0   4   4.53E-01        136   136    79  1
  F     1       1223     0   4   8.71E-01         83    83    39  2
  F     1       1224     0   1   1.57E+00        287   287    85  2
  E     1       1225     0   1   1.28E-01        487   487
  F     1       1226     0   4   5.63E-01        141   141    95  1
  E     1       1227     0   1   3.46E-01         62    62
  F     1       1228     0   1   1.93E+00         58    58    92  1
  F     1       1229     0   4   1.12E-01        277   277    22  2
  F     1       1230     0   4   2.33E-01        291   291    98  1
  F     1       1231     0   3   1.06E+00        214   214   153  1
  F     1       1232     0   4   7.17E-02        114   114    96  2
  F     1       1233     0   3   1.27E+00        316   316     4  0
  F     1       1234     0   4   2.07E-01        219   219    20  0
  F     1       1235     0   4   5.42E-01        162   162    98  1
  F     1       1236     0   4   1.82E-01        371   371   156  0
  E     1       1237     0   1   6.33E-01        125   125
  F     1       1238     0   1   1.48E+00        284   284   123  0
  F     1       1239     0   1   2.94E+00         41    41    51  1
  F     1       1240     0   4   3.38E-01        391   391   142  1
  F     1       1241     0   4   2.21E-01        226   226    33  2
  F     1       1242     0   4   2.38E-01        256   256    19  0
  F     1       1243     0   2   1.33E+00        101   101    64  2
  F     1       1244     0   2   1.40E+00        306   306   115  0
  F     1       1245     0   3   1.06E+00        114   114    50  1
  F     1       1246     0   3   1.55E+00        269   269   105  0
  E     1       1247     0   1   2.86E-01        350   350
  E     1       1248     0   1   2.06E-01        285   285
  F     1       1249     0   1   1.46E+00          7     7   161  0
  E     1       1250     0   1   4.45E-02        373   373
  F     1       1251     0   1   1.43E+00        134   134    86  2
  F     1       1252     0   4   7.63E-01        329   329    43  1
  F     1       1253     0   4   1.60E-01        172   172     8  0
  F     1       1254     0   4   2.60E-01        259   259    48  1
  F     1       1255     0   4   1.22E-01        355   355   156  0
  F     1       1256     0   4   2.62E-01        375   375    95  2
  E     1       1257     0   1   2.72E-01        423   423
  F     1       1258     0   4   1.32E-01         33    33    28  0
  F     1       1259     0   4   1.74E-01         88    88    12  0
  F     1       1260     0   4   9.96E-01        342   342   162  0
  F     1       1261     0   4   1.29E-01        287   287    30  0
  E     1       1262     0   1   2.78E-01        498   498
  E     1       1263     0   1   2.64E+00          2     2
  F     1       1264     0   1   1.08E+00        136   136   165  1
  F     1       1265     0   4   6.03E-01        163   163    73  0
  E     1       1266     0   1   4.65E-01        107   107
  F     1       1267     0   4   5.56E-01        222   222    34  0
  F     1       1268     0   4   4.44E-01        216   216    59  2
  F     1       1269     0   4   2.26E-02        189   189    93  1
  F     1       1270     0   4   8.65E-03        345   345   128  0
  F     1       1271     0   1   1.67E+00        211   211    63  0
  F     1       1272     0   4   4.00E-01         56    56    44  2
  E     1       1273     0   1   2.76E-01        229   229
  F     1       1274     0   3   1.77E+00        394   394   137  2
  F     1       1275     0   4   2.22E-01        370   370    29  0
  F     1       1276     0   4   4.65E-01        183   183   138  1
  E     1       1277     0   1   3.70E-02        403   403
  F     1       1278     0   4   8.38E-01         91    91    48  2
  F     1       1279     0   1   1.14E+00        120   120    76  2
  E     1       1280     0   1   6.27E-01        220   220
  F     1       1281     0   4   1.69E-01        237   237    44  2
  E     1       1282     0   1   2.53E-01        384   384
  F     1       1283     0   1   2.68E+00         58    58   147  1
  E     1       1284     0   1   4.42E-01         49    49
  E     1       1285     0   1   3.77E-01        238   238
  F     1       1286     0   4   1.56E-01        382   382    87  2
  F     1       1287     0   4   4.55E-01        181   181   134  2
  F     1       1288     0   4   3.91E-01         16    16    29  0
  F     1       1289     0   4   8.52E-02        121   121    20  1
  F     1       1290     0   1   1.00E+00        358   358    46  2
  F     1       1291     0   3   1.34E+00        202   202    78  2
  E     1       1292     0   1   8.73E-01        411   411
  F     1       1293     0   4   1.39E-01        190   190   106  2
  F     1       1294     0   4   6.93E-01         58    58   119  1
  F     1       1295     0   4   7.86E-01        216   216    59  0
  F     1       1296     0   4   2.73E-02        162   162    21  0
  F     1       1297     0   4   1.96E-01        170   170   157  0
  F     1       1298     0   1   1.07E+00        447   447    15  1
  F     1       1299     0   4   6.48E-01        204   204    99  0
  F     1       1300     0   4   4.06E-01         26    26    96  0
  F     1       1301     0   2   1.26E+00        259   259   100  1
  F     1       1302     0   1   1.92E+00        249   249   110  0
  F     1       1303     0   4   8.91E-02         98    98    24  2
  F     1       1304     0   4   3.21E-01        124   124    92  0
  F     1       1305     0   4   1.95E-01         97    97    72  2
  E     1       1306     0   1   5.49E-01        456   456
  E     1       1307     0   1   3.73E-01        182   182
  F     1       1308     0   4   1.82E-01          2     2   133  2
  F     1       1309     0   4   7.29E-01        162   162    77  0
  F     1       1310     0   4   5.66E-01        102   102    53  1
  F     1       1311     0   4   9.69E-01         54    54   107  2
  F     1       1312     0   2   1.01E+00         91    91   164  2
  F     1       1313     0   4   2.00E-01        397   397    85  1
  F     1       1314     0   4   3.38E-01        378   378   166  2
  F     1       1315     0   4   5.33E-01        141   141    77  2
  F     1       1316     0   4   1.60E-01        397   397    56  2
  F     1       1317     0   1   1.16E+00        301   301    54  1
  F     1       1318     0   4   9.76E-01        136   136    56  1
  E     1       1319     0   1   3.65E-01        376   376
  F     1       1320     0   1   1.49E+00          9     9    94  0
  F     1       1321     0   4   6.33E-01        299   299    30  1
  F     1       1322     0   1   1.44E+00         19    19    63  0
  F     1       1323     0   1   1.81E+00         81    81   116  0
  E     1       1324     0   1   1.32E-01        474   474
  F     1       1325     0   4   1.18E-01        105   105    38  1
  F     1       1326     0   1   1.74E+00        168   168    36  0
  F     1       1327     0   2   1.11E+00        125   125    78  2
  F     1       1328     0   4   3.51E-02         82    82   129  2
  E     1       1329     0   1   3.98E-03        346   346
  F     1       1330     0   4   2.23E-01        113   113   137  0
  F     1       1331     0   2   1.32E+00        183   183    76  2
  E     1       1332     0   1   9.81E-01        146   146
  E     1       1333     0   1   2.08E-01        278   278
  E     1       1334     0   1   1.78E-01        283   283
  F     1       1335     0   4   7.89E-01        235   235   104  2
  F     1       1336     0   4   1.36E-01         68    68   101  1
  E     1       1337     0   1   2.05E-01        266   266
  F     1       1338     0   4   4.58E-01        180   180    97  0
  F     1       1339     0   2   3.37E+00        321   321   155  2
  F     1       1340     0   1   1.31E+00        261   261   106  0
  E     1       1341     0   1   3.30E-01         53    53
  F     1       1342     0   4   3.58E-02        193   193   147  1
  F     1       1343     0   2   1.01E+00        212   212    92  0
  F     1       1344     0   4   2.00E-01        299   299   121  0
  F     1       1345     0   4   1.33E-01        242   242    73  0
  F     1       1346     0   4   1.64E-01        346   346    43  2
  E     1       1347     0   1   5.67E-01        173   173
